Log file open, 11/23/19 14:27:17
LogWindows: Failed to load 'aqProf.dll' (GetLastError=126)
LogWindows: File 'aqProf.dll' does not exist
LogWindows: Failed to load 'VtuneApi.dll' (GetLastError=126)
LogWindows: File 'VtuneApi.dll' does not exist
LogWindows: Failed to load 'VtuneApi32e.dll' (GetLastError=126)
LogWindows: File 'VtuneApi32e.dll' does not exist
LogConsoleResponse: Display: Failed to find resolution value strings in scalability ini. Falling back to default.
LogInit: Display: Running engine for game: RootsOfShadows
LogPakFile: Registered encryption key '00000000000000000000000000000000': 0 pak files mounted, 0 remain pending
LogPlatformFile: Not using cached read wrapper
LogTaskGraph: Started task graph with 5 named threads and 23 total threads with 3 sets of task threads.
LogStats: Stats thread started at 0.903688
LogD3D11RHI: Loaded GFSDK_Aftermath_Lib.x64.dll
LogICUInternationalization: ICU TimeZone Detection - Raw Offset: -5:00, Platform Override: ''
LogPluginManager: Mounting plugin Paper2D
LogPluginManager: Mounting plugin AISupport
LogPluginManager: Mounting plugin LightPropagationVolume
LogPluginManager: Mounting plugin ActorLayerUtilities
LogPluginManager: Mounting plugin AnimationSharing
LogPluginManager: Mounting plugin CLionSourceCodeAccess
LogPluginManager: Mounting plugin CodeLiteSourceCodeAccess
LogPluginManager: Mounting plugin GitSourceControl
LogPluginManager: Mounting plugin KDevelopSourceCodeAccess
LogPluginManager: Mounting plugin NullSourceCodeAccess
LogPluginManager: Mounting plugin PerforceSourceControl
LogPluginManager: Mounting plugin SubversionSourceControl
LogPluginManager: Mounting plugin UObjectPlugin
LogPluginManager: Mounting plugin VisualStudioCodeSourceCodeAccess
LogPluginManager: Mounting plugin VisualStudioSourceCodeAccess
LogPluginManager: Mounting plugin XCodeSourceCodeAccess
LogPluginManager: Mounting plugin AssetManagerEditor
LogPluginManager: Mounting plugin CryptoKeys
LogPluginManager: Mounting plugin DataValidation
LogPluginManager: Mounting plugin FacialAnimation
LogPluginManager: Mounting plugin GameplayTagsEditor
LogPluginManager: Mounting plugin MacGraphicsSwitching
LogPluginManager: Mounting plugin MaterialAnalyzer
LogPluginManager: Mounting plugin MobileLauncherProfileWizard
LogPluginManager: Mounting plugin PluginBrowser
LogPluginManager: Mounting plugin SpeedTreeImporter
LogPluginManager: Mounting plugin DatasmithContent
LogPluginManager: Mounting plugin VariantManagerContent
LogPluginManager: Mounting plugin AlembicImporter
LogPluginManager: Mounting plugin AppleImageUtils
LogPluginManager: Mounting plugin AppleVision
LogPluginManager: Mounting plugin BackChannel
LogPluginManager: Mounting plugin CharacterAI
LogPluginManager: Mounting plugin GeometryCache
LogPluginManager: Mounting plugin HTML5Networking
LogPluginManager: Mounting plugin ProxyLODPlugin
LogPluginManager: Mounting plugin SkeletalReduction
LogPluginManager: Mounting plugin MagicLeap
LogPluginManager: Mounting plugin MagicLeapMedia
LogPluginManager: Mounting plugin AndroidMedia
LogPluginManager: Mounting plugin AvfMedia
LogPluginManager: Mounting plugin ImgMedia
LogPluginManager: Mounting plugin LinearTimecode
LogPluginManager: Mounting plugin MediaCompositing
LogPluginManager: Mounting plugin MediaPlayerEditor
LogPluginManager: Mounting plugin WebMMedia
LogPluginManager: Mounting plugin WmfMedia
LogPluginManager: Mounting plugin TcpMessaging
LogPluginManager: Mounting plugin UdpMessaging
LogPluginManager: Mounting plugin ActorSequence
LogPluginManager: Mounting plugin LevelSequenceEditor
LogPluginManager: Mounting plugin MatineeToLevelSequence
LogPluginManager: Mounting plugin NetcodeUnitTest
LogPluginManager: Mounting plugin NUTUnrealEngine4
LogPluginManager: Mounting plugin OnlineSubsystemGooglePlay
LogPluginManager: Mounting plugin OnlineSubsystemIOS
LogPluginManager: Mounting plugin OnlineSubsystem
LogPluginManager: Mounting plugin OnlineSubsystemNull
LogPluginManager: Mounting plugin OnlineSubsystemUtils
LogPluginManager: Mounting plugin LauncherChunkInstaller
LogPluginManager: Mounting plugin AndroidDeviceProfileSelector
LogPluginManager: Mounting plugin AndroidMoviePlayer
LogPluginManager: Mounting plugin AndroidPermission
LogPluginManager: Mounting plugin AppleMoviePlayer
LogPluginManager: Mounting plugin ArchVisCharacter
LogPluginManager: Mounting plugin AudioCapture
LogPluginManager: Mounting plugin CableComponent
LogPluginManager: Mounting plugin CustomMeshComponent
LogPluginManager: Mounting plugin EditableMesh
LogPluginManager: Mounting plugin ExampleDeviceProfileSelector
LogPluginManager: Mounting plugin Firebase
LogPluginManager: Mounting plugin GoogleCloudMessaging
LogPluginManager: Mounting plugin IOSDeviceProfileSelector
LogPluginManager: Mounting plugin LinuxDeviceProfileSelector
LogPluginManager: Mounting plugin LocationServicesBPLibrary
LogPluginManager: Mounting plugin MobilePatchingUtils
LogPluginManager: Mounting plugin OculusVR
LogPluginManager: Mounting plugin PhysXVehicles
LogPluginManager: Mounting plugin ProceduralMeshComponent
LogPluginManager: Mounting plugin RuntimePhysXCooking
LogPluginManager: Mounting plugin SignificanceManager
LogPluginManager: Mounting plugin SteamVR
LogPluginManager: Mounting plugin WebMMoviePlayer
LogPluginManager: Mounting plugin WindowsMoviePlayer
LogInit: Using libcurl 7.55.1-DEV
LogInit:  - built for x86_64-pc-win32
LogInit:  - supports SSL with OpenSSL/1.1.1
LogInit:  - supports HTTP deflate (compression) using libz 1.2.8
LogInit:  - other features:
LogInit:      CURL_VERSION_SSL
LogInit:      CURL_VERSION_LIBZ
LogInit:      CURL_VERSION_IPV6
LogInit:      CURL_VERSION_ASYNCHDNS
LogInit:      CURL_VERSION_LARGEFILE
LogInit:      CURL_VERSION_IDN
LogInit:  CurlRequestOptions (configurable via config and command line):
LogInit:  - bVerifyPeer = true  - Libcurl will verify peer certificate
LogInit:  - bUseHttpProxy = false  - Libcurl will NOT use HTTP proxy
LogInit:  - bDontReuseConnections = false  - Libcurl will reuse connections
LogInit:  - MaxHostConnections = 16  - Libcurl will limit the number of connections to a host
LogInit:  - LocalHostAddr = Default
LogInit:  - BufferSize = 65536
LogInit: WinSock: version 1.1 (2.2), MaxSocks=32767, MaxUdp=65467
LogInit: Build: ++UE4+Release-4.22-CL-7053642
LogInit: Engine Version: 4.22.3-7053642+++UE4+Release-4.22
LogInit: Compatible Engine Version: 4.22.0-5660361+++UE4+Release-4.22
LogInit: Net CL: 5660361
LogInit: OS: Windows 10 (Release 1809) (), CPU: Intel(R) Core(TM) i7-7700HQ CPU @ 2.80GHz, GPU: Intel(R) HD Graphics 630
LogInit: Compiled (64-bit): Jun 18 2019 03:09:11
LogInit: Compiled with Visual C++: 19.16.27025.01
LogInit: Build Configuration: DebugGame
LogInit: Branch Name: ++UE4+Release-4.22
LogInit: Command Line:  -skipcompile
LogInit: Base Directory: C:/Program Files/Epic Games/UE_4.22/Engine/Binaries/Win64/
LogInit: Installed Engine Build: 1
LogDevObjectVersion: Number of dev versions registered: 23
LogDevObjectVersion:   Dev-Blueprints (B0D832E4-1F89-4F0D-ACCF-7EB736FD4AA2): 10
LogDevObjectVersion:   Dev-Build (E1C64328-A22C-4D53-A36C-8E866417BD8C): 0
LogDevObjectVersion:   Dev-Core (375EC13C-06E4-48FB-B500-84F0262A717E): 3
LogDevObjectVersion:   Dev-Editor (E4B068ED-F494-42E9-A231-DA0B2E46BB41): 30
LogDevObjectVersion:   Dev-Framework (CFFC743F-43B0-4480-9391-14DF171D2073): 35
LogDevObjectVersion:   Dev-Mobile (B02B49B5-BB20-44E9-A304-32B752E40360): 2
LogDevObjectVersion:   Dev-Networking (A4E4105C-59A1-49B5-A7C5-40C4547EDFEE): 0
LogDevObjectVersion:   Dev-Online (39C831C9-5AE6-47DC-9A44-9C173E1C8E7C): 0
LogDevObjectVersion:   Dev-Physics (78F01B33-EBEA-4F98-B9B4-84EACCB95AA2): 0
LogDevObjectVersion:   Dev-Platform (6631380F-2D4D-43E0-8009-CF276956A95A): 0
LogDevObjectVersion:   Dev-Rendering (12F88B9F-8875-4AFC-A67C-D90C383ABD29): 28
LogDevObjectVersion:   Dev-Sequencer (7B5AE74C-D270-4C10-A958-57980B212A5A): 11
LogDevObjectVersion:   Dev-VR (D7296918-1DD6-4BDD-9DE2-64A83CC13884): 2
LogDevObjectVersion:   Dev-LoadTimes (C2A15278-BFE7-4AFE-6C17-90FF531DF755): 1
LogDevObjectVersion:   Private-Geometry (6EACA3D4-40EC-4CC1-B786-8BED09428FC5): 3
LogDevObjectVersion:   Dev-AnimPhys (29E575DD-E0A3-4627-9D10-D276232CDCEA): 17
LogDevObjectVersion:   Dev-Anim (AF43A65D-7FD3-4947-9873-3E8ED9C1BB05): 2
LogDevObjectVersion:   Dev-ReflectionCapture (6B266CEC-1EC7-4B8F-A30B-E4D90942FC07): 1
LogDevObjectVersion:   Dev-Automation (0DF73D61-A23F-47EA-B727-89E90C41499A): 1
LogDevObjectVersion:   FortniteMain (601D1886-AC64-4F84-AA16-D3DE0DEAC7D6): 25
LogDevObjectVersion:   Dev-Enterprise (9DFFBCD6-494F-0158-E221-12823C92A888): 6
LogDevObjectVersion:   Dev-Niagara (F2AED0AC-9AFE-416F-8664-AA7FFA26D6FC): 1
LogDevObjectVersion:   Dev-Destruction (174F1F0B-B4C6-45A5-B13F-2EE8D0FB917D): 2
LogInit: Presizing for max 16777216 objects, including 0 objects not considered by GC, pre-allocating 0 bytes for permanent pool.
LogInit: Object subsystem initialized
LogConfig: Setting CVar [[con.DebugEarlyDefault:1]]
LogConfig: Setting CVar [[r.setres:1280x720]]
[2019.11.23-19.27.18:451][  0]LogConfig: Setting CVar [[r.VSync:0]]
[2019.11.23-19.27.18:452][  0]LogConfig: Setting CVar [[r.RHICmdBypass:0]]
[2019.11.23-19.27.18:452][  0]LogConfig: Applying CVar settings from Section [/Script/Engine.RendererSettings] File [D:/Ros2/Roots-of-Shadows/Projet Unreal/RootsOfShadows/Saved/Config/Windows/Engine.ini]
[2019.11.23-19.27.18:452][  0]LogConfig: Setting CVar [[r.GPUCrashDebugging:0]]
[2019.11.23-19.27.18:452][  0]LogConfig: Applying CVar settings from Section [/Script/Engine.RendererOverrideSettings] File [D:/Ros2/Roots-of-Shadows/Projet Unreal/RootsOfShadows/Saved/Config/Windows/Engine.ini]
[2019.11.23-19.27.18:452][  0]LogConfig: Applying CVar settings from Section [/Script/Engine.StreamingSettings] File [D:/Ros2/Roots-of-Shadows/Projet Unreal/RootsOfShadows/Saved/Config/Windows/Engine.ini]
[2019.11.23-19.27.18:452][  0]LogConfig: Setting CVar [[s.MinBulkDataSizeForAsyncLoading:131072]]
[2019.11.23-19.27.18:452][  0]LogConfig: Setting CVar [[s.AsyncLoadingThreadEnabled:0]]
[2019.11.23-19.27.18:452][  0]LogConfig: Setting CVar [[s.EventDrivenLoaderEnabled:1]]
[2019.11.23-19.27.18:452][  0]LogConfig: Setting CVar [[s.WarnIfTimeLimitExceeded:0]]
[2019.11.23-19.27.18:452][  0]LogConfig: Setting CVar [[s.TimeLimitExceededMultiplier:1.5]]
[2019.11.23-19.27.18:452][  0]LogConfig: Setting CVar [[s.TimeLimitExceededMinTime:0.005]]
[2019.11.23-19.27.18:452][  0]LogConfig: Setting CVar [[s.UseBackgroundLevelStreaming:1]]
[2019.11.23-19.27.18:452][  0]LogConfig: Setting CVar [[s.PriorityAsyncLoadingExtraTime:15.0]]
[2019.11.23-19.27.18:453][  0]LogConfig: Setting CVar [[s.LevelStreamingActorsUpdateTimeLimit:5.0]]
[2019.11.23-19.27.18:453][  0]LogConfig: Setting CVar [[s.PriorityLevelStreamingActorsUpdateExtraTime:5.0]]
[2019.11.23-19.27.18:453][  0]LogConfig: Setting CVar [[s.LevelStreamingComponentsRegistrationGranularity:10]]
[2019.11.23-19.27.18:453][  0]LogConfig: Setting CVar [[s.UnregisterComponentsTimeLimit:1.0]]
[2019.11.23-19.27.18:453][  0]LogConfig: Setting CVar [[s.LevelStreamingComponentsUnregistrationGranularity:5]]
[2019.11.23-19.27.18:453][  0]LogConfig: Applying CVar settings from Section [/Script/Engine.GarbageCollectionSettings] File [D:/Ros2/Roots-of-Shadows/Projet Unreal/RootsOfShadows/Saved/Config/Windows/Engine.ini]
[2019.11.23-19.27.18:453][  0]LogConfig: Setting CVar [[gc.MaxObjectsNotConsideredByGC:1]]
[2019.11.23-19.27.18:453][  0]LogConfig: Setting CVar [[gc.SizeOfPermanentObjectPool:0]]
[2019.11.23-19.27.18:453][  0]LogConfig: Setting CVar [[gc.FlushStreamingOnGC:0]]
[2019.11.23-19.27.18:453][  0]LogConfig: Setting CVar [[gc.NumRetriesBeforeForcingGC:10]]
[2019.11.23-19.27.18:453][  0]LogConfig: Setting CVar [[gc.AllowParallelGC:1]]
[2019.11.23-19.27.18:453][  0]LogConfig: Setting CVar [[gc.TimeBetweenPurgingPendingKillObjects:61.1]]
[2019.11.23-19.27.18:454][  0]LogConfig: Setting CVar [[gc.MaxObjectsInEditor:16777216]]
[2019.11.23-19.27.18:454][  0]LogConfig: Setting CVar [[gc.IncrementalBeginDestroyEnabled:1]]
[2019.11.23-19.27.18:454][  0]LogConfig: Setting CVar [[gc.CreateGCClusters:1]]
[2019.11.23-19.27.18:454][  0]LogConfig: Setting CVar [[gc.MinGCClusterSize:5]]
[2019.11.23-19.27.18:454][  0]LogConfig: Setting CVar [[gc.ActorClusteringEnabled:0]]
[2019.11.23-19.27.18:454][  0]LogConfig: Setting CVar [[gc.BlueprintClusteringEnabled:0]]
[2019.11.23-19.27.18:454][  0]LogConfig: Setting CVar [[gc.UseDisregardForGCOnDedicatedServers:0]]
[2019.11.23-19.27.18:454][  0]LogConfig: Applying CVar settings from Section [/Script/Engine.NetworkSettings] File [D:/Ros2/Roots-of-Shadows/Projet Unreal/RootsOfShadows/Saved/Config/Windows/Engine.ini]
[2019.11.23-19.27.18:454][  0]LogConfig: Applying CVar settings from Section [/Script/UnrealEd.CookerSettings] File [D:/Ros2/Roots-of-Shadows/Projet Unreal/RootsOfShadows/Saved/Config/Windows/Engine.ini]
[2019.11.23-19.27.18:468][  0]LogConfig: Applying CVar settings from Section [ViewDistanceQuality@3] File [D:/Ros2/Roots-of-Shadows/Projet Unreal/RootsOfShadows/Saved/Config/Windows/Scalability.ini]
[2019.11.23-19.27.18:468][  0]LogConfig: Setting CVar [[r.SkeletalMeshLODBias:0]]
[2019.11.23-19.27.18:468][  0]LogConfig: Setting CVar [[r.ViewDistanceScale:1.0]]
[2019.11.23-19.27.18:468][  0]LogConfig: Applying CVar settings from Section [AntiAliasingQuality@3] File [D:/Ros2/Roots-of-Shadows/Projet Unreal/RootsOfShadows/Saved/Config/Windows/Scalability.ini]
[2019.11.23-19.27.18:469][  0]LogConfig: Setting CVar [[r.PostProcessAAQuality:4]]
[2019.11.23-19.27.18:469][  0]LogConfig: Applying CVar settings from Section [ShadowQuality@3] File [D:/Ros2/Roots-of-Shadows/Projet Unreal/RootsOfShadows/Saved/Config/Windows/Scalability.ini]
[2019.11.23-19.27.18:469][  0]LogConfig: Setting CVar [[r.LightFunctionQuality:1]]
[2019.11.23-19.27.18:469][  0]LogConfig: Setting CVar [[r.ShadowQuality:5]]
[2019.11.23-19.27.18:469][  0]LogConfig: Setting CVar [[r.Shadow.CSM.MaxCascades:10]]
[2019.11.23-19.27.18:469][  0]LogConfig: Setting CVar [[r.Shadow.MaxResolution:2048]]
[2019.11.23-19.27.18:469][  0]LogConfig: Setting CVar [[r.Shadow.MaxCSMResolution:2048]]
[2019.11.23-19.27.18:469][  0]LogConfig: Setting CVar [[r.Shadow.RadiusThreshold:0.01]]
[2019.11.23-19.27.18:469][  0]LogConfig: Setting CVar [[r.Shadow.DistanceScale:1.0]]
[2019.11.23-19.27.18:469][  0]LogConfig: Setting CVar [[r.Shadow.CSM.TransitionScale:1.0]]
[2019.11.23-19.27.18:469][  0]LogConfig: Setting CVar [[r.Shadow.PreShadowResolutionFactor:1.0]]
[2019.11.23-19.27.18:469][  0]LogConfig: Setting CVar [[r.DistanceFieldShadowing:1]]
[2019.11.23-19.27.18:470][  0]LogConfig: Setting CVar [[r.DistanceFieldAO:1]]
[2019.11.23-19.27.18:470][  0]LogConfig: Setting CVar [[r.AOQuality:2]]
[2019.11.23-19.27.18:470][  0]LogConfig: Setting CVar [[r.VolumetricFog:1]]
[2019.11.23-19.27.18:470][  0]LogConfig: Setting CVar [[r.VolumetricFog.GridPixelSize:8]]
[2019.11.23-19.27.18:470][  0]LogConfig: Setting CVar [[r.VolumetricFog.GridSizeZ:128]]
[2019.11.23-19.27.18:470][  0]LogConfig: Setting CVar [[r.VolumetricFog.HistoryMissSupersampleCount:4]]
[2019.11.23-19.27.18:470][  0]LogConfig: Setting CVar [[r.LightMaxDrawDistanceScale:1]]
[2019.11.23-19.27.18:470][  0]LogConfig: Setting CVar [[r.CapsuleShadows:1]]
[2019.11.23-19.27.18:470][  0]LogConfig: Applying CVar settings from Section [PostProcessQuality@3] File [D:/Ros2/Roots-of-Shadows/Projet Unreal/RootsOfShadows/Saved/Config/Windows/Scalability.ini]
[2019.11.23-19.27.18:470][  0]LogConfig: Setting CVar [[r.MotionBlurQuality:4]]
[2019.11.23-19.27.18:470][  0]LogConfig: Setting CVar [[r.AmbientOcclusionMipLevelFactor:0.4]]
[2019.11.23-19.27.18:470][  0]LogConfig: Setting CVar [[r.AmbientOcclusionMaxQuality:100]]
[2019.11.23-19.27.18:470][  0]LogConfig: Setting CVar [[r.AmbientOcclusionLevels:-1]]
[2019.11.23-19.27.18:471][  0]LogConfig: Setting CVar [[r.AmbientOcclusionRadiusScale:1.0]]
[2019.11.23-19.27.18:471][  0]LogConfig: Setting CVar [[r.DepthOfFieldQuality:2]]
[2019.11.23-19.27.18:471][  0]LogConfig: Setting CVar [[r.RenderTargetPoolMin:400]]
[2019.11.23-19.27.18:471][  0]LogConfig: Setting CVar [[r.LensFlareQuality:2]]
[2019.11.23-19.27.18:471][  0]LogConfig: Setting CVar [[r.SceneColorFringeQuality:1]]
[2019.11.23-19.27.18:471][  0]LogConfig: Setting CVar [[r.EyeAdaptationQuality:2]]
[2019.11.23-19.27.18:471][  0]LogConfig: Setting CVar [[r.BloomQuality:5]]
[2019.11.23-19.27.18:471][  0]LogConfig: Setting CVar [[r.FastBlurThreshold:100]]
[2019.11.23-19.27.18:471][  0]LogConfig: Setting CVar [[r.Upscale.Quality:3]]
[2019.11.23-19.27.18:471][  0]LogConfig: Setting CVar [[r.Tonemapper.GrainQuantization:1]]
[2019.11.23-19.27.18:471][  0]LogConfig: Setting CVar [[r.LightShaftQuality:1]]
[2019.11.23-19.27.18:471][  0]LogConfig: Setting CVar [[r.Filter.SizeScale:1]]
[2019.11.23-19.27.18:471][  0]LogConfig: Setting CVar [[r.Tonemapper.Quality:5]]
[2019.11.23-19.27.18:472][  0]LogConfig: Setting CVar [[r.DOF.Gather.AccumulatorQuality:1        ; higher gathering accumulator quality]]
[2019.11.23-19.27.18:472][  0]LogConfig: Setting CVar [[r.DOF.Gather.PostfilterMethod:1          ; Median3x3 postfilering method]]
[2019.11.23-19.27.18:472][  0]LogConfig: Setting CVar [[r.DOF.Gather.EnableBokehSettings:0       ; no bokeh simulation when gathering]]
[2019.11.23-19.27.18:473][  0]LogConfig: Setting CVar [[r.DOF.Gather.RingCount:4                 ; medium number of samples when gathering]]
[2019.11.23-19.27.18:473][  0]LogConfig: Setting CVar [[r.DOF.Scatter.ForegroundCompositing:1    ; additive foreground scattering]]
[2019.11.23-19.27.18:473][  0]LogConfig: Setting CVar [[r.DOF.Scatter.BackgroundCompositing:2    ; additive background scattering]]
[2019.11.23-19.27.18:473][  0]LogConfig: Setting CVar [[r.DOF.Scatter.EnableBokehSettings:1      ; bokeh simulation when scattering]]
[2019.11.23-19.27.18:473][  0]LogConfig: Setting CVar [[r.DOF.Scatter.MaxSpriteRatio:0.1         ; only a maximum of 10% of scattered bokeh]]
[2019.11.23-19.27.18:473][  0]LogConfig: Setting CVar [[r.DOF.Recombine.Quality:1                ; cheap slight out of focus]]
[2019.11.23-19.27.18:473][  0]LogConfig: Setting CVar [[r.DOF.Recombine.EnableBokehSettings:0    ; no bokeh simulation on slight out of focus]]
[2019.11.23-19.27.18:473][  0]LogConfig: Setting CVar [[r.DOF.TemporalAAQuality:1                ; more stable temporal accumulation]]
[2019.11.23-19.27.18:473][  0]LogConfig: Setting CVar [[r.DOF.Kernel.MaxForegroundRadius:0.025]]
[2019.11.23-19.27.18:473][  0]LogConfig: Setting CVar [[r.DOF.Kernel.MaxBackgroundRadius:0.025]]
[2019.11.23-19.27.18:473][  0]LogConfig: Applying CVar settings from Section [TextureQuality@3] File [D:/Ros2/Roots-of-Shadows/Projet Unreal/RootsOfShadows/Saved/Config/Windows/Scalability.ini]
[2019.11.23-19.27.18:474][  0]LogConfig: Setting CVar [[r.Streaming.MipBias:0]]
[2019.11.23-19.27.18:474][  0]LogConfig: Setting CVar [[r.Streaming.AmortizeCPUToGPUCopy:0]]
[2019.11.23-19.27.18:474][  0]LogConfig: Setting CVar [[r.Streaming.MaxNumTexturesToStreamPerFrame:0]]
[2019.11.23-19.27.18:474][  0]LogConfig: Setting CVar [[r.Streaming.Boost:1]]
[2019.11.23-19.27.18:474][  0]LogConfig: Setting CVar [[r.MaxAnisotropy:8]]
[2019.11.23-19.27.18:474][  0]LogConfig: Setting CVar [[r.Streaming.LimitPoolSizeToVRAM:0]]
[2019.11.23-19.27.18:474][  0]LogConfig: Setting CVar [[r.Streaming.PoolSize:1000]]
[2019.11.23-19.27.18:474][  0]LogConfig: Setting CVar [[r.Streaming.MaxEffectiveScreenSize:0]]
[2019.11.23-19.27.18:474][  0]LogConfig: Applying CVar settings from Section [EffectsQuality@3] File [D:/Ros2/Roots-of-Shadows/Projet Unreal/RootsOfShadows/Saved/Config/Windows/Scalability.ini]
[2019.11.23-19.27.18:474][  0]LogConfig: Setting CVar [[r.TranslucencyLightingVolumeDim:64]]
[2019.11.23-19.27.18:474][  0]LogConfig: Setting CVar [[r.RefractionQuality:2]]
[2019.11.23-19.27.18:474][  0]LogConfig: Setting CVar [[r.SSR.Quality:3]]
[2019.11.23-19.27.18:474][  0]LogConfig: Setting CVar [[r.SceneColorFormat:4]]
[2019.11.23-19.27.18:474][  0]LogConfig: Setting CVar [[r.DetailMode:2]]
[2019.11.23-19.27.18:475][  0]LogConfig: Setting CVar [[r.TranslucencyVolumeBlur:1]]
[2019.11.23-19.27.18:475][  0]LogConfig: Setting CVar [[r.MaterialQualityLevel:1 ; High quality]]
[2019.11.23-19.27.18:475][  0]LogConfig: Setting CVar [[r.SSS.Scale:1]]
[2019.11.23-19.27.18:475][  0]LogConfig: Setting CVar [[r.SSS.SampleSet:2]]
[2019.11.23-19.27.18:475][  0]LogConfig: Setting CVar [[r.SSS.Quality:1]]
[2019.11.23-19.27.18:475][  0]LogConfig: Setting CVar [[r.SSS.HalfRes:1]]
[2019.11.23-19.27.18:475][  0]LogConfig: Setting CVar [[r.EmitterSpawnRateScale:1.0]]
[2019.11.23-19.27.18:475][  0]LogConfig: Setting CVar [[r.ParticleLightQuality:2]]
[2019.11.23-19.27.18:475][  0]LogConfig: Applying CVar settings from Section [FoliageQuality@3] File [D:/Ros2/Roots-of-Shadows/Projet Unreal/RootsOfShadows/Saved/Config/Windows/Scalability.ini]
[2019.11.23-19.27.18:475][  0]LogConfig: Setting CVar [[foliage.DensityScale:1.0]]
[2019.11.23-19.27.18:475][  0]LogConfig: Setting CVar [[grass.DensityScale:1.0]]
[2019.11.23-19.27.18:477][  0]LogInit: Selected Device Profile: [Windows]
[2019.11.23-19.27.18:477][  0]LogInit: Applying CVar settings loaded from the selected device profile: [Windows]
[2019.11.23-19.27.18:513][  0]LogHAL: Display: Platform has ~ 8 GB [8505839616 / 8589934592 / 8], which maps to Default [LargestMinGB=32, LargerMinGB=12, DefaultMinGB=8, SmallerMinGB=6, SmallestMinGB=0)
[2019.11.23-19.27.18:513][  0]LogConfig: Setting CVar [[r.Vulkan.UseRealUBs:0		; Required until we fix HLR fall-out]]
[2019.11.23-19.27.18:513][  0]LogInit: Going up to parent DeviceProfile []
[2019.11.23-19.27.18:514][  0]LogConfig: Applying CVar settings from Section [ViewDistanceQuality@Cine] File [D:/Ros2/Roots-of-Shadows/Projet Unreal/RootsOfShadows/Saved/Config/Windows/Scalability.ini]
[2019.11.23-19.27.18:514][  0]LogConfig: Setting CVar [[r.SkeletalMeshLODBias:0]]
[2019.11.23-19.27.18:514][  0]LogConfig: Setting CVar [[r.ViewDistanceScale:10.0]]
[2019.11.23-19.27.18:514][  0]LogConfig: Applying CVar settings from Section [AntiAliasingQuality@Cine] File [D:/Ros2/Roots-of-Shadows/Projet Unreal/RootsOfShadows/Saved/Config/Windows/Scalability.ini]
[2019.11.23-19.27.18:514][  0]LogConfig: Setting CVar [[r.PostProcessAAQuality:6]]
[2019.11.23-19.27.18:515][  0]LogConfig: Applying CVar settings from Section [ShadowQuality@0] File [D:/Ros2/Roots-of-Shadows/Projet Unreal/RootsOfShadows/Saved/Config/Windows/Scalability.ini]
[2019.11.23-19.27.18:515][  0]LogConfig: Setting CVar [[r.LightFunctionQuality:0]]
[2019.11.23-19.27.18:515][  0]LogConfig: Setting CVar [[r.ShadowQuality:0]]
[2019.11.23-19.27.18:515][  0]LogConfig: Setting CVar [[r.Shadow.CSM.MaxCascades:1]]
[2019.11.23-19.27.18:515][  0]LogConfig: Setting CVar [[r.Shadow.MaxResolution:512]]
[2019.11.23-19.27.18:515][  0]LogConfig: Setting CVar [[r.Shadow.MaxCSMResolution:512]]
[2019.11.23-19.27.18:515][  0]LogConfig: Setting CVar [[r.Shadow.RadiusThreshold:0.06]]
[2019.11.23-19.27.18:515][  0]LogConfig: Setting CVar [[r.Shadow.DistanceScale:0.6]]
[2019.11.23-19.27.18:516][  0]LogConfig: Setting CVar [[r.Shadow.CSM.TransitionScale:0]]
[2019.11.23-19.27.18:516][  0]LogConfig: Setting CVar [[r.Shadow.PreShadowResolutionFactor:0.5]]
[2019.11.23-19.27.18:516][  0]LogConfig: Setting CVar [[r.DistanceFieldShadowing:0]]
[2019.11.23-19.27.18:516][  0]LogConfig: Setting CVar [[r.DistanceFieldAO:0]]
[2019.11.23-19.27.18:517][  0]LogConfig: Setting CVar [[r.VolumetricFog:0]]
[2019.11.23-19.27.18:517][  0]LogConfig: Setting CVar [[r.LightMaxDrawDistanceScale:0]]
[2019.11.23-19.27.18:517][  0]LogConfig: Setting CVar [[r.CapsuleShadows:0]]
[2019.11.23-19.27.18:517][  0]LogConfig: Applying CVar settings from Section [PostProcessQuality@Cine] File [D:/Ros2/Roots-of-Shadows/Projet Unreal/RootsOfShadows/Saved/Config/Windows/Scalability.ini]
[2019.11.23-19.27.18:517][  0]LogConfig: Setting CVar [[r.MotionBlurQuality:4]]
[2019.11.23-19.27.18:517][  0]LogConfig: Setting CVar [[r.AmbientOcclusionMipLevelFactor:0.4]]
[2019.11.23-19.27.18:517][  0]LogConfig: Setting CVar [[r.AmbientOcclusionMaxQuality:100]]
[2019.11.23-19.27.18:517][  0]LogConfig: Setting CVar [[r.AmbientOcclusionLevels:-1]]
[2019.11.23-19.27.18:517][  0]LogConfig: Setting CVar [[r.AmbientOcclusionRadiusScale:1.0]]
[2019.11.23-19.27.18:517][  0]LogConfig: Setting CVar [[r.DepthOfFieldQuality:4]]
[2019.11.23-19.27.18:517][  0]LogConfig: Setting CVar [[r.RenderTargetPoolMin:1000]]
[2019.11.23-19.27.18:517][  0]LogConfig: Setting CVar [[r.LensFlareQuality:3]]
[2019.11.23-19.27.18:517][  0]LogConfig: Setting CVar [[r.SceneColorFringeQuality:1]]
[2019.11.23-19.27.18:517][  0]LogConfig: Setting CVar [[r.EyeAdaptationQuality:2]]
[2019.11.23-19.27.18:518][  0]LogConfig: Setting CVar [[r.BloomQuality:5]]
[2019.11.23-19.27.18:518][  0]LogConfig: Setting CVar [[r.FastBlurThreshold:100]]
[2019.11.23-19.27.18:518][  0]LogConfig: Setting CVar [[r.Upscale.Quality:3]]
[2019.11.23-19.27.18:518][  0]LogConfig: Setting CVar [[r.Tonemapper.GrainQuantization:1]]
[2019.11.23-19.27.18:518][  0]LogConfig: Setting CVar [[r.LightShaftQuality:1]]
[2019.11.23-19.27.18:518][  0]LogConfig: Setting CVar [[r.Filter.SizeScale:1]]
[2019.11.23-19.27.18:518][  0]LogConfig: Setting CVar [[r.Tonemapper.Quality:5]]
[2019.11.23-19.27.18:518][  0]LogConfig: Setting CVar [[r.DOF.Gather.AccumulatorQuality:1        ; higher gathering accumulator quality]]
[2019.11.23-19.27.18:518][  0]LogConfig: Setting CVar [[r.DOF.Gather.PostfilterMethod:1          ; Median3x3 postfilering method]]
[2019.11.23-19.27.18:518][  0]LogConfig: Setting CVar [[r.DOF.Gather.EnableBokehSettings:1       ; bokeh simulation when gathering]]
[2019.11.23-19.27.18:518][  0]LogConfig: Setting CVar [[r.DOF.Gather.RingCount:5                 ; high number of samples when gathering]]
[2019.11.23-19.27.18:518][  0]LogConfig: Setting CVar [[r.DOF.Scatter.ForegroundCompositing:1    ; additive foreground scattering]]
[2019.11.23-19.27.18:518][  0]LogConfig: Setting CVar [[r.DOF.Scatter.BackgroundCompositing:2    ; background scattering occlusion]]
[2019.11.23-19.27.18:518][  0]LogConfig: Setting CVar [[r.DOF.Scatter.EnableBokehSettings:1      ; no bokeh simulation when scattering]]
[2019.11.23-19.27.18:518][  0]LogConfig: Setting CVar [[r.DOF.Scatter.MaxSpriteRatio:0.1         ; only a maximum of 10% of scattered bokeh]]
[2019.11.23-19.27.18:518][  0]LogConfig: Setting CVar [[r.DOF.Recombine.Quality:2                ; highest slight out of focus]]
[2019.11.23-19.27.18:518][  0]LogConfig: Setting CVar [[r.DOF.Recombine.EnableBokehSettings:1    ; bokeh simulation on slight out of focus]]
[2019.11.23-19.27.18:518][  0]LogConfig: Setting CVar [[r.DOF.TemporalAAQuality:1                ; more stable temporal accumulation]]
[2019.11.23-19.27.18:519][  0]LogConfig: Setting CVar [[r.DOF.Kernel.MaxForegroundRadius:0.025]]
[2019.11.23-19.27.18:519][  0]LogConfig: Setting CVar [[r.DOF.Kernel.MaxBackgroundRadius:0.025]]
[2019.11.23-19.27.18:519][  0]LogConfig: Applying CVar settings from Section [TextureQuality@Cine] File [D:/Ros2/Roots-of-Shadows/Projet Unreal/RootsOfShadows/Saved/Config/Windows/Scalability.ini]
[2019.11.23-19.27.18:519][  0]LogConfig: Setting CVar [[r.Streaming.MipBias:0]]
[2019.11.23-19.27.18:519][  0]LogConfig: Setting CVar [[r.Streaming.AmortizeCPUToGPUCopy:0]]
[2019.11.23-19.27.18:519][  0]LogConfig: Setting CVar [[r.Streaming.MaxNumTexturesToStreamPerFrame:0]]
[2019.11.23-19.27.18:519][  0]LogConfig: Setting CVar [[r.Streaming.Boost:1]]
[2019.11.23-19.27.18:519][  0]LogConfig: Setting CVar [[r.MaxAnisotropy:8]]
[2019.11.23-19.27.18:519][  0]LogConfig: Setting CVar [[r.Streaming.LimitPoolSizeToVRAM:0]]
[2019.11.23-19.27.18:519][  0]LogConfig: Setting CVar [[r.Streaming.PoolSize:3000]]
[2019.11.23-19.27.18:519][  0]LogConfig: Setting CVar [[r.Streaming.MaxEffectiveScreenSize:0]]
[2019.11.23-19.27.18:519][  0]LogConfig: Applying CVar settings from Section [EffectsQuality@Cine] File [D:/Ros2/Roots-of-Shadows/Projet Unreal/RootsOfShadows/Saved/Config/Windows/Scalability.ini]
[2019.11.23-19.27.18:520][  0]LogConfig: Setting CVar [[r.TranslucencyLightingVolumeDim:64]]
[2019.11.23-19.27.18:520][  0]LogConfig: Setting CVar [[r.RefractionQuality:2]]
[2019.11.23-19.27.18:520][  0]LogConfig: Setting CVar [[r.SSR.Quality:4]]
[2019.11.23-19.27.18:520][  0]LogConfig: Setting CVar [[r.SceneColorFormat:4]]
[2019.11.23-19.27.18:520][  0]LogConfig: Setting CVar [[r.DetailMode:2]]
[2019.11.23-19.27.18:520][  0]LogConfig: Setting CVar [[r.TranslucencyVolumeBlur:1]]
[2019.11.23-19.27.18:520][  0]LogConfig: Setting CVar [[r.MaterialQualityLevel:1 ; High quality]]
[2019.11.23-19.27.18:520][  0]LogConfig: Setting CVar [[r.SSS.Scale:1]]
[2019.11.23-19.27.18:520][  0]LogConfig: Setting CVar [[r.SSS.SampleSet:2]]
[2019.11.23-19.27.18:520][  0]LogConfig: Setting CVar [[r.SSS.Quality:1]]
[2019.11.23-19.27.18:520][  0]LogConfig: Setting CVar [[r.SSS.HalfRes:0]]
[2019.11.23-19.27.18:520][  0]LogConfig: Setting CVar [[r.EmitterSpawnRateScale:1.0]]
[2019.11.23-19.27.18:521][  0]LogConfig: Setting CVar [[r.ParticleLightQuality:2]]
[2019.11.23-19.27.18:521][  0]LogConfig: Applying CVar settings from Section [FoliageQuality@0] File [D:/Ros2/Roots-of-Shadows/Projet Unreal/RootsOfShadows/Saved/Config/Windows/Scalability.ini]
[2019.11.23-19.27.18:521][  0]LogConfig: Setting CVar [[foliage.DensityScale:0]]
[2019.11.23-19.27.18:521][  0]LogConfig: Setting CVar [[grass.DensityScale:0]]
[2019.11.23-19.27.18:521][  0]LogConfig: Applying CVar settings from Section [Startup] File [../../../Engine/Config/ConsoleVariables.ini]
[2019.11.23-19.27.18:521][  0]LogConfig: Setting CVar [[net.UseAdaptiveNetUpdateFrequency:0]]
[2019.11.23-19.27.18:521][  0]LogConfig: Setting CVar [[p.chaos.AllowCreatePhysxBodies:1]]
[2019.11.23-19.27.18:522][  0]LogConfig: Applying CVar settings from Section [ConsoleVariables] File [D:/Ros2/Roots-of-Shadows/Projet Unreal/RootsOfShadows/Saved/Config/Windows/Engine.ini]
[2019.11.23-19.27.18:524][  0]LogInit: Computer: DESKTOP-N86HBV4
[2019.11.23-19.27.18:524][  0]LogInit: User: AmethystMol
[2019.11.23-19.27.18:524][  0]LogInit: CPU Page size=4096, Cores=4
[2019.11.23-19.27.18:524][  0]LogInit: High frequency timer resolution =10.000000 MHz
[2019.11.23-19.27.18:525][  0]LogMemory: Memory total: Physical=7.9GB (8GB approx)
[2019.11.23-19.27.18:525][  0]LogMemory: Platform Memory Stats for Windows
[2019.11.23-19.27.18:525][  0]LogMemory: Process Physical Memory: 98.36 MB used, 98.37 MB peak
[2019.11.23-19.27.18:525][  0]LogMemory: Process Virtual Memory: 101.05 MB used, 101.05 MB peak
[2019.11.23-19.27.18:525][  0]LogMemory: Physical Memory: 5015.55 MB used,  3096.25 MB free, 8111.80 MB total
[2019.11.23-19.27.18:525][  0]LogMemory: Virtual Memory: 4668.47 MB used,  134213056.00 MB free, 134217728.00 MB total
[2019.11.23-19.27.19:201][  0]LogInit: Using OS detected language (fr-CA).
[2019.11.23-19.27.19:201][  0]LogInit: Using OS detected locale (fr-CA).
[2019.11.23-19.27.19:205][  0]LogTextLocalizationManager: No specific localization for 'fr-CA' exists, so the 'fr' localization will be used.
[2019.11.23-19.27.19:207][  0]LogTextLocalizationResource: LocRes '../../../Engine/Content/Localization/Editor/fr/Editor.locres' could not be opened for reading!
[2019.11.23-19.27.19:207][  0]LogTextLocalizationResource: LocRes '../../../Engine/Content/Localization/EditorTutorials/fr/EditorTutorials.locres' could not be opened for reading!
[2019.11.23-19.27.19:207][  0]LogTextLocalizationResource: LocRes '../../../Engine/Content/Localization/Keywords/fr/Keywords.locres' could not be opened for reading!
[2019.11.23-19.27.19:208][  0]LogTextLocalizationResource: LocRes '../../../Engine/Content/Localization/Category/fr/Category.locres' could not be opened for reading!
[2019.11.23-19.27.19:209][  0]LogTextLocalizationResource: LocRes '../../../Engine/Content/Localization/ToolTips/fr/ToolTips.locres' could not be opened for reading!
[2019.11.23-19.27.19:209][  0]LogTextLocalizationResource: LocRes '../../../Engine/Content/Localization/PropertyNames/fr/PropertyNames.locres' could not be opened for reading!
[2019.11.23-19.27.19:210][  0]LogTextLocalizationResource: LocRes '../../../Engine/Content/Localization/Engine/fr/Engine.locres' could not be opened for reading!
[2019.11.23-19.27.19:258][  0]LogInit: Setting process to per monitor DPI aware
[2019.11.23-19.27.19:385][  0]LogSlate: New Slate User Created.  User Index 0, Is Virtual User: 0
[2019.11.23-19.27.19:385][  0]LogSlate: Slate User Registered.  User Index 0, Is Virtual User: 0
[2019.11.23-19.27.22:291][  0]LogHMD: Failed to initialize OpenVR with code 100
[2019.11.23-19.27.22:291][  0]LogD3D11RHI: D3D11 adapters:
[2019.11.23-19.27.23:417][  0]LogD3D11RHI:    0. 'NVIDIA GeForce GTX 1050 Ti' (Feature Level 11_0)
[2019.11.23-19.27.23:417][  0]LogD3D11RHI:       4018/0/4055 MB DedicatedVideo/DedicatedSystem/SharedSystem, Outputs:1, VendorId:0x10de
[2019.11.23-19.27.23:467][  0]LogD3D11RHI:    1. 'Intel(R) HD Graphics 630' (Feature Level 11_0)
[2019.11.23-19.27.23:467][  0]LogD3D11RHI:       128/0/4055 MB DedicatedVideo/DedicatedSystem/SharedSystem, Outputs:0, VendorId:0x8086
[2019.11.23-19.27.23:476][  0]LogD3D11RHI:    2. 'Microsoft Basic Render Driver' (Feature Level 11_0)
[2019.11.23-19.27.23:476][  0]LogD3D11RHI:       0/0/4055 MB DedicatedVideo/DedicatedSystem/SharedSystem, Outputs:0, VendorId:0x1414
[2019.11.23-19.27.23:476][  0]LogD3D11RHI: Chosen D3D11 Adapter: 0
[2019.11.23-19.27.23:508][  0]LogD3D11RHI: Creating new Direct3DDevice
[2019.11.23-19.27.23:508][  0]LogD3D11RHI:     GPU DeviceId: 0x1c8c (for the marketing name, search the web for "GPU Device Id")
[2019.11.23-19.27.23:509][  0]LogWindows: EnumDisplayDevices:
[2019.11.23-19.27.23:509][  0]LogWindows:    0. 'Intel(R) HD Graphics 630' (P:1 D:1)
[2019.11.23-19.27.23:510][  0]LogWindows:    1. 'Intel(R) HD Graphics 630' (P:0 D:0)
[2019.11.23-19.27.23:510][  0]LogWindows:    2. 'Intel(R) HD Graphics 630' (P:0 D:0)
[2019.11.23-19.27.23:511][  0]LogWindows:    3. 'NVIDIA GeForce GTX 1050 Ti' (P:0 D:0)
[2019.11.23-19.27.23:511][  0]LogWindows: DebugString: PrimaryIsNotTheChoosenAdapter PrimaryIsNotTheChoosenAdapter PrimaryIsNotTheChoosenAdapter 
[2019.11.23-19.27.23:511][  0]LogD3D11RHI:     Adapter Name: NVIDIA GeForce GTX 1050 Ti
[2019.11.23-19.27.23:512][  0]LogD3D11RHI:   Driver Version: 419.35 (internal:25.21.14.1935, unified:419.35)
[2019.11.23-19.27.23:512][  0]LogD3D11RHI:      Driver Date: 3-1-2019
[2019.11.23-19.27.23:512][  0]LogRHI: Texture pool is 2812 MB (70% of 4018 MB)
[2019.11.23-19.27.23:572][  0]LogD3D11RHI: Async texture creation enabled
[2019.11.23-19.27.23:585][  0]LogRendererCore: FGlobalReadBuffer::InitRHI
[2019.11.23-19.27.23:586][  0]LogRendererCore: FGlobalReadBuffer::InitRHI
[2019.11.23-19.27.23:586][  0]LogRendererCore: FGlobalReadBuffer::InitRHI
[2019.11.23-19.27.23:596][  0]LogD3D11RHI: GPU Timing Frequency: 1000.000000 (Debug: 2 1)
[2019.11.23-19.27.23:946][  0]LogTemp: Display: Module 'AllDesktopTargetPlatform' loaded TargetPlatform 'AllDesktop'
[2019.11.23-19.27.23:971][  0]LogTemp: Display: Module 'MacClientTargetPlatform' loaded TargetPlatform 'MacClient'
[2019.11.23-19.27.23:992][  0]LogTemp: Display: Module 'MacNoEditorTargetPlatform' loaded TargetPlatform 'MacNoEditor'
[2019.11.23-19.27.24:013][  0]LogTemp: Display: Module 'MacServerTargetPlatform' loaded TargetPlatform 'MacServer'
[2019.11.23-19.27.24:043][  0]LogTemp: Display: Module 'MacTargetPlatform' loaded TargetPlatform 'Mac'
[2019.11.23-19.27.24:079][  0]LogTemp: Display: Module 'WindowsClientTargetPlatform' loaded TargetPlatform 'WindowsClient'
[2019.11.23-19.27.24:103][  0]LogTemp: Display: Module 'WindowsNoEditorTargetPlatform' loaded TargetPlatform 'WindowsNoEditor'
[2019.11.23-19.27.24:123][  0]LogTemp: Display: Module 'WindowsServerTargetPlatform' loaded TargetPlatform 'WindowsServer'
[2019.11.23-19.27.24:135][  0]LogTemp: Display: Module 'WindowsTargetPlatform' loaded TargetPlatform 'Windows'
[2019.11.23-19.27.24:252][  0]LogTemp: Display: Module 'AndroidTargetPlatform' loaded TargetPlatform 'Android'
[2019.11.23-19.27.24:252][  0]LogTemp: Display: Module 'AndroidTargetPlatform' loaded TargetPlatform 'Android_ASTC'
[2019.11.23-19.27.24:252][  0]LogTemp: Display: Module 'AndroidTargetPlatform' loaded TargetPlatform 'Android_ATC'
[2019.11.23-19.27.24:252][  0]LogTemp: Display: Module 'AndroidTargetPlatform' loaded TargetPlatform 'Android_DXT'
[2019.11.23-19.27.24:252][  0]LogTemp: Display: Module 'AndroidTargetPlatform' loaded TargetPlatform 'Android_ETC1'
[2019.11.23-19.27.24:253][  0]LogTemp: Display: Module 'AndroidTargetPlatform' loaded TargetPlatform 'Android_ETC1a'
[2019.11.23-19.27.24:253][  0]LogTemp: Display: Module 'AndroidTargetPlatform' loaded TargetPlatform 'Android_ETC2'
[2019.11.23-19.27.24:253][  0]LogTemp: Display: Module 'AndroidTargetPlatform' loaded TargetPlatform 'Android_PVRTC'
[2019.11.23-19.27.24:253][  0]LogTemp: Display: Module 'AndroidTargetPlatform' loaded TargetPlatform 'AndroidClient'
[2019.11.23-19.27.24:253][  0]LogTemp: Display: Module 'AndroidTargetPlatform' loaded TargetPlatform 'Android_ASTCClient'
[2019.11.23-19.27.24:253][  0]LogTemp: Display: Module 'AndroidTargetPlatform' loaded TargetPlatform 'Android_ATCClient'
[2019.11.23-19.27.24:253][  0]LogTemp: Display: Module 'AndroidTargetPlatform' loaded TargetPlatform 'Android_DXTClient'
[2019.11.23-19.27.24:253][  0]LogTemp: Display: Module 'AndroidTargetPlatform' loaded TargetPlatform 'Android_ETC1Client'
[2019.11.23-19.27.24:253][  0]LogTemp: Display: Module 'AndroidTargetPlatform' loaded TargetPlatform 'Android_ETC1aClient'
[2019.11.23-19.27.24:253][  0]LogTemp: Display: Module 'AndroidTargetPlatform' loaded TargetPlatform 'Android_ETC2Client'
[2019.11.23-19.27.24:253][  0]LogTemp: Display: Module 'AndroidTargetPlatform' loaded TargetPlatform 'Android_PVRTCClient'
[2019.11.23-19.27.24:253][  0]LogTemp: Display: Module 'AndroidTargetPlatform' loaded TargetPlatform 'Android_Multi'
[2019.11.23-19.27.24:253][  0]LogTemp: Display: Module 'AndroidTargetPlatform' loaded TargetPlatform 'Android_MultiClient'
[2019.11.23-19.27.24:259][  0]LogTemp: Display: Module 'HTML5TargetPlatform' loaded TargetPlatform 'HTML5'
[2019.11.23-19.27.24:339][  0]LogTemp: Display: Module 'IOSTargetPlatform' loaded TargetPlatform 'IOSClient'
[2019.11.23-19.27.24:339][  0]LogTemp: Display: Module 'IOSTargetPlatform' loaded TargetPlatform 'IOS'
[2019.11.23-19.27.24:368][  0]LogTemp: Display: Module 'TVOSTargetPlatform' loaded TargetPlatform 'TVOSClient'
[2019.11.23-19.27.24:368][  0]LogTemp: Display: Module 'TVOSTargetPlatform' loaded TargetPlatform 'TVOS'
[2019.11.23-19.27.24:388][  0]LogTemp: Display: Module 'LinuxClientTargetPlatform' loaded TargetPlatform 'LinuxClient'
[2019.11.23-19.27.24:407][  0]LogTemp: Display: Module 'LinuxNoEditorTargetPlatform' loaded TargetPlatform 'LinuxNoEditor'
[2019.11.23-19.27.24:425][  0]LogTemp: Display: Module 'LinuxServerTargetPlatform' loaded TargetPlatform 'LinuxServer'
[2019.11.23-19.27.24:453][  0]LogTemp: Display: Module 'LinuxTargetPlatform' loaded TargetPlatform 'Linux'
[2019.11.23-19.27.24:514][  0]LogTemp: Display: Module 'LuminTargetPlatform' loaded TargetPlatform 'Lumin'
[2019.11.23-19.27.24:514][  0]LogTemp: Display: Module 'LuminTargetPlatform' loaded TargetPlatform 'LuminClient'
[2019.11.23-19.27.24:514][  0]LogTargetPlatformManager: Display: Building Assets For Windows
[2019.11.23-19.27.24:573][  0]LogAudioDebug: Display: Lib vorbis DLL was dynamically loaded.
[2019.11.23-19.27.24:767][  0]LogShaderCompilers: Guid format shader working directory is -1 characters bigger than the processId version (D:/Ros2/Roots-of-Shadows/Projet Unreal/RootsOfShadows/Intermediate/Shaders/WorkingDirectory/2716/).
[2019.11.23-19.27.24:767][  0]LogShaderCompilers: Cleaned the shader compiler working directory 'C:/Users/AmethystMol/AppData/Local/Temp/UnrealShaderWorkingDir/31507A3A4F00E9F5923AFABCBB6B5538/'.
[2019.11.23-19.27.24:772][  0]LogXGEController: Cleaning working directory: C:/Users/AmethystMol/AppData/Local/Temp/UnrealXGEWorkingDir/
[2019.11.23-19.27.24:772][  0]LogXGEController: Cannot use XGE Controller as Incredibuild is not installed on this machine.
[2019.11.23-19.27.24:772][  0]LogShaderCompilers: Cannot use XGE Shader Compiler as Incredibuild is not installed on this machine.
[2019.11.23-19.27.24:772][  0]LogShaderCompilers: Display: Using Local Shader Compiler.
[2019.11.23-19.27.27:217][  0]LogDerivedDataCache: Display: Max Cache Size: 512 MB
[2019.11.23-19.27.27:966][  0]LogDerivedDataCache: Loaded boot cache 0.75s 143MB C:/Users/AmethystMol/AppData/Local/UnrealEngine/4.22/DerivedDataCache/Boot.ddc.
[2019.11.23-19.27.27:967][  0]LogDerivedDataCache: Display: Loaded Boot cache: C:/Users/AmethystMol/AppData/Local/UnrealEngine/4.22/DerivedDataCache/Boot.ddc
[2019.11.23-19.27.27:967][  0]LogDerivedDataCache: FDerivedDataBackendGraph:  Pak pak cache file D:/Ros2/Roots-of-Shadows/Projet Unreal/RootsOfShadows/DerivedDataCache/DDC.ddp not found, will not use a pak cache.
[2019.11.23-19.27.27:967][  0]LogDerivedDataCache: Unable to find inner node Pak for hierarchical cache Hierarchy.
[2019.11.23-19.27.27:967][  0]LogDerivedDataCache: FDerivedDataBackendGraph:  CompressedPak pak cache file D:/Ros2/Roots-of-Shadows/Projet Unreal/RootsOfShadows/DerivedDataCache/Compressed.ddp not found, will not use a pak cache.
[2019.11.23-19.27.27:968][  0]LogDerivedDataCache: Unable to find inner node CompressedPak for hierarchical cache Hierarchy.
[2019.11.23-19.27.27:989][  0]LogDerivedDataCache: Display: Pak cache opened for reading ../../../Engine/DerivedDataCache/Compressed.ddp.
[2019.11.23-19.27.27:990][  0]LogDerivedDataCache: FDerivedDataBackendGraph:  EnterprisePak pak cache file ../../../Enterprise/DerivedDataCache/Compressed.ddp not found, will not use a pak cache.
[2019.11.23-19.27.27:990][  0]LogDerivedDataCache: Unable to find inner node EnterprisePak for hierarchical cache Hierarchy.
[2019.11.23-19.27.28:003][  0]LogDerivedDataCache: Using Local data cache path C:/Users/AmethystMol/AppData/Local/UnrealEngine/Common/DerivedDataCache: Writable
[2019.11.23-19.27.28:003][  0]LogDerivedDataCache: Shared data cache path not found in *engine.ini, will not use an Shared cache.
[2019.11.23-19.27.28:004][  0]LogDerivedDataCache: Unable to find inner node Shared for hierarchical cache Hierarchy.
[2019.11.23-19.27.28:030][  0]LogMaterial: Verifying Global Shaders for PCD3D_SM5
[2019.11.23-19.27.28:037][  0]LogSlate: Using FreeType 2.6.0
[2019.11.23-19.27.28:054][  0]LogSlate: SlateFontServices - WITH_FREETYPE: 1, WITH_HARFBUZZ: 1
[2019.11.23-19.27.28:471][  0]LogAssetRegistry: FAssetRegistry took 0.0416 seconds to start up
[2019.11.23-19.27.29:001][  0]LogInit: Selected Device Profile: [Windows]
[2019.11.23-19.27.29:385][  0]LogMeshReduction: Using QuadricMeshReduction for automatic static mesh reduction
[2019.11.23-19.27.29:385][  0]LogMeshReduction: Using SimplygonMeshReduction for automatic skeletal mesh reduction
[2019.11.23-19.27.29:385][  0]LogMeshReduction: Using ProxyLODMeshReduction for automatic mesh merging
[2019.11.23-19.27.29:385][  0]LogMeshReduction: No distributed automatic mesh merging module available
[2019.11.23-19.27.29:385][  0]LogMeshMerging: No distributed automatic mesh merging module available
[2019.11.23-19.27.29:440][  0]LogNetVersion: RootsOfShadows 1.0.0, NetCL: 5660361, EngineNetVer: 10, GameNetVer: 0 (Checksum: 2893050074)
[2019.11.23-19.27.30:893][  0]LogPackageLocalizationCache: Processed 10 localized package path(s) for 1 prioritized culture(s) in 0.145380 seconds
[2019.11.23-19.27.30:901][  0]LogUObjectArray: 42205 objects as part of root set at end of initial load.
[2019.11.23-19.27.30:901][  0]LogUObjectAllocator: 7325032 out of 0 bytes used by permanent object pool.
[2019.11.23-19.27.30:901][  0]LogUObjectArray: CloseDisregardForGC: 0/0 objects in disregard for GC pool
[2019.11.23-19.27.35:141][  0]LogTcpMessaging: Initializing TcpMessaging bridge
[2019.11.23-19.27.35:163][  0]LogUdpMessaging: Initializing bridge on interface 0.0.0.0:0 to multicast group 230.0.0.1:6666.
[2019.11.23-19.27.38:514][  0]LogPackageName: Warning: Asset path "FX_Meshes.UI.SM_SelectionMesh_01" is in short form, which is unsupported and -- even if valid -- resolving it will be really slow.
[2019.11.23-19.27.38:514][  0]LogPackageName: Warning: Please consider resaving package in order to speed-up loading.
[2019.11.23-19.27.39:903][  0]LogPackageName: SearchForPackageOnDisk took   1.389s, but failed to resolve FX_Meshes.
[2019.11.23-19.27.39:903][  0]LogPackageName: Warning: Asset path "FX_Meshes.UI.SM_SelectionMesh_01" could not be resolved.
[2019.11.23-19.27.40:493][  0]SourceControl: Source control is disabled
[2019.11.23-19.27.40:493][  0]SourceControl: Source control is disabled
[2019.11.23-19.27.40:510][  0]SourceControl: Source control is disabled
[2019.11.23-19.27.40:517][  0]SourceControl: Source control is disabled
[2019.11.23-19.27.40:823][  0]LogAndroidPermission: UAndroidPermissionCallbackProxy::GetInstance
[2019.11.23-19.27.41:064][  0]LogOcInput: OculusInput pre-init called
[2019.11.23-19.27.41:927][  0]LogEngine: Initializing Engine...
[2019.11.23-19.27.41:930][  0]LogHMD: Failed to initialize OpenVR with code 100
[2019.11.23-19.27.41:934][  0]LogStats: UGameplayTagsManager::InitializeManager -  0.001 s
[2019.11.23-19.27.42:333][  0]LogInit: Initializing FReadOnlyCVARCache
[2019.11.23-19.27.42:407][  0]LogAIModule: Creating AISystem for world Untitled
[2019.11.23-19.27.42:484][  0]LogInit: XAudio2 using 'Speakers (Realtek High Definition Audio)' : 2 channels at 48 kHz using 32 bits per sample (channel mask 0x3)
[2019.11.23-19.27.42:566][  0]LogInit: FAudioDevice initialized.
[2019.11.23-19.27.42:567][  0]LogNetVersion: Set ProjectVersion to 1.0.0.0. Version Checksum will be recalculated on next use.
[2019.11.23-19.27.42:782][  0]LogDerivedDataCache: Saved boot cache 0.21s 143MB C:/Users/AmethystMol/AppData/Local/UnrealEngine/4.22/DerivedDataCache/Boot.ddc.
[2019.11.23-19.27.42:798][  0]LogInit: Texture streaming: Enabled
[2019.11.23-19.27.42:841][  0]LogEngineSessionManager: EngineSessionManager initialized
[2019.11.23-19.27.42:890][  0]LogInit: Transaction tracking system initialized
[2019.11.23-19.27.42:976][  0]BlueprintLog: New page: Editor Load
[2019.11.23-19.27.43:303][  0]LocalizationService: Localization service is disabled
[2019.11.23-19.27.44:513][  0]LogCook: Display: Max memory allowance for cook 16384mb min free memory 0mb
[2019.11.23-19.27.44:513][  0]LogCook: Display: Mobile HDR setting 1
[2019.11.23-19.27.45:186][  0]SourceControl: Source control is disabled
[2019.11.23-19.27.45:188][  0]Cmd: MAP LOAD FILE="D:/Ros2/Roots-of-Shadows/Projet Unreal/RootsOfShadows/Content/Maps/TutorialIsland.umap" TEMPLATE=0 SHOWPROGRESS=1 FEATURELEVEL=3
[2019.11.23-19.27.45:190][  0]LightingResults: New page: Lighting Build
[2019.11.23-19.27.45:205][  0]MapCheck: New page: Map Check
[2019.11.23-19.27.45:205][  0]LightingResults: New page: Lighting Build
[2019.11.23-19.27.45:259][  0]LogUObjectHash: Compacting FUObjectHashTables data took   2.71ms
[2019.11.23-19.27.46:078][  0]LogFileCache: Scanning file cache for directory 'D:/Ros2/Roots-of-Shadows/Projet Unreal/RootsOfShadows/Content/' took 0.82s
[2019.11.23-19.28.12:208][  0]LogMaterial: Display: Missing cached shader map for material M_Rampage_Elemental_FireSplines, compiling. 
[2019.11.23-19.28.12:216][  0]LogMaterial: Warning: D:\Ros2\Roots-of-Shadows\Projet Unreal\RootsOfShadows\Content\ParagonRampage\Characters\Heroes\Rampage\Skins\Tier2\Elemental\Materials\M_Rampage_Elemental_FireSplines.uasset: Failed to compile Material for platform PCD3D_SM5, Default Material will be used in game.
[2019.11.23-19.28.12:216][  0]LogMaterial: 	Missing Material Function
[2019.11.23-19.28.19:690][  0]LogAIModule: Creating AISystem for world TutorialIsland
[2019.11.23-19.28.21:316][  0]LogMaterial: Warning: Material /Game/KiteDemo/Environments/Trees/ScotsPine_01/ScotsPine_01_Branches_Mat.ScotsPine_01_Branches_Mat needed to have new flag set bUsedWithInstancedStaticMeshes !
[2019.11.23-19.28.21:319][  0]LogMaterial: Display: Missing cached shader map for material ScotsPine_01_Branches_Mat, compiling. 
[2019.11.23-19.28.21:455][  0]MapCheck: Warning: ScotsPine_01_Branches_Mat Material /Game/KiteDemo/Environments/Trees/ScotsPine_01/ScotsPine_01_Branches_Mat.ScotsPine_01_Branches_Mat was missing the usage flag bUsedWithInstancedStaticMeshes. If the material asset is not re-saved, it may not render correctly when run outside the editor. Fix
[2019.11.23-19.28.21:456][  0]LogMaterial: Warning: Material /Game/KiteDemo/Environments/Trees/ScotsPine_01/ScotsPine_01_Leaves_Mat.ScotsPine_01_Leaves_Mat needed to have new flag set bUsedWithInstancedStaticMeshes !
[2019.11.23-19.28.21:460][  0]LogMaterial: Display: Missing cached shader map for material ScotsPine_01_Leaves_Mat, compiling. 
[2019.11.23-19.28.21:511][  0]MapCheck: Warning: ScotsPine_01_Leaves_Mat Material /Game/KiteDemo/Environments/Trees/ScotsPine_01/ScotsPine_01_Leaves_Mat.ScotsPine_01_Leaves_Mat was missing the usage flag bUsedWithInstancedStaticMeshes. If the material asset is not re-saved, it may not render correctly when run outside the editor. Fix
[2019.11.23-19.28.21:512][  0]LogMaterial: Warning: Material /Game/KiteDemo/Environments/Trees/ScotsPine_01/ScotsPine_01_Fronds_Mat.ScotsPine_01_Fronds_Mat needed to have new flag set bUsedWithInstancedStaticMeshes !
[2019.11.23-19.28.21:515][  0]LogMaterial: Display: Missing cached shader map for material ScotsPine_01_Fronds_Mat, compiling. 
[2019.11.23-19.28.21:587][  0]MapCheck: Warning: ScotsPine_01_Fronds_Mat Material /Game/KiteDemo/Environments/Trees/ScotsPine_01/ScotsPine_01_Fronds_Mat.ScotsPine_01_Fronds_Mat was missing the usage flag bUsedWithInstancedStaticMeshes. If the material asset is not re-saved, it may not render correctly when run outside the editor. Fix
[2019.11.23-19.28.21:797][  0]LogScript: Warning: Script Msg: Divide by zero detected: -119.999756 / 0
Script call stack:
	Function /Game/ParagonGideon/Characters/Heroes/Gideon/Gideon_AnimBlueprint.Gideon_AnimBlueprint_C:BlueprintUpdateAnimation
	Function /Game/ParagonGideon/Characters/Heroes/Gideon/Gideon_AnimBlueprint.Gideon_AnimBlueprint_C:ExecuteUbergraph_Gideon_AnimBlueprint

[2019.11.23-19.28.21:807][  0]LogScript: Warning: Script Msg: Divide by zero detected: 0.000000 / 0
Script call stack:
	Function /Game/ParagonGreystone/Characters/Heroes/Greystone/Greystone_AnimBlueprint.Greystone_AnimBlueprint_C:BlueprintUpdateAnimation
	Function /Game/ParagonGreystone/Characters/Heroes/Greystone/Greystone_AnimBlueprint.Greystone_AnimBlueprint_C:ExecuteUbergraph_Greystone_AnimBlueprint

[2019.11.23-19.28.21:810][  0]LogScript: Warning: Script Msg: Divide by zero detected: -140.000229 / 0
Script call stack:
	Function /Game/ParagonGreystone/Characters/Heroes/Greystone/Greystone_AnimBlueprint.Greystone_AnimBlueprint_C:BlueprintUpdateAnimation
	Function /Game/ParagonGreystone/Characters/Heroes/Greystone/Greystone_AnimBlueprint.Greystone_AnimBlueprint_C:ExecuteUbergraph_Greystone_AnimBlueprint

[2019.11.23-19.28.21:813][  0]LogScript: Warning: Script Msg: Divide by zero detected: 0.000000 / 0
Script call stack:
	Function /Game/ParagonIggyScorch/Characters/Heroes/IggyScorch/IggyScorch_AnimBP.IggyScorch_AnimBP_C:BlueprintUpdateAnimation
	Function /Game/ParagonIggyScorch/Characters/Heroes/IggyScorch/IggyScorch_AnimBP.IggyScorch_AnimBP_C:ExecuteUbergraph_IggyScorch_AnimBP

[2019.11.23-19.28.21:817][  0]LogScript: Warning: Script Msg: Divide by zero detected: 0.000000 / 0
Script call stack:
	Function /Game/ParagonRevenant/Characters/Heroes/Revenant/Revenant_AnimBlueprint.Revenant_AnimBlueprint_C:BlueprintUpdateAnimation
	Function /Game/ParagonRevenant/Characters/Heroes/Revenant/Revenant_AnimBlueprint.Revenant_AnimBlueprint_C:ExecuteUbergraph_Revenant_AnimBlueprint

[2019.11.23-19.28.21:824][  0]LogScript: Warning: Script Msg: Divide by zero detected: 0.000000 / 0
Script call stack:
	Function /Game/ParagonBoris/Characters/Heroes/Boris/Boris_AnimBlueprint.Boris_AnimBlueprint_C:BlueprintUpdateAnimation
	Function /Game/ParagonBoris/Characters/Heroes/Boris/Boris_AnimBlueprint.Boris_AnimBlueprint_C:ExecuteUbergraph_Boris_AnimBlueprint

[2019.11.23-19.28.21:831][  0]LogScript: Warning: Script Msg: Divide by zero detected: -149.999985 / 0
Script call stack:
	Function /Game/ParagonSparrow/Characters/Heroes/Sparrow/Sparrow_AnimBlueprint.Sparrow_AnimBlueprint_C:BlueprintUpdateAnimation
	Function /Game/ParagonSparrow/Characters/Heroes/Sparrow/Sparrow_AnimBlueprint.Sparrow_AnimBlueprint_C:ExecuteUbergraph_Sparrow_AnimBlueprint

[2019.11.23-19.28.21:836][  0]LogScript: Warning: Script Msg: Divide by zero detected: 0.000000 / 0
Script call stack:
	Function /Game/ParagonSparrow/Characters/Heroes/Sparrow/Sparrow_AnimBlueprint.Sparrow_AnimBlueprint_C:BlueprintUpdateAnimation
	Function /Game/ParagonSparrow/Characters/Heroes/Sparrow/Sparrow_AnimBlueprint.Sparrow_AnimBlueprint_C:ExecuteUbergraph_Sparrow_AnimBlueprint

[2019.11.23-19.28.22:238][  0]LogEditorServer: Finished looking for orphan Actors (0.001 secs)
[2019.11.23-19.28.23:164][  0]LogUObjectHash: Compacting FUObjectHashTables data took   8.39ms
[2019.11.23-19.28.23:166][  0]Cmd: MAP CHECKDEP NOCLEARLOG
[2019.11.23-19.28.23:168][  0]MapCheck: Map check complete: 0 Error(s), 3 Warning(s), took 1,024ms to complete.
[2019.11.23-19.28.23:194][  0]LogFileHelpers: Loading map 'TutorialIsland' took 38.006
[2019.11.23-19.28.23:614][  0]LogSlate: Updating window title bar state: overlay mode, drag disabled, window buttons hidden, title bar hidden
[2019.11.23-19.28.23:633][  0]LogSlate: Updating window title bar state: overlay mode, drag disabled, window buttons hidden, title bar hidden
[2019.11.23-19.28.23:656][  0]LogSlate: Updating window title bar state: overlay mode, drag disabled, window buttons hidden, title bar hidden
[2019.11.23-19.28.23:673][  0]LogSlate: Updating window title bar state: overlay mode, drag disabled, window buttons hidden, title bar hidden
[2019.11.23-19.28.23:722][  0]LogCollectionManager: Loaded 0 collections in 0.006061 seconds
[2019.11.23-19.28.23:805][  0]LogFileCache: Scanning file cache for directory 'D:/Ros2/Roots-of-Shadows/Projet Unreal/RootsOfShadows/Saved/Collections/' took 0.02s
[2019.11.23-19.28.23:805][  0]LogFileCache: Scanning file cache for directory 'D:/Ros2/Roots-of-Shadows/Projet Unreal/RootsOfShadows/Content/Developers/AmethystMol/Collections/' took 0.02s
[2019.11.23-19.28.23:805][  0]LogFileCache: Scanning file cache for directory 'D:/Ros2/Roots-of-Shadows/Projet Unreal/RootsOfShadows/Content/Collections/' took 0.02s
[2019.11.23-19.28.23:806][  0]LogCollectionManager: Rebuilt the GUID cache for 0 collections in 0.000001 seconds
[2019.11.23-19.28.23:833][  0]LogContentBrowser: Native class hierarchy populated in 0.0257 seconds. Added 2747 classes and 662 folders.
[2019.11.23-19.28.23:858][  0]LogContentBrowser: Native class hierarchy updated for 'WidgetCarousel' in 0.0012 seconds. Added 0 classes and 0 folders.
[2019.11.23-19.28.23:891][  0]LogPakFile: Registered encryption key '00000000000000000000000000000000': 0 pak files mounted, 0 remain pending
[2019.11.23-19.28.23:913][  0]LogPakFile: Registered encryption key '00000000000000000000000000000000': 0 pak files mounted, 0 remain pending
[2019.11.23-19.28.23:949][  0]LogPakFile: Registered encryption key '00000000000000000000000000000000': 0 pak files mounted, 0 remain pending
[2019.11.23-19.28.23:962][  0]LogPakFile: Registered encryption key '00000000000000000000000000000000': 0 pak files mounted, 0 remain pending
[2019.11.23-19.28.23:976][  0]LogPakFile: Registered encryption key '00000000000000000000000000000000': 0 pak files mounted, 0 remain pending
[2019.11.23-19.28.23:991][  0]LogPakFile: Registered encryption key '00000000000000000000000000000000': 0 pak files mounted, 0 remain pending
[2019.11.23-19.28.24:004][  0]LogPakFile: Registered encryption key '00000000000000000000000000000000': 0 pak files mounted, 0 remain pending
[2019.11.23-19.28.24:017][  0]LogPakFile: Registered encryption key '00000000000000000000000000000000': 0 pak files mounted, 0 remain pending
[2019.11.23-19.28.24:031][  0]LogPakFile: Registered encryption key '00000000000000000000000000000000': 0 pak files mounted, 0 remain pending
[2019.11.23-19.28.24:067][  0]LogPakFile: Registered encryption key '00000000000000000000000000000000': 0 pak files mounted, 0 remain pending
[2019.11.23-19.28.24:081][  0]LogPakFile: Registered encryption key '00000000000000000000000000000000': 0 pak files mounted, 0 remain pending
[2019.11.23-19.28.24:093][  0]LogPakFile: Registered encryption key '00000000000000000000000000000000': 0 pak files mounted, 0 remain pending
[2019.11.23-19.28.24:104][  0]LogPakFile: Registered encryption key '00000000000000000000000000000000': 0 pak files mounted, 0 remain pending
[2019.11.23-19.28.24:116][  0]LogPakFile: Registered encryption key '00000000000000000000000000000000': 0 pak files mounted, 0 remain pending
[2019.11.23-19.28.24:127][  0]LogPakFile: Registered encryption key '00000000000000000000000000000000': 0 pak files mounted, 0 remain pending
[2019.11.23-19.28.24:138][  0]LogPakFile: Registered encryption key '00000000000000000000000000000000': 0 pak files mounted, 0 remain pending
[2019.11.23-19.28.24:196][  0]LogPakFile: Registered encryption key '00000000000000000000000000000000': 0 pak files mounted, 0 remain pending
[2019.11.23-19.28.24:209][  0]LogPakFile: Registered encryption key '00000000000000000000000000000000': 0 pak files mounted, 0 remain pending
[2019.11.23-19.28.24:221][  0]LogPakFile: Registered encryption key '00000000000000000000000000000000': 0 pak files mounted, 0 remain pending
[2019.11.23-19.28.24:233][  0]LogPakFile: Registered encryption key '00000000000000000000000000000000': 0 pak files mounted, 0 remain pending
[2019.11.23-19.28.24:248][  0]LogPakFile: Registered encryption key '00000000000000000000000000000000': 0 pak files mounted, 0 remain pending
[2019.11.23-19.28.24:261][  0]LogPakFile: Registered encryption key '00000000000000000000000000000000': 0 pak files mounted, 0 remain pending
[2019.11.23-19.28.24:276][  0]LogPakFile: Registered encryption key '00000000000000000000000000000000': 0 pak files mounted, 0 remain pending
[2019.11.23-19.28.24:292][  0]LogPakFile: Registered encryption key '00000000000000000000000000000000': 0 pak files mounted, 0 remain pending
[2019.11.23-19.28.24:305][  0]LogPakFile: Registered encryption key '00000000000000000000000000000000': 0 pak files mounted, 0 remain pending
[2019.11.23-19.28.24:319][  0]LogPakFile: Registered encryption key '00000000000000000000000000000000': 0 pak files mounted, 0 remain pending
[2019.11.23-19.28.24:743][  0]LogContentBrowser: Native class hierarchy updated for 'AddContentDialog' in 0.0015 seconds. Added 0 classes and 0 folders.
[2019.11.23-19.28.24:797][  0]LogContentBrowser: Native class hierarchy updated for 'SceneOutliner' in 0.0013 seconds. Added 1 classes and 2 folders.
[2019.11.23-19.28.25:870][  0]LogSlate: Took 0.011701 seconds to synchronously load lazily loaded font '../../../Engine/Content/Slate/Fonts/Roboto-Regular.ttf' (155K)
[2019.11.23-19.28.25:886][  0]LogSlate: Took 0.010369 seconds to synchronously load lazily loaded font '../../../Engine/Content/Slate/Fonts/Roboto-Bold.ttf' (160K)
[2019.11.23-19.28.25:910][  0]LogSlate: Took 0.012172 seconds to synchronously load lazily loaded font '../../../Engine/Content/Editor/Slate/Fonts/FontAwesome.ttf' (139K)
[2019.11.23-19.28.26:209][  0]LogRenderer: Reallocating scene render targets to support 916x424 Format 10 NumSamples 1 (Frame:1).
[2019.11.23-19.28.26:981][  0]LogContentBrowser: Native class hierarchy updated for 'HierarchicalLODOutliner' in 0.0012 seconds. Added 0 classes and 0 folders.
[2019.11.23-19.28.26:982][  0]LogLoad: (Engine Initialization) Total time: 72.44 seconds
[2019.11.23-19.28.26:982][  0]LogLoad: (Engine Initialization) Total Blueprint compile time: 0.00 seconds
[2019.11.23-19.28.27:086][  0]LogContentStreaming: Texture pool size now 3000 MB
[2019.11.23-19.28.27:367][  0]LogSlate: Took 0.010662 seconds to synchronously load lazily loaded font '../../../Engine/Content/Slate/Fonts/Roboto-Light.ttf' (167K)
[2019.11.23-19.28.27:403][  1]LogFileCache: Retrieving MD5 hashes for directory 'D:/Ros2/Roots-of-Shadows/Projet Unreal/RootsOfShadows/Content/' took 0.37s
[2019.11.23-19.28.29:412][ 19]LogAssetRegistry: Asset discovery search completed in 60.9664 seconds
[2019.11.23-19.28.29:424][ 19]LogCollectionManager: Rebuilt the object cache for 0 collections in 0.000001 seconds (found 0 objects)
[2019.11.23-19.28.29:425][ 19]LogCollectionManager: Fixed up redirectors for 0 collections in 0.000594 seconds (updated 0 objects)
[2019.11.23-19.29.28:128][946]LogSlate: FSceneViewport::OnFocusLost() reason 0
[2019.11.23-19.29.30:873][ 96]LogRenderer: Reallocating scene render targets to support 916x432 Format 10 NumSamples 1 (Frame:28).
[2019.11.23-19.29.30:993][ 97]LogRenderer: Reallocating scene render targets to support 916x448 Format 10 NumSamples 1 (Frame:30).
[2019.11.23-19.29.31:103][ 98]LogRenderer: Reallocating scene render targets to support 916x456 Format 10 NumSamples 1 (Frame:32).
[2019.11.23-19.29.31:285][102]LogRenderer: Reallocating scene render targets to support 916x460 Format 10 NumSamples 1 (Frame:34).
[2019.11.23-19.29.31:415][103]LogRenderer: Reallocating scene render targets to support 916x464 Format 10 NumSamples 1 (Frame:36).
[2019.11.23-19.29.31:991][135]LogRenderer: Reallocating scene render targets to support 916x468 Format 10 NumSamples 1 (Frame:38).
[2019.11.23-19.29.32:071][136]LogRenderer: Reallocating scene render targets to support 916x472 Format 10 NumSamples 1 (Frame:40).
[2019.11.23-19.29.57:214][513]LogSlate: Took 0.007470 seconds to synchronously load lazily loaded font '../../../Engine/Content/Slate/Fonts/Roboto-Light.ttf' (167K)
[2019.11.23-19.29.57:223][513]LogAssetEditorManager: Opening Asset editor for WidgetBlueprint /Game/UIs/MainGUI.MainGUI
[2019.11.23-19.29.57:742][513]LogContentBrowser: Native class hierarchy updated for 'BlueprintGraph' in 0.0014 seconds. Added 121 classes and 0 folders.
[2019.11.23-19.29.58:884][513]LogBlueprintActionDatabase: Requesting refresh due to module change: SequencerWidgets (loaded)
[2019.11.23-19.29.59:660][513]LogSlate: Took 0.006117 seconds to synchronously load lazily loaded font '../../../Engine/Content/Slate/Fonts/Roboto-BoldCondensed.ttf' (158K)
[2019.11.23-19.56.55:948][974]LogUObjectHash: Compacting FUObjectHashTables data took  12.25ms
[2019.11.23-19.56.56:184][974]LogSlate: Window 'MainGUI' being destroyed
[2019.11.23-19.56.56:266][974]LogSlate: Window 'RootsOfShadows [DebugGame] - Unreal Editor' being destroyed
[2019.11.23-19.56.56:269][974]LogWindowsTextInputMethodSystem: Display: IME system now deactivated.
[2019.11.23-19.56.56:606][975]Cmd: QUIT_EDITOR
[2019.11.23-19.56.56:671][975]LogExit: Preparing to exit.
[2019.11.23-19.56.57:237][975]LogExit: Editor shut down
[2019.11.23-19.56.57:241][975]LogExit: Transaction tracking system shut down
[2019.11.23-19.56.58:610][975]LogExit: Object subsystem successfully closed.
[2019.11.23-19.56.58:702][975]LogShaderCompilers: Display: Shaders left to compile 0
[2019.11.23-19.56.58:767][975]LogD3D11RHI: Shutdown
[2019.11.23-19.56.58:767][975]LogD3D11RHI: CleanupD3DDevice
[2019.11.23-19.56.58:771][975]LogRendererCore: FGlobalReadBuffer::ReleaseRHI
[2019.11.23-19.56.58:771][975]LogRendererCore: FGlobalDynamicReadBuffer::Cleanup()
[2019.11.23-19.56.58:772][975]LogRendererCore: FGlobalReadBuffer::ReleaseRHI
[2019.11.23-19.56.58:772][975]LogRendererCore: FGlobalDynamicReadBuffer::Cleanup()
[2019.11.23-19.56.58:772][975]LogRendererCore: FGlobalReadBuffer::ReleaseRHI
[2019.11.23-19.56.58:772][975]LogRendererCore: FGlobalDynamicReadBuffer::Cleanup()
[2019.11.23-19.56.58:780][975]LogD3D11RHI: ~FD3D11DynamicRHI
[2019.11.23-19.56.58:849][975]LogModuleManager: Shutting down and abandoning module SequencerWidgets (648)
[2019.11.23-19.56.58:849][975]LogModuleManager: Shutting down and abandoning module BlueprintGraph (646)
[2019.11.23-19.56.58:849][975]LogModuleManager: Shutting down and abandoning module HierarchicalLODOutliner (644)
[2019.11.23-19.56.58:849][975]LogModuleManager: Shutting down and abandoning module SceneOutliner (642)
[2019.11.23-19.56.58:849][975]LogModuleManager: Shutting down and abandoning module AddContentDialog (640)
[2019.11.23-19.56.58:852][975]LogModuleManager: Shutting down and abandoning module WidgetCarousel (639)
[2019.11.23-19.56.58:852][975]LogModuleManager: Shutting down and abandoning module EditorWidgets (636)
[2019.11.23-19.56.58:852][975]LogModuleManager: Shutting down and abandoning module CollectionManager (634)
[2019.11.23-19.56.58:853][975]LogModuleManager: Shutting down and abandoning module StatsViewer (632)
[2019.11.23-19.56.58:853][975]LogModuleManager: Shutting down and abandoning module FoliageEdit (630)
[2019.11.23-19.56.58:854][975]LogModuleManager: Shutting down and abandoning module LandscapeEditor (628)
[2019.11.23-19.56.58:857][975]LogModuleManager: Shutting down and abandoning module MeshPaintMode (626)
[2019.11.23-19.56.58:857][975]LogModuleManager: Shutting down and abandoning module SceneDepthPickerMode (624)
[2019.11.23-19.56.58:857][975]LogModuleManager: Shutting down and abandoning module ActorPickerMode (622)
[2019.11.23-19.56.58:857][975]LogModuleManager: Shutting down and abandoning module GeometryMode (620)
[2019.11.23-19.56.58:858][975]LogModuleManager: Shutting down and abandoning module TextureAlignMode (618)
[2019.11.23-19.56.58:858][975]LogModuleManager: Shutting down and abandoning module BspMode (616)
[2019.11.23-19.56.58:858][975]LogModuleManager: Shutting down and abandoning module PIEPreviewDeviceProfileSelector (614)
[2019.11.23-19.56.58:860][975]LogModuleManager: Shutting down and abandoning module SequenceRecorderSections (612)
[2019.11.23-19.56.58:860][975]LogModuleManager: Shutting down and abandoning module AutomationWorker (610)
[2019.11.23-19.56.58:861][975]LogModuleManager: Shutting down and abandoning module OculusMR (608)
[2019.11.23-19.56.58:861][975]LogModuleManager: Shutting down and abandoning module AudioCaptureEditor (606)
[2019.11.23-19.56.58:861][975]LogModuleManager: Shutting down and abandoning module MatineeToLevelSequence (604)
[2019.11.23-19.56.58:861][975]LogModuleManager: Shutting down and abandoning module LevelSequenceEditor (602)
[2019.11.23-19.56.58:865][975]LogModuleManager: Shutting down and abandoning module PlacementMode (601)
[2019.11.23-19.56.58:865][975]LogModuleManager: Shutting down and abandoning module MaterialEditor (600)
[2019.11.23-19.56.58:866][975]LogModuleManager: Shutting down and abandoning module ActorSequenceEditor (596)
[2019.11.23-19.56.58:867][975]LogModuleManager: Shutting down and abandoning module WmfMediaFactory (594)
[2019.11.23-19.56.58:867][975]LogModuleManager: Shutting down and abandoning module WmfMediaEditor (592)
[2019.11.23-19.56.58:868][975]LogModuleManager: Shutting down and abandoning module WebMMediaFactory (590)
[2019.11.23-19.56.58:868][975]LogModuleManager: Shutting down and abandoning module WebMMediaEditor (588)
[2019.11.23-19.56.58:868][975]LogModuleManager: Shutting down and abandoning module WebMMedia (586)
[2019.11.23-19.56.58:868][975]LogModuleManager: Shutting down and abandoning module MediaPlayerEditor (584)
[2019.11.23-19.56.58:870][975]LogModuleManager: Shutting down and abandoning module MediaCompositingEditor (582)
[2019.11.23-19.56.58:871][975]LogModuleManager: Shutting down and abandoning module SequenceRecorder (581)
[2019.11.23-19.56.58:871][975]LogModuleManager: Shutting down and abandoning module OpenExrWrapper (578)
[2019.11.23-19.56.58:872][975]LogModuleManager: Shutting down and abandoning module ImgMediaFactory (576)
[2019.11.23-19.56.58:872][975]LogModuleManager: Shutting down and abandoning module ImgMediaEditor (574)
[2019.11.23-19.56.58:872][975]LogModuleManager: Shutting down and abandoning module AvfMediaFactory (572)
[2019.11.23-19.56.58:872][975]LogModuleManager: Shutting down and abandoning module AvfMediaEditor (570)
[2019.11.23-19.56.58:872][975]LogModuleManager: Shutting down and abandoning module AndroidMediaFactory (568)
[2019.11.23-19.56.58:872][975]LogModuleManager: Shutting down and abandoning module AndroidMediaEditor (566)
[2019.11.23-19.56.58:872][975]LogModuleManager: Shutting down and abandoning module MagicLeapCameraPreviewFactory (564)
[2019.11.23-19.56.58:872][975]LogModuleManager: Shutting down and abandoning module MagicLeapMediaCodecFactory (562)
[2019.11.23-19.56.58:873][975]LogModuleManager: Shutting down and abandoning module MagicLeapMediaFactory (560)
[2019.11.23-19.56.58:873][975]LogModuleManager: Shutting down and abandoning module MagicLeapMediaEditor (558)
[2019.11.23-19.56.58:873][975]LogModuleManager: Shutting down and abandoning module CharacterAI (556)
[2019.11.23-19.56.58:873][975]LogModuleManager: Shutting down and abandoning module SmartSnapping (554)
[2019.11.23-19.56.58:874][975]LogModuleManager: Shutting down and abandoning module SessionServices (552)
[2019.11.23-19.56.58:874][975]LogModuleManager: Shutting down and abandoning module MeshPaint (550)
[2019.11.23-19.56.58:874][975]LogModuleManager: Shutting down and abandoning module ViewportSnapping (548)
[2019.11.23-19.56.58:874][975]LogModuleManager: Shutting down and abandoning module ViewportInteraction (546)
[2019.11.23-19.56.58:874][975]LogModuleManager: Shutting down and abandoning module ClothPainter (544)
[2019.11.23-19.56.58:876][975]LogModuleManager: Shutting down and abandoning module SkeletalMeshEditor (543)
[2019.11.23-19.56.58:878][975]LogModuleManager: Shutting down and abandoning module LogVisualizer (540)
[2019.11.23-19.56.58:880][975]LogModuleManager: Shutting down and abandoning module IntroTutorials (538)
[2019.11.23-19.56.58:881][975]LogModuleManager: Shutting down and abandoning module GameProjectGeneration (537)
[2019.11.23-19.56.58:882][975]LogModuleManager: Shutting down and abandoning module LuminPlatformEditor (534)
[2019.11.23-19.56.58:882][975]LogModuleManager: Shutting down and abandoning module IOSPlatformEditor (532)
[2019.11.23-19.56.58:883][975]LogModuleManager: Shutting down and abandoning module HTML5PlatformEditor (530)
[2019.11.23-19.56.58:883][975]LogModuleManager: Shutting down and abandoning module AndroidPlatformEditor (528)
[2019.11.23-19.56.58:884][975]LogModuleManager: Shutting down and abandoning module AndroidDeviceDetection (527)
[2019.11.23-19.56.59:945][975]LogModuleManager: Shutting down and abandoning module WindowsPlatformEditor (524)
[2019.11.23-19.56.59:945][975]LogModuleManager: Shutting down and abandoning module LuminRuntimeSettings (522)
[2019.11.23-19.56.59:945][975]LogModuleManager: Shutting down and abandoning module IOSRuntimeSettings (520)
[2019.11.23-19.56.59:945][975]LogModuleManager: Shutting down and abandoning module AndroidRuntimeSettings (518)
[2019.11.23-19.56.59:946][975]LogModuleManager: Shutting down and abandoning module TimeManagementEditor (516)
[2019.11.23-19.56.59:946][975]LogModuleManager: Shutting down and abandoning module InputBindingEditor (514)
[2019.11.23-19.56.59:947][975]LogModuleManager: Shutting down and abandoning module MergeActors (512)
[2019.11.23-19.56.59:948][975]LogModuleManager: Shutting down and abandoning module LocalizationDashboard (510)
[2019.11.23-19.56.59:949][975]LogModuleManager: Shutting down and abandoning module LocalizationService (509)
[2019.11.23-19.56.59:949][975]LogModuleManager: Shutting down and abandoning module HardwareTargeting (506)
[2019.11.23-19.56.59:949][975]LogModuleManager: Shutting down and abandoning module DeviceProfileEditor (504)
[2019.11.23-19.56.59:950][975]LogModuleManager: Shutting down and abandoning module UndoHistory (502)
[2019.11.23-19.56.59:951][975]LogModuleManager: Shutting down and abandoning module XmlParser (500)
[2019.11.23-19.56.59:951][975]LogModuleManager: Shutting down and abandoning module Blutility (498)
[2019.11.23-19.56.59:952][975]LogModuleManager: Shutting down and abandoning module ProjectSettingsViewer (496)
[2019.11.23-19.56.59:952][975]LogModuleManager: Shutting down and abandoning module ProjectTargetPlatformEditor (495)
[2019.11.23-19.56.59:954][975]LogModuleManager: Shutting down and abandoning module EditorSettingsViewer (492)
[2019.11.23-19.56.59:954][975]LogModuleManager: Shutting down and abandoning module SettingsEditor (490)
[2019.11.23-19.56.59:955][975]LogModuleManager: Shutting down and abandoning module ProjectLauncher (488)
[2019.11.23-19.56.59:957][975]LogModuleManager: Shutting down and abandoning module SessionFrontend (486)
[2019.11.23-19.56.59:958][975]LogModuleManager: Shutting down and abandoning module ProfilerClient (484)
[2019.11.23-19.56.59:958][975]LogModuleManager: Shutting down and abandoning module DeviceManager (482)
[2019.11.23-19.56.59:959][975]LogModuleManager: Shutting down and abandoning module TargetDeviceServices (481)
[2019.11.23-19.57.00:016][975]LogModuleManager: Shutting down and abandoning module AutomationController (478)
[2019.11.23-19.57.00:017][975]LogModuleManager: Shutting down and abandoning module AutomationWindow (476)
[2019.11.23-19.57.00:018][975]LogModuleManager: Shutting down and abandoning module Layers (474)
[2019.11.23-19.57.00:020][975]LogModuleManager: Shutting down and abandoning module ComponentVisualizers (472)
[2019.11.23-19.57.00:020][975]LogModuleManager: Shutting down and abandoning module DetailCustomizations (470)
[2019.11.23-19.57.00:021][975]LogModuleManager: Shutting down and abandoning module PackagesDialog (468)
[2019.11.23-19.57.00:022][975]LogModuleManager: Shutting down and abandoning module AnimationBlueprintEditor (466)
[2019.11.23-19.57.00:025][975]LogModuleManager: Shutting down and abandoning module Persona (464)
[2019.11.23-19.57.00:027][975]LogModuleManager: Shutting down and abandoning module AdvancedPreviewScene (463)
[2019.11.23-19.57.00:027][975]LogModuleManager: Shutting down and abandoning module AnimGraph (461)
[2019.11.23-19.57.00:027][975]LogModuleManager: Shutting down and abandoning module Kismet (458)
[2019.11.23-19.57.00:037][975]LogModuleManager: Shutting down and abandoning module GraphEditor (456)
[2019.11.23-19.57.00:038][975]LogModuleManager: Shutting down and abandoning module ClassViewer (454)
[2019.11.23-19.57.00:038][975]LogModuleManager: Shutting down and abandoning module Toolbox (452)
[2019.11.23-19.57.00:038][975]LogModuleManager: Shutting down and abandoning module DesktopPlatform (451)
[2019.11.23-19.57.00:038][975]LogModuleManager: Shutting down and abandoning module ModuleUI (448)
[2019.11.23-19.57.00:039][975]LogModuleManager: Shutting down and abandoning module MovieSceneTools (446)
[2019.11.23-19.57.00:039][975]LogModuleManager: Shutting down and abandoning module OutputLog (444)
[2019.11.23-19.57.00:039][975]LogModuleManager: Shutting down and abandoning module GammaUI (442)
[2019.11.23-19.57.00:040][975]LogModuleManager: Shutting down and abandoning module Documentation (440)
[2019.11.23-19.57.00:040][975]LogModuleManager: Shutting down and abandoning module LiveCoding (438)
[2019.11.23-19.57.00:040][975]LogModuleManager: Shutting down and abandoning module LevelSequence (436)
[2019.11.23-19.57.00:041][975]LogModuleManager: Shutting down and abandoning module MovieSceneTracks (434)
[2019.11.23-19.57.00:041][975]LogModuleManager: Shutting down and abandoning module MovieScene (432)
[2019.11.23-19.57.00:041][975]LogModuleManager: Shutting down and abandoning module StreamingPauseRendering (430)
[2019.11.23-19.57.00:041][975]LogModuleManager: Shutting down and abandoning module LauncherPlatform (428)
[2019.11.23-19.57.00:041][975]LogModuleManager: Shutting down and abandoning module AnalyticsET (426)
[2019.11.23-19.57.00:042][975]LogModuleManager: Shutting down and abandoning module PortalServices (424)
[2019.11.23-19.57.00:042][975]LogModuleManager: Shutting down and abandoning module PortalRpc (422)
[2019.11.23-19.57.00:042][975]LogModuleManager: Shutting down and abandoning module MessagingRpc (420)
[2019.11.23-19.57.00:042][975]LogModuleManager: Shutting down and abandoning module AIModule (418)
[2019.11.23-19.57.00:043][975]LogModuleManager: Shutting down and abandoning module GameplayDebugger (417)
[2019.11.23-19.57.00:043][975]LogModuleManager: Shutting down and abandoning module AITestSuite (415)
[2019.11.23-19.57.00:043][975]LogModuleManager: Shutting down and abandoning module NavigationSystem (413)
[2019.11.23-19.57.00:044][975]LogModuleManager: Shutting down and abandoning module ImageWriteQueue (410)
[2019.11.23-19.57.00:052][975]LogModuleManager: Shutting down and abandoning module ProfilerService (408)
[2019.11.23-19.57.00:222][975]LogModuleManager: Shutting down and abandoning module TaskGraph (406)
[2019.11.23-19.57.00:223][975]LogModuleManager: Shutting down and abandoning module SteamVRController (404)
[2019.11.23-19.57.00:224][975]LogModuleManager: Shutting down and abandoning module ProceduralMeshComponentEditor (402)
[2019.11.23-19.57.00:224][975]LogModuleManager: Shutting down and abandoning module ProceduralMeshComponent (400)
[2019.11.23-19.57.00:224][975]LogModuleManager: Shutting down and abandoning module OculusEditor (398)
[2019.11.23-19.57.00:225][975]LogModuleManager: Shutting down and abandoning module OculusInput (396)
[2019.11.23-19.57.00:225][975]LogModuleManager: Shutting down and abandoning module MobilePatchingUtils (394)
[2019.11.23-19.57.00:225][975]LogModuleManager: Shutting down and abandoning module EditableMesh (392)
[2019.11.23-19.57.00:225][975]LogModuleManager: Shutting down and abandoning module CustomMeshComponent (390)
[2019.11.23-19.57.00:226][975]LogModuleManager: Shutting down and abandoning module CableComponent (388)
[2019.11.23-19.57.00:226][975]LogModuleManager: Shutting down and abandoning module AudioCapture (386)
[2019.11.23-19.57.00:226][975]LogModuleManager: Shutting down and abandoning module ArchVisCharacter (384)
[2019.11.23-19.57.00:226][975]LogModuleManager: Shutting down and abandoning module AndroidPermission (382)
[2019.11.23-19.57.00:226][975]LogModuleManager: Shutting down and abandoning module NUTUnrealEngine4 (380)
[2019.11.23-19.57.00:226][975]LogModuleManager: Shutting down and abandoning module NetcodeUnitTest (378)
[2019.11.23-19.57.00:227][975]LogModuleManager: Shutting down and abandoning module MediaCompositing (376)
[2019.11.23-19.57.00:227][975]LogModuleManager: Shutting down and abandoning module LinearTimecode (374)
[2019.11.23-19.57.00:227][975]LogModuleManager: Shutting down and abandoning module ImgMedia (372)
[2019.11.23-19.57.00:227][975]LogModuleManager: Shutting down and abandoning module MagicLeapHelperVulkan (370)
[2019.11.23-19.57.00:228][975]LogModuleManager: Shutting down and abandoning module MagicLeapHelperOpenGL (368)
[2019.11.23-19.57.00:228][975]LogModuleManager: Shutting down and abandoning module MagicLeapAudio (366)
[2019.11.23-19.57.00:228][975]LogModuleManager: Shutting down and abandoning module HTML5Networking (364)
[2019.11.23-19.57.00:228][975]LogModuleManager: Shutting down and abandoning module GeometryCacheTracks (362)
[2019.11.23-19.57.00:228][975]LogModuleManager: Shutting down and abandoning module GeometryCacheSequencer (360)
[2019.11.23-19.57.00:228][975]LogModuleManager: Shutting down and abandoning module BackChannel (358)
[2019.11.23-19.57.00:229][975]LogModuleManager: Shutting down and abandoning module AppleVision (356)
[2019.11.23-19.57.00:229][975]LogModuleManager: Shutting down and abandoning module AppleImageUtilsBlueprintSupport (354)
[2019.11.23-19.57.00:229][975]LogModuleManager: Shutting down and abandoning module AppleImageUtils (352)
[2019.11.23-19.57.00:229][975]LogModuleManager: Shutting down and abandoning module AlembicImporter (350)
[2019.11.23-19.57.00:229][975]LogModuleManager: Shutting down and abandoning module AlembicLibrary (349)
[2019.11.23-19.57.00:229][975]LogModuleManager: Shutting down and abandoning module GeometryCache (348)
[2019.11.23-19.57.00:229][975]LogModuleManager: Shutting down and abandoning module GeometryCacheEd (347)
[2019.11.23-19.57.00:230][975]LogModuleManager: Shutting down and abandoning module VariantManagerContent (342)
[2019.11.23-19.57.00:230][975]LogModuleManager: Shutting down and abandoning module DatasmithContentEditor (340)
[2019.11.23-19.57.00:230][975]LogModuleManager: Shutting down and abandoning module SpeedTreeImporter (338)
[2019.11.23-19.57.00:230][975]LogModuleManager: Shutting down and abandoning module PluginBrowser (336)
[2019.11.23-19.57.00:232][975]LogModuleManager: Shutting down and abandoning module MobileLauncherProfileWizard (334)
[2019.11.23-19.57.00:233][975]LogModuleManager: Shutting down and abandoning module MaterialAnalyzer (332)
[2019.11.23-19.57.00:234][975]LogModuleManager: Shutting down and abandoning module CryptoKeysOpenSSL (330)
[2019.11.23-19.57.00:234][975]LogModuleManager: Shutting down and abandoning module CryptoKeys (328)
[2019.11.23-19.57.00:234][975]LogModuleManager: Shutting down and abandoning module VisualStudioSourceCodeAccess (326)
[2019.11.23-19.57.00:234][975]LogModuleManager: Shutting down and abandoning module VisualStudioCodeSourceCodeAccess (324)
[2019.11.23-19.57.00:234][975]LogModuleManager: Shutting down and abandoning module UObjectPlugin (322)
[2019.11.23-19.57.00:234][975]LogModuleManager: Shutting down and abandoning module SubversionSourceControl (320)
[2019.11.23-19.57.00:236][975]LogModuleManager: Shutting down and abandoning module PerforceSourceControl (318)
[2019.11.23-19.57.00:237][975]LogModuleManager: Shutting down and abandoning module GitSourceControl (316)
[2019.11.23-19.57.00:240][975]LogModuleManager: Shutting down and abandoning module SourceControl (315)
[2019.11.23-19.57.00:241][975]LogModuleManager: Shutting down and abandoning module CLionSourceCodeAccess (312)
[2019.11.23-19.57.00:241][975]LogModuleManager: Shutting down and abandoning module AnimationSharingEd (310)
[2019.11.23-19.57.00:241][975]LogModuleManager: Shutting down and abandoning module ActorLayerUtilitiesEditor (308)
[2019.11.23-19.57.00:242][975]LogModuleManager: Shutting down and abandoning module ActorLayerUtilities (306)
[2019.11.23-19.57.00:242][975]LogModuleManager: Shutting down and abandoning module LightPropagationVolumeEditor (304)
[2019.11.23-19.57.00:242][975]LogModuleManager: Shutting down and abandoning module PaperTiledImporter (302)
[2019.11.23-19.57.00:242][975]LogModuleManager: Shutting down and abandoning module PaperSpriteSheetImporter (300)
[2019.11.23-19.57.00:242][975]LogModuleManager: Shutting down and abandoning module Paper2DEditor (298)
[2019.11.23-19.57.00:244][975]LogModuleManager: Shutting down and abandoning module RootsOfShadows (296)
[2019.11.23-19.57.00:244][975]LogModuleManager: Shutting down and abandoning module SignificanceManager (294)
[2019.11.23-19.57.00:244][975]LogModuleManager: Shutting down and abandoning module RuntimePhysXCooking (292)
[2019.11.23-19.57.00:244][975]LogModuleManager: Shutting down and abandoning module PhysXVehiclesEditor (290)
[2019.11.23-19.57.00:245][975]LogModuleManager: Shutting down and abandoning module PhysXVehicles (288)
[2019.11.23-19.57.00:245][975]LogModuleManager: Shutting down and abandoning module LocationServicesBPLibrary (286)
[2019.11.23-19.57.00:245][975]LogModuleManager: Shutting down and abandoning module ActorSequence (284)
[2019.11.23-19.57.00:245][975]LogModuleManager: Shutting down and abandoning module UdpMessaging (282)
[2019.11.23-19.57.00:346][975]LogModuleManager: Shutting down and abandoning module TcpMessaging (280)
[2019.11.23-19.57.00:446][975]LogModuleManager: Shutting down and abandoning module MagicLeapIdentity (278)
[2019.11.23-19.57.00:447][975]LogModuleManager: Shutting down and abandoning module MagicLeapSecureStorage (276)
[2019.11.23-19.57.00:447][975]LogModuleManager: Shutting down and abandoning module MagicLeapHandTracking (274)
[2019.11.23-19.57.00:450][975]LogModuleManager: Shutting down and abandoning module MagicLeapEyeTracker (272)
[2019.11.23-19.57.00:452][975]LogModuleManager: Shutting down and abandoning module MagicLeapController (270)
[2019.11.23-19.57.00:459][975]LogSlate: Slate User Destroyed.  User Index 0, Is Virtual User: 0
[2019.11.23-19.57.00:461][975]LogModuleManager: Shutting down and abandoning module MagicLeapAR (268)
[2019.11.23-19.57.00:462][975]LogModuleManager: Shutting down and abandoning module AugmentedReality (267)
[2019.11.23-19.57.00:462][975]LogModuleManager: Shutting down and abandoning module GameplayTagsEditor (264)
[2019.11.23-19.57.00:463][975]LogModuleManager: Shutting down and abandoning module FacialAnimationEditor (262)
[2019.11.23-19.57.00:463][975]LogModuleManager: Shutting down and abandoning module FacialAnimation (260)
[2019.11.23-19.57.00:463][975]LogModuleManager: Shutting down and abandoning module DataValidation (258)
[2019.11.23-19.57.00:463][975]LogModuleManager: Shutting down and abandoning module AssetManagerEditor (256)
[2019.11.23-19.57.00:468][975]LogModuleManager: Shutting down and abandoning module LevelEditor (255)
[2019.11.23-19.57.00:474][975]LogModuleManager: Shutting down and abandoning module PixelInspectorModule (254)
[2019.11.23-19.57.00:475][975]LogModuleManager: Shutting down and abandoning module CommonMenuExtensions (252)
[2019.11.23-19.57.00:476][975]LogModuleManager: Shutting down and abandoning module MainFrame (250)
[2019.11.23-19.57.00:476][975]LogModuleManager: Shutting down and abandoning module HotReload (249)
[2019.11.23-19.57.00:478][975]LogModuleManager: Shutting down and abandoning module ContentBrowser (245)
[2019.11.23-19.57.00:481][975]LogModuleManager: Shutting down and abandoning module TreeMap (243)
[2019.11.23-19.57.00:482][975]LogModuleManager: Shutting down and abandoning module AnimationSharing (240)
[2019.11.23-19.57.00:482][975]LogModuleManager: Shutting down and abandoning module LightPropagationVolumeRuntime (238)
[2019.11.23-19.57.00:482][975]LogModuleManager: Shutting down and abandoning module AISupportModule (236)
[2019.11.23-19.57.00:482][975]LogModuleManager: Shutting down and abandoning module Paper2D (234)
[2019.11.23-19.57.00:483][975]LogModuleManager: Shutting down and abandoning module WindowsMoviePlayer (232)
[2019.11.23-19.57.00:483][975]LogModuleManager: Shutting down and abandoning module WebMMoviePlayer (230)
[2019.11.23-19.57.00:484][975]LogModuleManager: Shutting down and abandoning module PacketHandler (228)
[2019.11.23-19.57.00:485][975]LogModuleManager: Shutting down and abandoning module ClothingSystemEditor (226)
[2019.11.23-19.57.00:485][975]LogModuleManager: Shutting down and abandoning module ClothingSystemRuntime (224)
[2019.11.23-19.57.00:486][975]LogModuleManager: Shutting down and abandoning module MediaAssets (222)
[2019.11.23-19.57.00:487][975]LogModuleManager: Shutting down and abandoning module Overlay (220)
[2019.11.23-19.57.00:487][975]LogModuleManager: Shutting down and abandoning module OverlayEditor (219)
[2019.11.23-19.57.00:487][975]LogModuleManager: Shutting down and abandoning module VREditor (216)
[2019.11.23-19.57.00:488][975]LogModuleManager: Shutting down and abandoning module StringTableEditor (214)
[2019.11.23-19.57.00:492][975]LogModuleManager: Shutting down and abandoning module GameplayTasksEditor (212)
[2019.11.23-19.57.00:493][975]LogModuleManager: Shutting down and abandoning module BehaviorTreeEditor (210)
[2019.11.23-19.57.00:497][975]LogModuleManager: Shutting down and abandoning module FunctionalTesting (208)
[2019.11.23-19.57.00:499][975]LogModuleManager: Shutting down and abandoning module CollisionAnalyzer (206)
[2019.11.23-19.57.00:500][975]LogModuleManager: Shutting down and abandoning module WorkspaceMenuStructure (205)
[2019.11.23-19.57.00:508][975]LogModuleManager: Shutting down and abandoning module UMG (202)
[2019.11.23-19.57.00:509][975]LogModuleManager: Shutting down and abandoning module UMGEditor (201)
[2019.11.23-19.57.00:509][975]LogModuleManager: Shutting down and abandoning module Sequencer (200)
[2019.11.23-19.57.00:510][975]LogModuleManager: Shutting down and abandoning module MessageLog (197)
[2019.11.23-19.57.00:510][975]LogModuleManager: Shutting down and abandoning module SlateReflector (192)
[2019.11.23-19.57.00:513][975]LogModuleManager: Shutting down and abandoning module Slate (190)
[2019.11.23-19.57.00:513][975]LogModuleManager: Shutting down and abandoning module EditorStyle (188)
[2019.11.23-19.57.00:518][975]LogModuleManager: Shutting down and abandoning module UnrealEd (186)
[2019.11.23-19.57.00:520][975]LogModuleManager: Shutting down and abandoning module MRMesh (184)
[2019.11.23-19.57.00:520][975]LogModuleManager: Shutting down and abandoning module SourceCodeAccess (182)
[2019.11.23-19.57.00:521][975]LogModuleManager: Shutting down and abandoning module HeadMountedDisplay (180)
[2019.11.23-19.57.00:521][975]LogModuleManager: Shutting down and abandoning module XAudio2 (178)
[2019.11.23-19.57.00:521][975]LogModuleManager: Shutting down and abandoning module Networking (176)
[2019.11.23-19.57.00:521][975]LogModuleManager: Shutting down and abandoning module Core (174)
[2019.11.23-19.57.00:521][975]LogModuleManager: Shutting down and abandoning module KismetCompiler (172)
[2019.11.23-19.57.00:521][975]LogModuleManager: Shutting down and abandoning module MeshUtilities (170)
[2019.11.23-19.57.00:521][975]LogModuleManager: Shutting down and abandoning module MeshMergeUtilities (169)
[2019.11.23-19.57.00:522][975]LogModuleManager: Shutting down and abandoning module MeshReductionInterface (168)
[2019.11.23-19.57.00:522][975]LogModuleManager: Shutting down and abandoning module SkeletalMeshReduction (167)
[2019.11.23-19.57.00:522][975]LogModuleManager: Shutting down and abandoning module ProxyLODMeshReduction (165)
[2019.11.23-19.57.00:525][975]LogModuleManager: Shutting down and abandoning module QuadricMeshReduction (163)
[2019.11.23-19.57.00:526][975]LogModuleManager: Shutting down and abandoning module MaterialBaking (159)
[2019.11.23-19.57.00:526][975]LogModuleManager: Shutting down and abandoning module DerivedDataCache (154)
[2019.11.23-19.57.00:604][975]LogDerivedDataCache: Shutdown
[2019.11.23-19.57.00:604][975]LogModuleManager: Shutting down and abandoning module XGEController (152)
[2019.11.23-19.57.00:604][975]LogXGEController: Cleaning working directory: C:/Users/AmethystMol/AppData/Local/Temp/UnrealXGEWorkingDir/
[2019.11.23-19.57.00:605][975]LogModuleManager: Shutting down and abandoning module TargetPlatform (150)
[2019.11.23-19.57.00:606][975]LogModuleManager: Shutting down and abandoning module VulkanShaderFormat (149)
[2019.11.23-19.57.00:607][975]LogModuleManager: Shutting down and abandoning module ShaderFormatVectorVM (147)
[2019.11.23-19.57.00:607][975]LogModuleManager: Shutting down and abandoning module ShaderFormatOpenGL (145)
[2019.11.23-19.57.00:607][975]LogModuleManager: Shutting down and abandoning module ShaderFormatD3D (143)
[2019.11.23-19.57.00:608][975]LogModuleManager: Shutting down and abandoning module MetalShaderFormat (141)
[2019.11.23-19.57.00:608][975]LogModuleManager: Shutting down and abandoning module TextureFormatUncompressed (139)
[2019.11.23-19.57.00:608][975]LogModuleManager: Shutting down and abandoning module TextureFormatPVR (137)
[2019.11.23-19.57.00:608][975]LogModuleManager: Shutting down and abandoning module TextureFormatDXT (135)
[2019.11.23-19.57.00:609][975]LogModuleManager: Shutting down and abandoning module TextureFormatIntelISPCTexComp (133)
[2019.11.23-19.57.00:610][975]LogModuleManager: Shutting down and abandoning module TextureFormatASTC (131)
[2019.11.23-19.57.00:610][975]LogModuleManager: Shutting down and abandoning module ImageWrapper (130)
[2019.11.23-19.57.00:610][975]LogModuleManager: Shutting down and abandoning module TextureFormatAndroid (127)
[2019.11.23-19.57.00:610][975]LogModuleManager: Shutting down and abandoning module AudioFormatOpus (125)
[2019.11.23-19.57.00:611][975]LogModuleManager: Shutting down and abandoning module AudioFormatOgg (123)
[2019.11.23-19.57.00:611][975]LogModuleManager: Shutting down and abandoning module AudioFormatADPCM (121)
[2019.11.23-19.57.00:611][975]LogModuleManager: Shutting down and abandoning module LuminTargetPlatform (119)
[2019.11.23-19.57.00:625][975]LogModuleManager: Shutting down and abandoning module LinuxTargetPlatform (117)
[2019.11.23-19.57.00:625][975]LogModuleManager: Shutting down and abandoning module LinuxServerTargetPlatform (115)
[2019.11.23-19.57.00:626][975]LogModuleManager: Shutting down and abandoning module LinuxNoEditorTargetPlatform (113)
[2019.11.23-19.57.00:626][975]LogModuleManager: Shutting down and abandoning module LinuxClientTargetPlatform (111)
[2019.11.23-19.57.00:626][975]LogModuleManager: Shutting down and abandoning module TVOSTargetPlatform (109)
[2019.11.23-19.57.00:632][975]LogModuleManager: Shutting down and abandoning module Messaging (107)
[2019.11.23-19.57.00:632][975]LogModuleManager: Shutting down and abandoning module IOSTargetPlatform (105)
[2019.11.23-19.57.00:637][975]LogModuleManager: Shutting down and abandoning module HTML5TargetPlatform (103)
[2019.11.23-19.57.00:637][975]LogModuleManager: Shutting down and abandoning module AndroidTargetPlatform (101)
[2019.11.23-19.57.00:673][975]LogModuleManager: Shutting down and abandoning module WindowsTargetPlatform (99)
[2019.11.23-19.57.00:673][975]LogModuleManager: Shutting down and abandoning module WindowsServerTargetPlatform (97)
[2019.11.23-19.57.00:674][975]LogModuleManager: Shutting down and abandoning module WindowsNoEditorTargetPlatform (95)
[2019.11.23-19.57.00:674][975]LogModuleManager: Shutting down and abandoning module WindowsClientTargetPlatform (93)
[2019.11.23-19.57.00:674][975]LogModuleManager: Shutting down and abandoning module MacTargetPlatform (91)
[2019.11.23-19.57.00:674][975]LogModuleManager: Shutting down and abandoning module MacServerTargetPlatform (89)
[2019.11.23-19.57.00:674][975]LogModuleManager: Shutting down and abandoning module MacNoEditorTargetPlatform (87)
[2019.11.23-19.57.00:674][975]LogModuleManager: Shutting down and abandoning module MacClientTargetPlatform (85)
[2019.11.23-19.57.00:674][975]LogModuleManager: Shutting down and abandoning module AllDesktopTargetPlatform (83)
[2019.11.23-19.57.00:674][975]LogModuleManager: Shutting down and abandoning module InputCore (80)
[2019.11.23-19.57.00:675][975]LogModuleManager: Shutting down and abandoning module Settings (78)
[2019.11.23-19.57.00:675][975]LogModuleManager: Shutting down and abandoning module DirectoryWatcher (76)
[2019.11.23-19.57.00:676][975]LogModuleManager: Shutting down and abandoning module PhysXCooking (74)
[2019.11.23-19.57.00:676][975]LogModuleManager: Shutting down and abandoning module SteamVR (72)
[2019.11.23-19.57.00:676][975]LogHMD: Freeing OpenVRDLLHandle.
[2019.11.23-19.57.00:677][975]LogModuleManager: Shutting down and abandoning module OculusHMD (70)
[2019.11.23-19.57.00:677][975]LogModuleManager: Shutting down and abandoning module ExampleDeviceProfileSelector (68)
[2019.11.23-19.57.00:677][975]LogModuleManager: Shutting down and abandoning module LauncherChunkInstaller (66)
[2019.11.23-19.57.00:677][975]LogModuleManager: Shutting down and abandoning module OnlineBlueprintSupport (64)
[2019.11.23-19.57.00:678][975]LogModuleManager: Shutting down and abandoning module OnlineSubsystem (60)
[2019.11.23-19.57.00:681][975]LogModuleManager: Shutting down and abandoning module XMPP (55)
[2019.11.23-19.57.00:681][975]LogModuleManager: Shutting down and abandoning module WebSockets (54)
[2019.11.23-19.57.00:693][975]LogModuleManager: Shutting down and abandoning module HTTP (51)
[2019.11.23-19.57.00:693][975]LogHttp: Display: Http module shutting down, but needs to wait on 1 outstanding Http requests:
[2019.11.23-19.57.00:693][975]LogHttp: Display: 	verb=[POST] url=[https://datarouter.ol.epicgames.com/datarouter/api/v1/public/data?SessionID=%7B3D5E0599-4B4F-166D-4CE0-97928311A792%7D&AppID=UEEditor.Rocket.Release&AppVersion=4.22.3-7053642%2B%2B%2BUE4%2BRelease-4.22&UserID=660c6ada460a00604bcfcf9f8135fe4b%7C6606a22dee974106bc62b4fbcd21128a%7Ca4f7d2ac-c301-4903-ae81-7a4e91c26251&AppEnvironment=datacollector-binary&UploadType=eteventstream] status=Processing
[2019.11.23-19.57.00:714][975]LogModuleManager: Shutting down and abandoning module SSL (50)
[2019.11.23-19.57.00:716][975]LogModuleManager: Shutting down and abandoning module WmfMedia (46)
[2019.11.23-19.57.00:721][975]LogModuleManager: Shutting down and abandoning module Media (45)
[2019.11.23-19.57.00:728][975]LogModuleManager: Shutting down and abandoning module MagicLeap (42)
[2019.11.23-19.57.00:729][975]LogModuleManager: Shutting down and abandoning module DatasmithContent (40)
[2019.11.23-19.57.00:730][975]LogModuleManager: Shutting down and abandoning module AnimationModifiers (38)
[2019.11.23-19.57.00:731][975]LogModuleManager: Shutting down and abandoning module PropertyEditor (37)
[2019.11.23-19.57.00:734][975]LogModuleManager: Shutting down and abandoning module AudioEditor (34)
[2019.11.23-19.57.00:737][975]LogModuleManager: Shutting down and abandoning module TextureCompressor (32)
[2019.11.23-19.57.00:739][975]LogModuleManager: Shutting down and abandoning module RenderCore (30)
[2019.11.23-19.57.00:743][975]LogModuleManager: Shutting down and abandoning module Landscape (28)
[2019.11.23-19.57.00:743][975]LogModuleManager: Shutting down and abandoning module SlateRHIRenderer (26)
[2019.11.23-19.57.00:748][975]LogModuleManager: Shutting down and abandoning module OpenGLDrv (24)
[2019.11.23-19.57.00:753][975]LogModuleManager: Shutting down and abandoning module D3D11RHI (22)
[2019.11.23-19.57.00:753][975]LogModuleManager: Shutting down and abandoning module AnimGraphRuntime (20)
[2019.11.23-19.57.00:753][975]LogModuleManager: Shutting down and abandoning module Renderer (18)
[2019.11.23-19.57.00:754][975]LogModuleManager: Shutting down and abandoning module Engine (16)
[2019.11.23-19.57.00:754][975]LogModuleManager: Shutting down and abandoning module CoreUObject (14)
[2019.11.23-19.57.00:754][975]LogModuleManager: Shutting down and abandoning module NetworkFile (12)
[2019.11.23-19.57.00:754][975]LogModuleManager: Shutting down and abandoning module CookedIterativeFile (10)
[2019.11.23-19.57.00:754][975]LogModuleManager: Shutting down and abandoning module StreamingFile (8)
[2019.11.23-19.57.00:755][975]LogModuleManager: Shutting down and abandoning module SandboxFile (6)
[2019.11.23-19.57.00:755][975]LogModuleManager: Shutting down and abandoning module PakFile (4)
[2019.11.23-19.57.00:755][975]LogModuleManager: Shutting down and abandoning module RSA (3)
[2019.11.23-19.57.00:794][975]LogExit: Exiting.
[2019.11.23-19.57.00:804][975]Log file closed, 11/23/19 14:57:00
