Log file open, 11/24/19 17:11:54
LogWindows: Failed to load 'aqProf.dll' (GetLastError=126)
LogWindows: File 'aqProf.dll' does not exist
LogWindows: Failed to load 'VtuneApi.dll' (GetLastError=126)
LogWindows: File 'VtuneApi.dll' does not exist
LogWindows: Failed to load 'VtuneApi32e.dll' (GetLastError=126)
LogWindows: File 'VtuneApi32e.dll' does not exist
LogConsoleResponse: Display: Failed to find resolution value strings in scalability ini. Falling back to default.
LogInit: Display: Running engine for game: RootsOfShadows
LogPakFile: Registered encryption key '00000000000000000000000000000000': 0 pak files mounted, 0 remain pending
LogPlatformFile: Not using cached read wrapper
LogTaskGraph: Started task graph with 5 named threads and 23 total threads with 3 sets of task threads.
LogStats: Stats thread started at 0.814638
LogD3D11RHI: Loaded GFSDK_Aftermath_Lib.x64.dll
LogICUInternationalization: ICU TimeZone Detection - Raw Offset: -5:00, Platform Override: ''
LogPluginManager: Mounting plugin Paper2D
LogPluginManager: Mounting plugin AISupport
LogPluginManager: Mounting plugin LightPropagationVolume
LogPluginManager: Mounting plugin ActorLayerUtilities
LogPluginManager: Mounting plugin AnimationSharing
LogPluginManager: Mounting plugin CLionSourceCodeAccess
LogPluginManager: Mounting plugin CodeLiteSourceCodeAccess
LogPluginManager: Mounting plugin GitSourceControl
LogPluginManager: Mounting plugin KDevelopSourceCodeAccess
LogPluginManager: Mounting plugin NullSourceCodeAccess
LogPluginManager: Mounting plugin PerforceSourceControl
LogPluginManager: Mounting plugin SubversionSourceControl
LogPluginManager: Mounting plugin UObjectPlugin
LogPluginManager: Mounting plugin VisualStudioCodeSourceCodeAccess
LogPluginManager: Mounting plugin VisualStudioSourceCodeAccess
LogPluginManager: Mounting plugin XCodeSourceCodeAccess
LogPluginManager: Mounting plugin AssetManagerEditor
LogPluginManager: Mounting plugin CryptoKeys
LogPluginManager: Mounting plugin DataValidation
LogPluginManager: Mounting plugin FacialAnimation
LogPluginManager: Mounting plugin GameplayTagsEditor
LogPluginManager: Mounting plugin MacGraphicsSwitching
LogPluginManager: Mounting plugin MaterialAnalyzer
LogPluginManager: Mounting plugin MobileLauncherProfileWizard
LogPluginManager: Mounting plugin PluginBrowser
LogPluginManager: Mounting plugin SpeedTreeImporter
LogPluginManager: Mounting plugin DatasmithContent
LogPluginManager: Mounting plugin VariantManagerContent
LogPluginManager: Mounting plugin AlembicImporter
LogPluginManager: Mounting plugin AppleImageUtils
LogPluginManager: Mounting plugin AppleVision
LogPluginManager: Mounting plugin BackChannel
LogPluginManager: Mounting plugin CharacterAI
LogPluginManager: Mounting plugin GeometryCache
LogPluginManager: Mounting plugin HTML5Networking
LogPluginManager: Mounting plugin ProxyLODPlugin
LogPluginManager: Mounting plugin SkeletalReduction
LogPluginManager: Mounting plugin MagicLeap
LogPluginManager: Mounting plugin MagicLeapMedia
LogPluginManager: Mounting plugin AndroidMedia
LogPluginManager: Mounting plugin AvfMedia
LogPluginManager: Mounting plugin ImgMedia
LogPluginManager: Mounting plugin LinearTimecode
LogPluginManager: Mounting plugin MediaCompositing
LogPluginManager: Mounting plugin MediaPlayerEditor
LogPluginManager: Mounting plugin WebMMedia
LogPluginManager: Mounting plugin WmfMedia
LogPluginManager: Mounting plugin TcpMessaging
LogPluginManager: Mounting plugin UdpMessaging
LogPluginManager: Mounting plugin ActorSequence
LogPluginManager: Mounting plugin LevelSequenceEditor
LogPluginManager: Mounting plugin MatineeToLevelSequence
LogPluginManager: Mounting plugin NetcodeUnitTest
LogPluginManager: Mounting plugin NUTUnrealEngine4
LogPluginManager: Mounting plugin OnlineSubsystemGooglePlay
LogPluginManager: Mounting plugin OnlineSubsystemIOS
LogPluginManager: Mounting plugin OnlineSubsystem
LogPluginManager: Mounting plugin OnlineSubsystemNull
LogPluginManager: Mounting plugin OnlineSubsystemUtils
LogPluginManager: Mounting plugin LauncherChunkInstaller
LogPluginManager: Mounting plugin AndroidDeviceProfileSelector
LogPluginManager: Mounting plugin AndroidMoviePlayer
LogPluginManager: Mounting plugin AndroidPermission
LogPluginManager: Mounting plugin AppleMoviePlayer
LogPluginManager: Mounting plugin ArchVisCharacter
LogPluginManager: Mounting plugin AudioCapture
LogPluginManager: Mounting plugin CableComponent
LogPluginManager: Mounting plugin CustomMeshComponent
LogPluginManager: Mounting plugin EditableMesh
LogPluginManager: Mounting plugin ExampleDeviceProfileSelector
LogPluginManager: Mounting plugin Firebase
LogPluginManager: Mounting plugin GoogleCloudMessaging
LogPluginManager: Mounting plugin IOSDeviceProfileSelector
LogPluginManager: Mounting plugin LinuxDeviceProfileSelector
LogPluginManager: Mounting plugin LocationServicesBPLibrary
LogPluginManager: Mounting plugin MobilePatchingUtils
LogPluginManager: Mounting plugin OculusVR
LogPluginManager: Mounting plugin PhysXVehicles
LogPluginManager: Mounting plugin ProceduralMeshComponent
LogPluginManager: Mounting plugin RuntimePhysXCooking
LogPluginManager: Mounting plugin SignificanceManager
LogPluginManager: Mounting plugin SteamVR
LogPluginManager: Mounting plugin WebMMoviePlayer
LogPluginManager: Mounting plugin WindowsMoviePlayer
LogInit: Using libcurl 7.55.1-DEV
LogInit:  - built for x86_64-pc-win32
LogInit:  - supports SSL with OpenSSL/1.1.1
LogInit:  - supports HTTP deflate (compression) using libz 1.2.8
LogInit:  - other features:
LogInit:      CURL_VERSION_SSL
LogInit:      CURL_VERSION_LIBZ
LogInit:      CURL_VERSION_IPV6
LogInit:      CURL_VERSION_ASYNCHDNS
LogInit:      CURL_VERSION_LARGEFILE
LogInit:      CURL_VERSION_IDN
LogInit:  CurlRequestOptions (configurable via config and command line):
LogInit:  - bVerifyPeer = true  - Libcurl will verify peer certificate
LogInit:  - bUseHttpProxy = false  - Libcurl will NOT use HTTP proxy
LogInit:  - bDontReuseConnections = false  - Libcurl will reuse connections
LogInit:  - MaxHostConnections = 16  - Libcurl will limit the number of connections to a host
LogInit:  - LocalHostAddr = Default
LogInit:  - BufferSize = 65536
LogInit: WinSock: version 1.1 (2.2), MaxSocks=32767, MaxUdp=65467
LogInit: Build: ++UE4+Release-4.22-CL-7053642
LogInit: Engine Version: 4.22.3-7053642+++UE4+Release-4.22
LogInit: Compatible Engine Version: 4.22.0-5660361+++UE4+Release-4.22
LogInit: Net CL: 5660361
LogInit: OS: Windows 10 (Release 1809) (), CPU: Intel(R) Core(TM) i7-4770 CPU @ 3.40GHz, GPU: NVIDIA GeForce GT 635
LogInit: Compiled (64-bit): Jun 18 2019 03:09:11
LogInit: Compiled with Visual C++: 19.16.27025.01
LogInit: Build Configuration: DebugGame
LogInit: Branch Name: ++UE4+Release-4.22
LogInit: Command Line:  -skipcompile
LogInit: Base Directory: C:/Program Files/Epic Games/UE_4.22/Engine/Binaries/Win64/
LogInit: Installed Engine Build: 1
LogDevObjectVersion: Number of dev versions registered: 23
LogDevObjectVersion:   Dev-Blueprints (B0D832E4-1F89-4F0D-ACCF-7EB736FD4AA2): 10
LogDevObjectVersion:   Dev-Build (E1C64328-A22C-4D53-A36C-8E866417BD8C): 0
LogDevObjectVersion:   Dev-Core (375EC13C-06E4-48FB-B500-84F0262A717E): 3
LogDevObjectVersion:   Dev-Editor (E4B068ED-F494-42E9-A231-DA0B2E46BB41): 30
LogDevObjectVersion:   Dev-Framework (CFFC743F-43B0-4480-9391-14DF171D2073): 35
LogDevObjectVersion:   Dev-Mobile (B02B49B5-BB20-44E9-A304-32B752E40360): 2
LogDevObjectVersion:   Dev-Networking (A4E4105C-59A1-49B5-A7C5-40C4547EDFEE): 0
LogDevObjectVersion:   Dev-Online (39C831C9-5AE6-47DC-9A44-9C173E1C8E7C): 0
LogDevObjectVersion:   Dev-Physics (78F01B33-EBEA-4F98-B9B4-84EACCB95AA2): 0
LogDevObjectVersion:   Dev-Platform (6631380F-2D4D-43E0-8009-CF276956A95A): 0
LogDevObjectVersion:   Dev-Rendering (12F88B9F-8875-4AFC-A67C-D90C383ABD29): 28
LogDevObjectVersion:   Dev-Sequencer (7B5AE74C-D270-4C10-A958-57980B212A5A): 11
LogDevObjectVersion:   Dev-VR (D7296918-1DD6-4BDD-9DE2-64A83CC13884): 2
LogDevObjectVersion:   Dev-LoadTimes (C2A15278-BFE7-4AFE-6C17-90FF531DF755): 1
LogDevObjectVersion:   Private-Geometry (6EACA3D4-40EC-4CC1-B786-8BED09428FC5): 3
LogDevObjectVersion:   Dev-AnimPhys (29E575DD-E0A3-4627-9D10-D276232CDCEA): 17
LogDevObjectVersion:   Dev-Anim (AF43A65D-7FD3-4947-9873-3E8ED9C1BB05): 2
LogDevObjectVersion:   Dev-ReflectionCapture (6B266CEC-1EC7-4B8F-A30B-E4D90942FC07): 1
LogDevObjectVersion:   Dev-Automation (0DF73D61-A23F-47EA-B727-89E90C41499A): 1
LogDevObjectVersion:   FortniteMain (601D1886-AC64-4F84-AA16-D3DE0DEAC7D6): 25
LogDevObjectVersion:   Dev-Enterprise (9DFFBCD6-494F-0158-E221-12823C92A888): 6
LogDevObjectVersion:   Dev-Niagara (F2AED0AC-9AFE-416F-8664-AA7FFA26D6FC): 1
LogDevObjectVersion:   Dev-Destruction (174F1F0B-B4C6-45A5-B13F-2EE8D0FB917D): 2
LogInit: Presizing for max 16777216 objects, including 0 objects not considered by GC, pre-allocating 0 bytes for permanent pool.
LogInit: Object subsystem initialized
LogConfig: Setting CVar [[con.DebugEarlyDefault:1]]
LogConfig: Setting CVar [[r.setres:1280x720]]
[2019.11.24-22.11.55:256][  0]LogConfig: Setting CVar [[r.VSync:0]]
[2019.11.24-22.11.55:256][  0]LogConfig: Setting CVar [[r.RHICmdBypass:0]]
[2019.11.24-22.11.55:256][  0]LogConfig: Applying CVar settings from Section [/Script/Engine.RendererSettings] File [C:/Users/felix/Desktop/Projet Fin DEC Informatique/Roots-of-Shadows/Projet Unreal/RootsOfShadows/Saved/Config/Windows/Engine.ini]
[2019.11.24-22.11.55:256][  0]LogConfig: Setting CVar [[r.GPUCrashDebugging:0]]
[2019.11.24-22.11.55:256][  0]LogConfig: Applying CVar settings from Section [/Script/Engine.RendererOverrideSettings] File [C:/Users/felix/Desktop/Projet Fin DEC Informatique/Roots-of-Shadows/Projet Unreal/RootsOfShadows/Saved/Config/Windows/Engine.ini]
[2019.11.24-22.11.55:256][  0]LogConfig: Applying CVar settings from Section [/Script/Engine.StreamingSettings] File [C:/Users/felix/Desktop/Projet Fin DEC Informatique/Roots-of-Shadows/Projet Unreal/RootsOfShadows/Saved/Config/Windows/Engine.ini]
[2019.11.24-22.11.55:256][  0]LogConfig: Setting CVar [[s.MinBulkDataSizeForAsyncLoading:131072]]
[2019.11.24-22.11.55:256][  0]LogConfig: Setting CVar [[s.AsyncLoadingThreadEnabled:0]]
[2019.11.24-22.11.55:256][  0]LogConfig: Setting CVar [[s.EventDrivenLoaderEnabled:1]]
[2019.11.24-22.11.55:256][  0]LogConfig: Setting CVar [[s.WarnIfTimeLimitExceeded:0]]
[2019.11.24-22.11.55:256][  0]LogConfig: Setting CVar [[s.TimeLimitExceededMultiplier:1.5]]
[2019.11.24-22.11.55:257][  0]LogConfig: Setting CVar [[s.TimeLimitExceededMinTime:0.005]]
[2019.11.24-22.11.55:257][  0]LogConfig: Setting CVar [[s.UseBackgroundLevelStreaming:1]]
[2019.11.24-22.11.55:257][  0]LogConfig: Setting CVar [[s.PriorityAsyncLoadingExtraTime:15.0]]
[2019.11.24-22.11.55:257][  0]LogConfig: Setting CVar [[s.LevelStreamingActorsUpdateTimeLimit:5.0]]
[2019.11.24-22.11.55:257][  0]LogConfig: Setting CVar [[s.PriorityLevelStreamingActorsUpdateExtraTime:5.0]]
[2019.11.24-22.11.55:257][  0]LogConfig: Setting CVar [[s.LevelStreamingComponentsRegistrationGranularity:10]]
[2019.11.24-22.11.55:257][  0]LogConfig: Setting CVar [[s.UnregisterComponentsTimeLimit:1.0]]
[2019.11.24-22.11.55:257][  0]LogConfig: Setting CVar [[s.LevelStreamingComponentsUnregistrationGranularity:5]]
[2019.11.24-22.11.55:257][  0]LogConfig: Applying CVar settings from Section [/Script/Engine.GarbageCollectionSettings] File [C:/Users/felix/Desktop/Projet Fin DEC Informatique/Roots-of-Shadows/Projet Unreal/RootsOfShadows/Saved/Config/Windows/Engine.ini]
[2019.11.24-22.11.55:257][  0]LogConfig: Setting CVar [[gc.MaxObjectsNotConsideredByGC:1]]
[2019.11.24-22.11.55:257][  0]LogConfig: Setting CVar [[gc.SizeOfPermanentObjectPool:0]]
[2019.11.24-22.11.55:257][  0]LogConfig: Setting CVar [[gc.FlushStreamingOnGC:0]]
[2019.11.24-22.11.55:257][  0]LogConfig: Setting CVar [[gc.NumRetriesBeforeForcingGC:10]]
[2019.11.24-22.11.55:257][  0]LogConfig: Setting CVar [[gc.AllowParallelGC:1]]
[2019.11.24-22.11.55:257][  0]LogConfig: Setting CVar [[gc.TimeBetweenPurgingPendingKillObjects:61.1]]
[2019.11.24-22.11.55:257][  0]LogConfig: Setting CVar [[gc.MaxObjectsInEditor:16777216]]
[2019.11.24-22.11.55:257][  0]LogConfig: Setting CVar [[gc.IncrementalBeginDestroyEnabled:1]]
[2019.11.24-22.11.55:258][  0]LogConfig: Setting CVar [[gc.CreateGCClusters:1]]
[2019.11.24-22.11.55:258][  0]LogConfig: Setting CVar [[gc.MinGCClusterSize:5]]
[2019.11.24-22.11.55:258][  0]LogConfig: Setting CVar [[gc.ActorClusteringEnabled:0]]
[2019.11.24-22.11.55:258][  0]LogConfig: Setting CVar [[gc.BlueprintClusteringEnabled:0]]
[2019.11.24-22.11.55:258][  0]LogConfig: Setting CVar [[gc.UseDisregardForGCOnDedicatedServers:0]]
[2019.11.24-22.11.55:258][  0]LogConfig: Applying CVar settings from Section [/Script/Engine.NetworkSettings] File [C:/Users/felix/Desktop/Projet Fin DEC Informatique/Roots-of-Shadows/Projet Unreal/RootsOfShadows/Saved/Config/Windows/Engine.ini]
[2019.11.24-22.11.55:258][  0]LogConfig: Applying CVar settings from Section [/Script/UnrealEd.CookerSettings] File [C:/Users/felix/Desktop/Projet Fin DEC Informatique/Roots-of-Shadows/Projet Unreal/RootsOfShadows/Saved/Config/Windows/Engine.ini]
[2019.11.24-22.11.55:265][  0]LogConfig: Applying CVar settings from Section [ViewDistanceQuality@3] File [C:/Users/felix/Desktop/Projet Fin DEC Informatique/Roots-of-Shadows/Projet Unreal/RootsOfShadows/Saved/Config/Windows/Scalability.ini]
[2019.11.24-22.11.55:265][  0]LogConfig: Setting CVar [[r.SkeletalMeshLODBias:0]]
[2019.11.24-22.11.55:265][  0]LogConfig: Setting CVar [[r.ViewDistanceScale:1.0]]
[2019.11.24-22.11.55:265][  0]LogConfig: Applying CVar settings from Section [AntiAliasingQuality@3] File [C:/Users/felix/Desktop/Projet Fin DEC Informatique/Roots-of-Shadows/Projet Unreal/RootsOfShadows/Saved/Config/Windows/Scalability.ini]
[2019.11.24-22.11.55:265][  0]LogConfig: Setting CVar [[r.PostProcessAAQuality:4]]
[2019.11.24-22.11.55:265][  0]LogConfig: Applying CVar settings from Section [ShadowQuality@3] File [C:/Users/felix/Desktop/Projet Fin DEC Informatique/Roots-of-Shadows/Projet Unreal/RootsOfShadows/Saved/Config/Windows/Scalability.ini]
[2019.11.24-22.11.55:265][  0]LogConfig: Setting CVar [[r.LightFunctionQuality:1]]
[2019.11.24-22.11.55:265][  0]LogConfig: Setting CVar [[r.ShadowQuality:5]]
[2019.11.24-22.11.55:265][  0]LogConfig: Setting CVar [[r.Shadow.CSM.MaxCascades:10]]
[2019.11.24-22.11.55:265][  0]LogConfig: Setting CVar [[r.Shadow.MaxResolution:2048]]
[2019.11.24-22.11.55:266][  0]LogConfig: Setting CVar [[r.Shadow.MaxCSMResolution:2048]]
[2019.11.24-22.11.55:266][  0]LogConfig: Setting CVar [[r.Shadow.RadiusThreshold:0.01]]
[2019.11.24-22.11.55:266][  0]LogConfig: Setting CVar [[r.Shadow.DistanceScale:1.0]]
[2019.11.24-22.11.55:266][  0]LogConfig: Setting CVar [[r.Shadow.CSM.TransitionScale:1.0]]
[2019.11.24-22.11.55:266][  0]LogConfig: Setting CVar [[r.Shadow.PreShadowResolutionFactor:1.0]]
[2019.11.24-22.11.55:266][  0]LogConfig: Setting CVar [[r.DistanceFieldShadowing:1]]
[2019.11.24-22.11.55:266][  0]LogConfig: Setting CVar [[r.DistanceFieldAO:1]]
[2019.11.24-22.11.55:266][  0]LogConfig: Setting CVar [[r.AOQuality:2]]
[2019.11.24-22.11.55:266][  0]LogConfig: Setting CVar [[r.VolumetricFog:1]]
[2019.11.24-22.11.55:266][  0]LogConfig: Setting CVar [[r.VolumetricFog.GridPixelSize:8]]
[2019.11.24-22.11.55:266][  0]LogConfig: Setting CVar [[r.VolumetricFog.GridSizeZ:128]]
[2019.11.24-22.11.55:266][  0]LogConfig: Setting CVar [[r.VolumetricFog.HistoryMissSupersampleCount:4]]
[2019.11.24-22.11.55:266][  0]LogConfig: Setting CVar [[r.LightMaxDrawDistanceScale:1]]
[2019.11.24-22.11.55:266][  0]LogConfig: Setting CVar [[r.CapsuleShadows:1]]
[2019.11.24-22.11.55:266][  0]LogConfig: Applying CVar settings from Section [PostProcessQuality@3] File [C:/Users/felix/Desktop/Projet Fin DEC Informatique/Roots-of-Shadows/Projet Unreal/RootsOfShadows/Saved/Config/Windows/Scalability.ini]
[2019.11.24-22.11.55:266][  0]LogConfig: Setting CVar [[r.MotionBlurQuality:4]]
[2019.11.24-22.11.55:266][  0]LogConfig: Setting CVar [[r.AmbientOcclusionMipLevelFactor:0.4]]
[2019.11.24-22.11.55:267][  0]LogConfig: Setting CVar [[r.AmbientOcclusionMaxQuality:100]]
[2019.11.24-22.11.55:267][  0]LogConfig: Setting CVar [[r.AmbientOcclusionLevels:-1]]
[2019.11.24-22.11.55:267][  0]LogConfig: Setting CVar [[r.AmbientOcclusionRadiusScale:1.0]]
[2019.11.24-22.11.55:267][  0]LogConfig: Setting CVar [[r.DepthOfFieldQuality:2]]
[2019.11.24-22.11.55:267][  0]LogConfig: Setting CVar [[r.RenderTargetPoolMin:400]]
[2019.11.24-22.11.55:267][  0]LogConfig: Setting CVar [[r.LensFlareQuality:2]]
[2019.11.24-22.11.55:267][  0]LogConfig: Setting CVar [[r.SceneColorFringeQuality:1]]
[2019.11.24-22.11.55:267][  0]LogConfig: Setting CVar [[r.EyeAdaptationQuality:2]]
[2019.11.24-22.11.55:267][  0]LogConfig: Setting CVar [[r.BloomQuality:5]]
[2019.11.24-22.11.55:267][  0]LogConfig: Setting CVar [[r.FastBlurThreshold:100]]
[2019.11.24-22.11.55:267][  0]LogConfig: Setting CVar [[r.Upscale.Quality:3]]
[2019.11.24-22.11.55:267][  0]LogConfig: Setting CVar [[r.Tonemapper.GrainQuantization:1]]
[2019.11.24-22.11.55:267][  0]LogConfig: Setting CVar [[r.LightShaftQuality:1]]
[2019.11.24-22.11.55:267][  0]LogConfig: Setting CVar [[r.Filter.SizeScale:1]]
[2019.11.24-22.11.55:267][  0]LogConfig: Setting CVar [[r.Tonemapper.Quality:5]]
[2019.11.24-22.11.55:267][  0]LogConfig: Setting CVar [[r.DOF.Gather.AccumulatorQuality:1        ; higher gathering accumulator quality]]
[2019.11.24-22.11.55:267][  0]LogConfig: Setting CVar [[r.DOF.Gather.PostfilterMethod:1          ; Median3x3 postfilering method]]
[2019.11.24-22.11.55:267][  0]LogConfig: Setting CVar [[r.DOF.Gather.EnableBokehSettings:0       ; no bokeh simulation when gathering]]
[2019.11.24-22.11.55:267][  0]LogConfig: Setting CVar [[r.DOF.Gather.RingCount:4                 ; medium number of samples when gathering]]
[2019.11.24-22.11.55:268][  0]LogConfig: Setting CVar [[r.DOF.Scatter.ForegroundCompositing:1    ; additive foreground scattering]]
[2019.11.24-22.11.55:268][  0]LogConfig: Setting CVar [[r.DOF.Scatter.BackgroundCompositing:2    ; additive background scattering]]
[2019.11.24-22.11.55:268][  0]LogConfig: Setting CVar [[r.DOF.Scatter.EnableBokehSettings:1      ; bokeh simulation when scattering]]
[2019.11.24-22.11.55:268][  0]LogConfig: Setting CVar [[r.DOF.Scatter.MaxSpriteRatio:0.1         ; only a maximum of 10% of scattered bokeh]]
[2019.11.24-22.11.55:268][  0]LogConfig: Setting CVar [[r.DOF.Recombine.Quality:1                ; cheap slight out of focus]]
[2019.11.24-22.11.55:268][  0]LogConfig: Setting CVar [[r.DOF.Recombine.EnableBokehSettings:0    ; no bokeh simulation on slight out of focus]]
[2019.11.24-22.11.55:268][  0]LogConfig: Setting CVar [[r.DOF.TemporalAAQuality:1                ; more stable temporal accumulation]]
[2019.11.24-22.11.55:268][  0]LogConfig: Setting CVar [[r.DOF.Kernel.MaxForegroundRadius:0.025]]
[2019.11.24-22.11.55:268][  0]LogConfig: Setting CVar [[r.DOF.Kernel.MaxBackgroundRadius:0.025]]
[2019.11.24-22.11.55:268][  0]LogConfig: Applying CVar settings from Section [TextureQuality@3] File [C:/Users/felix/Desktop/Projet Fin DEC Informatique/Roots-of-Shadows/Projet Unreal/RootsOfShadows/Saved/Config/Windows/Scalability.ini]
[2019.11.24-22.11.55:268][  0]LogConfig: Setting CVar [[r.Streaming.MipBias:0]]
[2019.11.24-22.11.55:268][  0]LogConfig: Setting CVar [[r.Streaming.AmortizeCPUToGPUCopy:0]]
[2019.11.24-22.11.55:268][  0]LogConfig: Setting CVar [[r.Streaming.MaxNumTexturesToStreamPerFrame:0]]
[2019.11.24-22.11.55:268][  0]LogConfig: Setting CVar [[r.Streaming.Boost:1]]
[2019.11.24-22.11.55:268][  0]LogConfig: Setting CVar [[r.MaxAnisotropy:8]]
[2019.11.24-22.11.55:268][  0]LogConfig: Setting CVar [[r.Streaming.LimitPoolSizeToVRAM:0]]
[2019.11.24-22.11.55:268][  0]LogConfig: Setting CVar [[r.Streaming.PoolSize:1000]]
[2019.11.24-22.11.55:269][  0]LogConfig: Setting CVar [[r.Streaming.MaxEffectiveScreenSize:0]]
[2019.11.24-22.11.55:269][  0]LogConfig: Applying CVar settings from Section [EffectsQuality@3] File [C:/Users/felix/Desktop/Projet Fin DEC Informatique/Roots-of-Shadows/Projet Unreal/RootsOfShadows/Saved/Config/Windows/Scalability.ini]
[2019.11.24-22.11.55:269][  0]LogConfig: Setting CVar [[r.TranslucencyLightingVolumeDim:64]]
[2019.11.24-22.11.55:269][  0]LogConfig: Setting CVar [[r.RefractionQuality:2]]
[2019.11.24-22.11.55:269][  0]LogConfig: Setting CVar [[r.SSR.Quality:3]]
[2019.11.24-22.11.55:269][  0]LogConfig: Setting CVar [[r.SceneColorFormat:4]]
[2019.11.24-22.11.55:269][  0]LogConfig: Setting CVar [[r.DetailMode:2]]
[2019.11.24-22.11.55:269][  0]LogConfig: Setting CVar [[r.TranslucencyVolumeBlur:1]]
[2019.11.24-22.11.55:269][  0]LogConfig: Setting CVar [[r.MaterialQualityLevel:1 ; High quality]]
[2019.11.24-22.11.55:269][  0]LogConfig: Setting CVar [[r.SSS.Scale:1]]
[2019.11.24-22.11.55:269][  0]LogConfig: Setting CVar [[r.SSS.SampleSet:2]]
[2019.11.24-22.11.55:269][  0]LogConfig: Setting CVar [[r.SSS.Quality:1]]
[2019.11.24-22.11.55:269][  0]LogConfig: Setting CVar [[r.SSS.HalfRes:1]]
[2019.11.24-22.11.55:269][  0]LogConfig: Setting CVar [[r.EmitterSpawnRateScale:1.0]]
[2019.11.24-22.11.55:269][  0]LogConfig: Setting CVar [[r.ParticleLightQuality:2]]
[2019.11.24-22.11.55:269][  0]LogConfig: Applying CVar settings from Section [FoliageQuality@3] File [C:/Users/felix/Desktop/Projet Fin DEC Informatique/Roots-of-Shadows/Projet Unreal/RootsOfShadows/Saved/Config/Windows/Scalability.ini]
[2019.11.24-22.11.55:269][  0]LogConfig: Setting CVar [[foliage.DensityScale:1.0]]
[2019.11.24-22.11.55:269][  0]LogConfig: Setting CVar [[grass.DensityScale:1.0]]
[2019.11.24-22.11.55:270][  0]LogInit: Selected Device Profile: [Windows]
[2019.11.24-22.11.55:270][  0]LogInit: Applying CVar settings loaded from the selected device profile: [Windows]
[2019.11.24-22.11.55:278][  0]LogHAL: Display: Platform has ~ 24 GB [25718648832 / 34359738368 / 24], which maps to Larger [LargestMinGB=32, LargerMinGB=12, DefaultMinGB=8, SmallerMinGB=6, SmallestMinGB=0)
[2019.11.24-22.11.55:279][  0]LogConfig: Setting CVar [[r.Vulkan.UseRealUBs:0		; Required until we fix HLR fall-out]]
[2019.11.24-22.11.55:279][  0]LogInit: Going up to parent DeviceProfile []
[2019.11.24-22.11.55:279][  0]LogConfig: Applying CVar settings from Section [ViewDistanceQuality@0] File [C:/Users/felix/Desktop/Projet Fin DEC Informatique/Roots-of-Shadows/Projet Unreal/RootsOfShadows/Saved/Config/Windows/Scalability.ini]
[2019.11.24-22.11.55:279][  0]LogConfig: Setting CVar [[r.SkeletalMeshLODBias:2]]
[2019.11.24-22.11.55:279][  0]LogConfig: Setting CVar [[r.ViewDistanceScale:0.4]]
[2019.11.24-22.11.55:279][  0]LogConfig: Applying CVar settings from Section [AntiAliasingQuality@0] File [C:/Users/felix/Desktop/Projet Fin DEC Informatique/Roots-of-Shadows/Projet Unreal/RootsOfShadows/Saved/Config/Windows/Scalability.ini]
[2019.11.24-22.11.55:279][  0]LogConfig: Setting CVar [[r.PostProcessAAQuality:0]]
[2019.11.24-22.11.55:279][  0]LogConfig: Applying CVar settings from Section [ShadowQuality@0] File [C:/Users/felix/Desktop/Projet Fin DEC Informatique/Roots-of-Shadows/Projet Unreal/RootsOfShadows/Saved/Config/Windows/Scalability.ini]
[2019.11.24-22.11.55:279][  0]LogConfig: Setting CVar [[r.LightFunctionQuality:0]]
[2019.11.24-22.11.55:279][  0]LogConfig: Setting CVar [[r.ShadowQuality:0]]
[2019.11.24-22.11.55:279][  0]LogConfig: Setting CVar [[r.Shadow.CSM.MaxCascades:1]]
[2019.11.24-22.11.55:279][  0]LogConfig: Setting CVar [[r.Shadow.MaxResolution:512]]
[2019.11.24-22.11.55:279][  0]LogConfig: Setting CVar [[r.Shadow.MaxCSMResolution:512]]
[2019.11.24-22.11.55:279][  0]LogConfig: Setting CVar [[r.Shadow.RadiusThreshold:0.06]]
[2019.11.24-22.11.55:279][  0]LogConfig: Setting CVar [[r.Shadow.DistanceScale:0.6]]
[2019.11.24-22.11.55:279][  0]LogConfig: Setting CVar [[r.Shadow.CSM.TransitionScale:0]]
[2019.11.24-22.11.55:279][  0]LogConfig: Setting CVar [[r.Shadow.PreShadowResolutionFactor:0.5]]
[2019.11.24-22.11.55:279][  0]LogConfig: Setting CVar [[r.DistanceFieldShadowing:0]]
[2019.11.24-22.11.55:279][  0]LogConfig: Setting CVar [[r.DistanceFieldAO:0]]
[2019.11.24-22.11.55:280][  0]LogConfig: Setting CVar [[r.VolumetricFog:0]]
[2019.11.24-22.11.55:280][  0]LogConfig: Setting CVar [[r.LightMaxDrawDistanceScale:0]]
[2019.11.24-22.11.55:280][  0]LogConfig: Setting CVar [[r.CapsuleShadows:0]]
[2019.11.24-22.11.55:280][  0]LogConfig: Applying CVar settings from Section [PostProcessQuality@0] File [C:/Users/felix/Desktop/Projet Fin DEC Informatique/Roots-of-Shadows/Projet Unreal/RootsOfShadows/Saved/Config/Windows/Scalability.ini]
[2019.11.24-22.11.55:280][  0]LogConfig: Setting CVar [[r.MotionBlurQuality:0]]
[2019.11.24-22.11.55:280][  0]LogConfig: Setting CVar [[r.AmbientOcclusionMipLevelFactor:1.0]]
[2019.11.24-22.11.55:280][  0]LogConfig: Setting CVar [[r.AmbientOcclusionMaxQuality:0]]
[2019.11.24-22.11.55:280][  0]LogConfig: Setting CVar [[r.AmbientOcclusionLevels:0]]
[2019.11.24-22.11.55:280][  0]LogConfig: Setting CVar [[r.AmbientOcclusionRadiusScale:1.2]]
[2019.11.24-22.11.55:280][  0]LogConfig: Setting CVar [[r.DepthOfFieldQuality:0]]
[2019.11.24-22.11.55:280][  0]LogConfig: Setting CVar [[r.RenderTargetPoolMin:300]]
[2019.11.24-22.11.55:280][  0]LogConfig: Setting CVar [[r.LensFlareQuality:0]]
[2019.11.24-22.11.55:280][  0]LogConfig: Setting CVar [[r.SceneColorFringeQuality:0]]
[2019.11.24-22.11.55:280][  0]LogConfig: Setting CVar [[r.EyeAdaptationQuality:0]]
[2019.11.24-22.11.55:280][  0]LogConfig: Setting CVar [[r.BloomQuality:4]]
[2019.11.24-22.11.55:280][  0]LogConfig: Setting CVar [[r.FastBlurThreshold:0]]
[2019.11.24-22.11.55:280][  0]LogConfig: Setting CVar [[r.Upscale.Quality:1]]
[2019.11.24-22.11.55:280][  0]LogConfig: Setting CVar [[r.Tonemapper.GrainQuantization:0]]
[2019.11.24-22.11.55:280][  0]LogConfig: Setting CVar [[r.LightShaftQuality:0]]
[2019.11.24-22.11.55:280][  0]LogConfig: Setting CVar [[r.Filter.SizeScale:0.6]]
[2019.11.24-22.11.55:281][  0]LogConfig: Setting CVar [[r.Tonemapper.Quality:0]]
[2019.11.24-22.11.55:281][  0]LogConfig: Applying CVar settings from Section [TextureQuality@0] File [C:/Users/felix/Desktop/Projet Fin DEC Informatique/Roots-of-Shadows/Projet Unreal/RootsOfShadows/Saved/Config/Windows/Scalability.ini]
[2019.11.24-22.11.55:281][  0]LogConfig: Setting CVar [[r.Streaming.MipBias:16]]
[2019.11.24-22.11.55:281][  0]LogConfig: Setting CVar [[r.Streaming.AmortizeCPUToGPUCopy:1]]
[2019.11.24-22.11.55:281][  0]LogConfig: Setting CVar [[r.Streaming.MaxNumTexturesToStreamPerFrame:1]]
[2019.11.24-22.11.55:281][  0]LogConfig: Setting CVar [[r.Streaming.Boost:0.3]]
[2019.11.24-22.11.55:281][  0]LogConfig: Setting CVar [[r.MaxAnisotropy:0]]
[2019.11.24-22.11.55:281][  0]LogConfig: Setting CVar [[r.Streaming.LimitPoolSizeToVRAM:1]]
[2019.11.24-22.11.55:281][  0]LogConfig: Setting CVar [[r.Streaming.PoolSize:400]]
[2019.11.24-22.11.55:281][  0]LogConfig: Setting CVar [[r.Streaming.MaxEffectiveScreenSize:0]]
[2019.11.24-22.11.55:281][  0]LogConfig: Applying CVar settings from Section [EffectsQuality@0] File [C:/Users/felix/Desktop/Projet Fin DEC Informatique/Roots-of-Shadows/Projet Unreal/RootsOfShadows/Saved/Config/Windows/Scalability.ini]
[2019.11.24-22.11.55:281][  0]LogConfig: Setting CVar [[r.TranslucencyLightingVolumeDim:24]]
[2019.11.24-22.11.55:281][  0]LogConfig: Setting CVar [[r.RefractionQuality:0]]
[2019.11.24-22.11.55:281][  0]LogConfig: Setting CVar [[r.SSR.Quality:0]]
[2019.11.24-22.11.55:281][  0]LogConfig: Setting CVar [[r.SceneColorFormat:3]]
[2019.11.24-22.11.55:281][  0]LogConfig: Setting CVar [[r.DetailMode:0]]
[2019.11.24-22.11.55:281][  0]LogConfig: Setting CVar [[r.TranslucencyVolumeBlur:0]]
[2019.11.24-22.11.55:281][  0]LogConfig: Setting CVar [[r.MaterialQualityLevel:0 ; Low quality]]
[2019.11.24-22.11.55:281][  0]LogConfig: Setting CVar [[r.SSS.Scale:0]]
[2019.11.24-22.11.55:281][  0]LogConfig: Setting CVar [[r.SSS.SampleSet:0]]
[2019.11.24-22.11.55:281][  0]LogConfig: Setting CVar [[r.SSS.Quality:0]]
[2019.11.24-22.11.55:282][  0]LogConfig: Setting CVar [[r.SSS.HalfRes:1]]
[2019.11.24-22.11.55:282][  0]LogConfig: Setting CVar [[r.EmitterSpawnRateScale:0.125]]
[2019.11.24-22.11.55:282][  0]LogConfig: Setting CVar [[r.ParticleLightQuality:0]]
[2019.11.24-22.11.55:282][  0]LogConfig: Applying CVar settings from Section [FoliageQuality@0] File [C:/Users/felix/Desktop/Projet Fin DEC Informatique/Roots-of-Shadows/Projet Unreal/RootsOfShadows/Saved/Config/Windows/Scalability.ini]
[2019.11.24-22.11.55:282][  0]LogConfig: Setting CVar [[foliage.DensityScale:0]]
[2019.11.24-22.11.55:282][  0]LogConfig: Setting CVar [[grass.DensityScale:0]]
[2019.11.24-22.11.55:282][  0]LogConfig: Applying CVar settings from Section [Startup] File [../../../Engine/Config/ConsoleVariables.ini]
[2019.11.24-22.11.55:282][  0]LogConfig: Setting CVar [[net.UseAdaptiveNetUpdateFrequency:0]]
[2019.11.24-22.11.55:282][  0]LogConfig: Setting CVar [[p.chaos.AllowCreatePhysxBodies:1]]
[2019.11.24-22.11.55:282][  0]LogConfig: Applying CVar settings from Section [ConsoleVariables] File [C:/Users/felix/Desktop/Projet Fin DEC Informatique/Roots-of-Shadows/Projet Unreal/RootsOfShadows/Saved/Config/Windows/Engine.ini]
[2019.11.24-22.11.55:282][  0]LogInit: Computer: FÉLIX
[2019.11.24-22.11.55:282][  0]LogInit: User: felix
[2019.11.24-22.11.55:283][  0]LogInit: CPU Page size=4096, Cores=4
[2019.11.24-22.11.55:283][  0]LogInit: High frequency timer resolution =10.000000 MHz
[2019.11.24-22.11.55:283][  0]LogMemory: Memory total: Physical=24.0GB (24GB approx)
[2019.11.24-22.11.55:283][  0]LogMemory: Platform Memory Stats for Windows
[2019.11.24-22.11.55:283][  0]LogMemory: Process Physical Memory: 99.29 MB used, 99.30 MB peak
[2019.11.24-22.11.55:283][  0]LogMemory: Process Virtual Memory: 101.20 MB used, 101.20 MB peak
[2019.11.24-22.11.55:283][  0]LogMemory: Physical Memory: 9262.20 MB used,  15265.01 MB free, 24527.21 MB total
[2019.11.24-22.11.55:283][  0]LogMemory: Virtual Memory: 4654.18 MB used,  134213072.00 MB free, 134217728.00 MB total
[2019.11.24-22.11.56:601][  0]LogInit: Using OS detected language (fr-FR).
[2019.11.24-22.11.56:601][  0]LogInit: Using OS detected locale (fr-CA).
[2019.11.24-22.11.56:604][  0]LogTextLocalizationManager: No specific localization for 'fr-FR' exists, so the 'fr' localization will be used.
[2019.11.24-22.11.56:604][  0]LogTextLocalizationResource: LocRes '../../../Engine/Content/Localization/Editor/fr/Editor.locres' could not be opened for reading!
[2019.11.24-22.11.56:604][  0]LogTextLocalizationResource: LocRes '../../../Engine/Content/Localization/EditorTutorials/fr/EditorTutorials.locres' could not be opened for reading!
[2019.11.24-22.11.56:604][  0]LogTextLocalizationResource: LocRes '../../../Engine/Content/Localization/Keywords/fr/Keywords.locres' could not be opened for reading!
[2019.11.24-22.11.56:605][  0]LogTextLocalizationResource: LocRes '../../../Engine/Content/Localization/Category/fr/Category.locres' could not be opened for reading!
[2019.11.24-22.11.56:605][  0]LogTextLocalizationResource: LocRes '../../../Engine/Content/Localization/ToolTips/fr/ToolTips.locres' could not be opened for reading!
[2019.11.24-22.11.56:605][  0]LogTextLocalizationResource: LocRes '../../../Engine/Content/Localization/PropertyNames/fr/PropertyNames.locres' could not be opened for reading!
[2019.11.24-22.11.56:605][  0]LogTextLocalizationResource: LocRes '../../../Engine/Content/Localization/Engine/fr/Engine.locres' could not be opened for reading!
[2019.11.24-22.11.56:607][  0]LogInit: Setting process to per monitor DPI aware
[2019.11.24-22.11.56:685][  0]LogSlate: New Slate User Created.  User Index 0, Is Virtual User: 0
[2019.11.24-22.11.56:685][  0]LogSlate: Slate User Registered.  User Index 0, Is Virtual User: 0
[2019.11.24-22.11.56:967][  0]LogHMD: Failed to initialize OpenVR with code 110
[2019.11.24-22.11.56:967][  0]LogD3D11RHI: D3D11 adapters:
[2019.11.24-22.11.57:059][  0]LogD3D11RHI:    0. 'NVIDIA GeForce GT 635' (Feature Level 11_0)
[2019.11.24-22.11.57:059][  0]LogD3D11RHI:       984/0/12263 MB DedicatedVideo/DedicatedSystem/SharedSystem, Outputs:1, VendorId:0x10de
[2019.11.24-22.11.57:157][  0]LogD3D11RHI:    1. 'Microsoft Basic Render Driver' (Feature Level 11_0)
[2019.11.24-22.11.57:157][  0]LogD3D11RHI:       0/0/12263 MB DedicatedVideo/DedicatedSystem/SharedSystem, Outputs:0, VendorId:0x1414
[2019.11.24-22.11.57:157][  0]LogD3D11RHI: Chosen D3D11 Adapter: 0
[2019.11.24-22.11.57:171][  0]LogD3D11RHI: Creating new Direct3DDevice
[2019.11.24-22.11.57:171][  0]LogD3D11RHI:     GPU DeviceId: 0x1280 (for the marketing name, search the web for "GPU Device Id")
[2019.11.24-22.11.57:171][  0]LogWindows: EnumDisplayDevices:
[2019.11.24-22.11.57:171][  0]LogWindows:    0. 'NVIDIA GeForce GT 635' (P:1 D:1)
[2019.11.24-22.11.57:172][  0]LogWindows:    1. 'NVIDIA GeForce GT 635' (P:0 D:0)
[2019.11.24-22.11.57:172][  0]LogWindows:    2. 'NVIDIA GeForce GT 635' (P:0 D:0)
[2019.11.24-22.11.57:173][  0]LogWindows: DebugString: FoundDriverCount:3 
[2019.11.24-22.11.57:173][  0]LogD3D11RHI:     Adapter Name: NVIDIA GeForce GT 635
[2019.11.24-22.11.57:173][  0]LogD3D11RHI:   Driver Version: 430.86 (internal:26.21.14.3086, unified:430.86)
[2019.11.24-22.11.57:173][  0]LogD3D11RHI:      Driver Date: 5-22-2019
[2019.11.24-22.11.57:173][  0]LogRHI: Texture pool is 689 MB (70% of 984 MB)
[2019.11.24-22.11.57:228][  0]LogD3D11RHI: Async texture creation enabled
[2019.11.24-22.11.57:232][  0]LogRendererCore: FGlobalReadBuffer::InitRHI
[2019.11.24-22.11.57:233][  0]LogRendererCore: FGlobalReadBuffer::InitRHI
[2019.11.24-22.11.57:233][  0]LogRendererCore: FGlobalReadBuffer::InitRHI
[2019.11.24-22.11.57:241][  0]LogD3D11RHI: GPU Timing Frequency: 1000.000000 (Debug: 2 1)
[2019.11.24-22.11.57:657][  0]LogTemp: Display: Module 'AllDesktopTargetPlatform' loaded TargetPlatform 'AllDesktop'
[2019.11.24-22.11.57:681][  0]LogTemp: Display: Module 'MacClientTargetPlatform' loaded TargetPlatform 'MacClient'
[2019.11.24-22.11.57:700][  0]LogTemp: Display: Module 'MacNoEditorTargetPlatform' loaded TargetPlatform 'MacNoEditor'
[2019.11.24-22.11.57:719][  0]LogTemp: Display: Module 'MacServerTargetPlatform' loaded TargetPlatform 'MacServer'
[2019.11.24-22.11.57:741][  0]LogTemp: Display: Module 'MacTargetPlatform' loaded TargetPlatform 'Mac'
[2019.11.24-22.11.57:761][  0]LogTemp: Display: Module 'WindowsClientTargetPlatform' loaded TargetPlatform 'WindowsClient'
[2019.11.24-22.11.57:807][  0]LogTemp: Display: Module 'WindowsNoEditorTargetPlatform' loaded TargetPlatform 'WindowsNoEditor'
[2019.11.24-22.11.57:830][  0]LogTemp: Display: Module 'WindowsServerTargetPlatform' loaded TargetPlatform 'WindowsServer'
[2019.11.24-22.11.57:843][  0]LogTemp: Display: Module 'WindowsTargetPlatform' loaded TargetPlatform 'Windows'
[2019.11.24-22.11.57:955][  0]LogTemp: Display: Module 'AndroidTargetPlatform' loaded TargetPlatform 'Android'
[2019.11.24-22.11.57:955][  0]LogTemp: Display: Module 'AndroidTargetPlatform' loaded TargetPlatform 'Android_ASTC'
[2019.11.24-22.11.57:955][  0]LogTemp: Display: Module 'AndroidTargetPlatform' loaded TargetPlatform 'Android_ATC'
[2019.11.24-22.11.57:955][  0]LogTemp: Display: Module 'AndroidTargetPlatform' loaded TargetPlatform 'Android_DXT'
[2019.11.24-22.11.57:955][  0]LogTemp: Display: Module 'AndroidTargetPlatform' loaded TargetPlatform 'Android_ETC1'
[2019.11.24-22.11.57:955][  0]LogTemp: Display: Module 'AndroidTargetPlatform' loaded TargetPlatform 'Android_ETC1a'
[2019.11.24-22.11.57:956][  0]LogTemp: Display: Module 'AndroidTargetPlatform' loaded TargetPlatform 'Android_ETC2'
[2019.11.24-22.11.57:956][  0]LogTemp: Display: Module 'AndroidTargetPlatform' loaded TargetPlatform 'Android_PVRTC'
[2019.11.24-22.11.57:956][  0]LogTemp: Display: Module 'AndroidTargetPlatform' loaded TargetPlatform 'AndroidClient'
[2019.11.24-22.11.57:956][  0]LogTemp: Display: Module 'AndroidTargetPlatform' loaded TargetPlatform 'Android_ASTCClient'
[2019.11.24-22.11.57:956][  0]LogTemp: Display: Module 'AndroidTargetPlatform' loaded TargetPlatform 'Android_ATCClient'
[2019.11.24-22.11.57:956][  0]LogTemp: Display: Module 'AndroidTargetPlatform' loaded TargetPlatform 'Android_DXTClient'
[2019.11.24-22.11.57:956][  0]LogTemp: Display: Module 'AndroidTargetPlatform' loaded TargetPlatform 'Android_ETC1Client'
[2019.11.24-22.11.57:956][  0]LogTemp: Display: Module 'AndroidTargetPlatform' loaded TargetPlatform 'Android_ETC1aClient'
[2019.11.24-22.11.57:956][  0]LogTemp: Display: Module 'AndroidTargetPlatform' loaded TargetPlatform 'Android_ETC2Client'
[2019.11.24-22.11.57:956][  0]LogTemp: Display: Module 'AndroidTargetPlatform' loaded TargetPlatform 'Android_PVRTCClient'
[2019.11.24-22.11.57:956][  0]LogTemp: Display: Module 'AndroidTargetPlatform' loaded TargetPlatform 'Android_Multi'
[2019.11.24-22.11.57:956][  0]LogTemp: Display: Module 'AndroidTargetPlatform' loaded TargetPlatform 'Android_MultiClient'
[2019.11.24-22.11.57:961][  0]LogTemp: Display: Module 'HTML5TargetPlatform' loaded TargetPlatform 'HTML5'
[2019.11.24-22.11.58:023][  0]LogTemp: Display: Module 'IOSTargetPlatform' loaded TargetPlatform 'IOSClient'
[2019.11.24-22.11.58:024][  0]LogTemp: Display: Module 'IOSTargetPlatform' loaded TargetPlatform 'IOS'
[2019.11.24-22.11.58:055][  0]LogTemp: Display: Module 'TVOSTargetPlatform' loaded TargetPlatform 'TVOSClient'
[2019.11.24-22.11.58:055][  0]LogTemp: Display: Module 'TVOSTargetPlatform' loaded TargetPlatform 'TVOS'
[2019.11.24-22.11.58:071][  0]LogTemp: Display: Module 'LinuxClientTargetPlatform' loaded TargetPlatform 'LinuxClient'
[2019.11.24-22.11.58:087][  0]LogTemp: Display: Module 'LinuxNoEditorTargetPlatform' loaded TargetPlatform 'LinuxNoEditor'
[2019.11.24-22.11.58:103][  0]LogTemp: Display: Module 'LinuxServerTargetPlatform' loaded TargetPlatform 'LinuxServer'
[2019.11.24-22.11.58:120][  0]LogTemp: Display: Module 'LinuxTargetPlatform' loaded TargetPlatform 'Linux'
[2019.11.24-22.11.58:170][  0]LogTemp: Display: Module 'LuminTargetPlatform' loaded TargetPlatform 'Lumin'
[2019.11.24-22.11.58:170][  0]LogTemp: Display: Module 'LuminTargetPlatform' loaded TargetPlatform 'LuminClient'
[2019.11.24-22.11.58:171][  0]LogTargetPlatformManager: Display: Building Assets For Windows
[2019.11.24-22.11.58:201][  0]LogAudioDebug: Display: Lib vorbis DLL was dynamically loaded.
[2019.11.24-22.11.58:354][  0]LogShaderCompilers: Guid format shader working directory is -66 characters bigger than the processId version (../../../../../../Users/felix/Desktop/Projet Fin DEC Informatique/Roots-of-Shadows/Projet Unreal/RootsOfShadows/Intermediate/Shaders/WorkingDirectory/18520/).
[2019.11.24-22.11.58:355][  0]LogShaderCompilers: Cleaned the shader compiler working directory 'C:/Users/felix/AppData/Local/Temp/UnrealShaderWorkingDir/AF3ACDA943E536DB4C4E6EADC50BED8A/'.
[2019.11.24-22.11.58:359][  0]LogXGEController: Cleaning working directory: C:/Users/felix/AppData/Local/Temp/UnrealXGEWorkingDir/
[2019.11.24-22.11.58:359][  0]LogXGEController: Cannot use XGE Controller as Incredibuild is not installed on this machine.
[2019.11.24-22.11.58:361][  0]LogShaderCompilers: Cannot use XGE Shader Compiler as Incredibuild is not installed on this machine.
[2019.11.24-22.11.58:361][  0]LogShaderCompilers: Display: Using Local Shader Compiler.
[2019.11.24-22.11.59:002][  0]LogDerivedDataCache: Display: Max Cache Size: 512 MB
[2019.11.24-22.11.59:104][  0]LogDerivedDataCache: Loaded boot cache 0.10s 142MB C:/Users/felix/AppData/Local/UnrealEngine/4.22/DerivedDataCache/Boot.ddc.
[2019.11.24-22.11.59:104][  0]LogDerivedDataCache: Display: Loaded Boot cache: C:/Users/felix/AppData/Local/UnrealEngine/4.22/DerivedDataCache/Boot.ddc
[2019.11.24-22.11.59:104][  0]LogDerivedDataCache: FDerivedDataBackendGraph:  Pak pak cache file ../../../../../../Users/felix/Desktop/Projet Fin DEC Informatique/Roots-of-Shadows/Projet Unreal/RootsOfShadows/DerivedDataCache/DDC.ddp not found, will not use a pak cache.
[2019.11.24-22.11.59:104][  0]LogDerivedDataCache: Unable to find inner node Pak for hierarchical cache Hierarchy.
[2019.11.24-22.11.59:104][  0]LogDerivedDataCache: FDerivedDataBackendGraph:  CompressedPak pak cache file ../../../../../../Users/felix/Desktop/Projet Fin DEC Informatique/Roots-of-Shadows/Projet Unreal/RootsOfShadows/DerivedDataCache/Compressed.ddp not found, will not use a pak cache.
[2019.11.24-22.11.59:104][  0]LogDerivedDataCache: Unable to find inner node CompressedPak for hierarchical cache Hierarchy.
[2019.11.24-22.11.59:117][  0]LogDerivedDataCache: Display: Pak cache opened for reading ../../../Engine/DerivedDataCache/Compressed.ddp.
[2019.11.24-22.11.59:117][  0]LogDerivedDataCache: FDerivedDataBackendGraph:  EnterprisePak pak cache file ../../../Enterprise/DerivedDataCache/Compressed.ddp not found, will not use a pak cache.
[2019.11.24-22.11.59:117][  0]LogDerivedDataCache: Unable to find inner node EnterprisePak for hierarchical cache Hierarchy.
[2019.11.24-22.11.59:130][  0]LogDerivedDataCache: Using Local data cache path C:/Users/felix/AppData/Local/UnrealEngine/Common/DerivedDataCache: Writable
[2019.11.24-22.11.59:130][  0]LogDerivedDataCache: Shared data cache path not found in *engine.ini, will not use an Shared cache.
[2019.11.24-22.11.59:130][  0]LogDerivedDataCache: Unable to find inner node Shared for hierarchical cache Hierarchy.
[2019.11.24-22.11.59:156][  0]LogMaterial: Verifying Global Shaders for PCD3D_SM5
[2019.11.24-22.11.59:186][  0]LogSlate: Using FreeType 2.6.0
[2019.11.24-22.11.59:187][  0]LogSlate: SlateFontServices - WITH_FREETYPE: 1, WITH_HARFBUZZ: 1
[2019.11.24-22.11.59:300][  0]LogAssetRegistry: FAssetRegistry took 0.0363 seconds to start up
[2019.11.24-22.11.59:684][  0]LogInit: Selected Device Profile: [Windows]
[2019.11.24-22.11.59:861][  0]LogMeshReduction: Using QuadricMeshReduction for automatic static mesh reduction
[2019.11.24-22.11.59:861][  0]LogMeshReduction: Using SimplygonMeshReduction for automatic skeletal mesh reduction
[2019.11.24-22.11.59:861][  0]LogMeshReduction: Using ProxyLODMeshReduction for automatic mesh merging
[2019.11.24-22.11.59:861][  0]LogMeshReduction: No distributed automatic mesh merging module available
[2019.11.24-22.11.59:861][  0]LogMeshMerging: No distributed automatic mesh merging module available
[2019.11.24-22.11.59:873][  0]LogNetVersion: RootsOfShadows 1.0.0, NetCL: 5660361, EngineNetVer: 10, GameNetVer: 0 (Checksum: 2893050074)
[2019.11.24-22.12.00:380][  0]LogPackageLocalizationCache: Processed 10 localized package path(s) for 1 prioritized culture(s) in 0.055831 seconds
[2019.11.24-22.12.00:388][  0]LogUObjectArray: 42205 objects as part of root set at end of initial load.
[2019.11.24-22.12.00:388][  0]LogUObjectAllocator: 7325032 out of 0 bytes used by permanent object pool.
[2019.11.24-22.12.00:388][  0]LogUObjectArray: CloseDisregardForGC: 0/0 objects in disregard for GC pool
[2019.11.24-22.12.01:571][  0]LogPackageName: Warning: Asset path "JW_FlameDungeon.FX.SM_FX_Embers" is in short form, which is unsupported and -- even if valid -- resolving it will be really slow.
[2019.11.24-22.12.01:571][  0]LogPackageName: Warning: Please consider resaving package in order to speed-up loading.
[2019.11.24-22.12.01:921][  0]LogTcpMessaging: Initializing TcpMessaging bridge
[2019.11.24-22.12.01:939][  0]LogUdpMessaging: Initializing bridge on interface 0.0.0.0:0 to multicast group 230.0.0.1:6666.
[2019.11.24-22.12.02:196][  0]LogPackageName: Warning: Asset path "FX_Meshes.UI.SM_SelectionMesh_01" is in short form, which is unsupported and -- even if valid -- resolving it will be really slow.
[2019.11.24-22.12.02:196][  0]LogPackageName: Warning: Please consider resaving package in order to speed-up loading.
[2019.11.24-22.12.03:838][  0]LogPackageName: SearchForPackageOnDisk took   1.881s, but failed to resolve JW_FlameDungeon.
[2019.11.24-22.12.03:838][  0]LogPackageName: Warning: Asset path "JW_FlameDungeon.FX.SM_FX_Embers" could not be resolved.
[2019.11.24-22.12.03:838][  0]LogPackageName: Warning: Asset path "JW_FlameDungeon.FX.SM_FogPlane02" is in short form, which is unsupported and -- even if valid -- resolving it will be really slow.
[2019.11.24-22.12.03:838][  0]LogPackageName: Warning: Please consider resaving package in order to speed-up loading.
[2019.11.24-22.12.03:838][  0]LogPackageName: SearchForPackageOnDisk took   1.641s, but failed to resolve FX_Meshes.
[2019.11.24-22.12.03:838][  0]LogPackageName: Warning: Asset path "FX_Meshes.UI.SM_SelectionMesh_01" could not be resolved.
[2019.11.24-22.12.03:888][  0]LogLinker: Warning: Can't find file '/Game/ParagonPhase/Characters/Heroes/Phase/Animations/LevelStart'
[2019.11.24-22.12.03:889][  0]LogLinker: Warning: Can't find file for asset '/Game/ParagonPhase/Characters/Heroes/Phase/Animations/LevelStart' while loading NULL.
[2019.11.24-22.12.03:889][  0]LogLinker: Warning: Can't find file '/Game/ParagonPhase/Characters/Heroes/Phase/Animations/LevelStart'
[2019.11.24-22.12.03:890][  0]LogLinker: Warning: Can't find file for asset '/Game/ParagonPhase/Characters/Heroes/Phase/Animations/LevelStart' while loading NULL.
[2019.11.24-22.12.04:861][  0]LogPackageName: SearchForPackageOnDisk took   1.658s, but failed to resolve JW_FlameDungeon.
[2019.11.24-22.12.04:862][  0]LogPackageName: Warning: Asset path "JW_FlameDungeon.FX.SM_FogPlane02" could not be resolved.
[2019.11.24-22.12.04:862][  0]LogPackageName: Warning: Asset path "StaticMesh'FX_Meshes_IB.SM_Debris_Box_RadialFull'" is in short form, which is unsupported and -- even if valid -- resolving it will be really slow.
[2019.11.24-22.12.04:862][  0]LogPackageName: Warning: Please consider resaving package in order to speed-up loading.
[2019.11.24-22.12.04:862][  0]LogLinker: Warning: Can't find file '/Game/ParagonPhase/Characters/Heroes/Phase/Animations/LevelStart'
[2019.11.24-22.12.04:862][  0]LoadErrors: Failed to load /Game/ParagonPhase/Characters/Heroes/Phase/Animations/LevelStart.LevelStart Referenced by LevelStart_Montage
[2019.11.24-22.12.04:863][  0]LogLinker: Warning: Can't find file for asset '/Game/ParagonPhase/Characters/Heroes/Phase/Animations/LevelStart' while loading NULL.
[2019.11.24-22.12.04:863][  0]LogLinker: Warning: Can't find file '/Game/ParagonPhase/Characters/Heroes/Phase/Animations/LevelStart'
[2019.11.24-22.12.04:863][  0]LoadErrors: Failed to load /Game/ParagonPhase/Characters/Heroes/Phase/Animations/LevelStart.LevelStart Referenced by LevelStart_Montage
[2019.11.24-22.12.04:864][  0]LogLinker: Warning: Can't find file for asset '/Game/ParagonPhase/Characters/Heroes/Phase/Animations/LevelStart' while loading NULL.
[2019.11.24-22.12.05:364][  0]SourceControl: Source control is disabled
[2019.11.24-22.12.05:364][  0]SourceControl: Source control is disabled
[2019.11.24-22.12.05:369][  0]SourceControl: Source control is disabled
[2019.11.24-22.12.05:371][  0]SourceControl: Source control is disabled
[2019.11.24-22.12.05:545][  0]LogAndroidPermission: UAndroidPermissionCallbackProxy::GetInstance
[2019.11.24-22.12.05:711][  0]LogOcInput: OculusInput pre-init called
[2019.11.24-22.12.06:539][  0]LogPackageName: SearchForPackageOnDisk took   1.849s, but failed to resolve StaticMesh'FX_Meshes_IB.
[2019.11.24-22.12.06:540][  0]LogPackageName: Warning: Asset path "StaticMesh'FX_Meshes_IB.SM_Debris_Box_RadialFull'" could not be resolved.
[2019.11.24-22.12.06:540][  0]LogPackageName: Warning: Asset path "JW_Ice_Mountain.Mesh.SM_SnowBoulder" is in short form, which is unsupported and -- even if valid -- resolving it will be really slow.
[2019.11.24-22.12.06:540][  0]LogPackageName: Warning: Please consider resaving package in order to speed-up loading.
[2019.11.24-22.12.06:727][  0]LogEngine: Initializing Engine...
[2019.11.24-22.12.06:728][  0]LogHMD: Failed to initialize OpenVR with code 110
[2019.11.24-22.12.06:730][  0]LogStats: UGameplayTagsManager::InitializeManager -  0.000 s
[2019.11.24-22.12.06:964][  0]LogInit: Initializing FReadOnlyCVARCache
[2019.11.24-22.12.06:993][  0]LogAIModule: Creating AISystem for world Untitled
[2019.11.24-22.12.07:015][  0]LogInit: XAudio2 using 'Speakers (Realtek High Definition Audio)' : 2 channels at 48 kHz using 32 bits per sample (channel mask 0x3)
[2019.11.24-22.12.07:118][  0]LogInit: FAudioDevice initialized.
[2019.11.24-22.12.07:118][  0]LogNetVersion: Set ProjectVersion to 1.0.0.0. Version Checksum will be recalculated on next use.
[2019.11.24-22.12.07:408][  0]LogDerivedDataCache: Saved boot cache 0.29s 142MB C:/Users/felix/AppData/Local/UnrealEngine/4.22/DerivedDataCache/Boot.ddc.
[2019.11.24-22.12.07:420][  0]LogInit: Texture streaming: Enabled
[2019.11.24-22.12.07:471][  0]LogEngineSessionManager: EngineSessionManager initialized
[2019.11.24-22.12.07:510][  0]LogInit: Transaction tracking system initialized
[2019.11.24-22.12.07:581][  0]BlueprintLog: New page: Editor Load
[2019.11.24-22.12.07:825][  0]LogPackageName: SearchForPackageOnDisk took   1.808s, but failed to resolve JW_Ice_Mountain.
[2019.11.24-22.12.07:825][  0]LogPackageName: Warning: Asset path "JW_Ice_Mountain.Mesh.SM_SnowBoulder" could not be resolved.
[2019.11.24-22.12.07:826][  0]LogPackageName: Warning: Asset path "FX_Meshes.UI.SM_SelectionMesh_01" is in short form, which is unsupported and -- even if valid -- resolving it will be really slow.
[2019.11.24-22.12.07:826][  0]LogPackageName: Warning: Please consider resaving package in order to speed-up loading.
[2019.11.24-22.12.07:826][  0]LocalizationService: Localization service is disabled
[2019.11.24-22.12.09:064][  0]LogCook: Display: Max memory allowance for cook 16384mb min free memory 0mb
[2019.11.24-22.12.09:064][  0]LogCook: Display: Mobile HDR setting 1
[2019.11.24-22.12.09:491][  0]SourceControl: Source control is disabled
[2019.11.24-22.12.09:492][  0]LightingResults: New page: Lighting Build
[2019.11.24-22.12.09:497][  0]MapCheck: New page: Map Check
[2019.11.24-22.12.09:497][  0]LightingResults: New page: Lighting Build
[2019.11.24-22.12.09:543][  0]LogUObjectHash: Compacting FUObjectHashTables data took   6.66ms
[2019.11.24-22.12.10:057][  0]LogPackageName: SearchForPackageOnDisk took   1.948s, but failed to resolve FX_Meshes.
[2019.11.24-22.12.10:058][  0]LogPackageName: Warning: Asset path "FX_Meshes.UI.SM_SelectionMesh_01" could not be resolved.
[2019.11.24-22.12.10:058][  0]LogPackageName: Warning: Asset path "FX_Meshes.UI.SM_SelectionMesh_01" is in short form, which is unsupported and -- even if valid -- resolving it will be really slow.
[2019.11.24-22.12.10:058][  0]LogPackageName: Warning: Please consider resaving package in order to speed-up loading.
[2019.11.24-22.12.10:058][  0]LogFileCache: Scanning file cache for directory 'C:/Users/felix/Desktop/Projet Fin DEC Informatique/Roots-of-Shadows/Projet Unreal/RootsOfShadows/Content/' took 0.86s
[2019.11.24-22.12.12:103][  0]LogPackageName: SearchForPackageOnDisk took   1.744s, but failed to resolve FX_Meshes.
[2019.11.24-22.12.12:103][  0]LogPackageName: Warning: Asset path "FX_Meshes.UI.SM_SelectionMesh_01" could not be resolved.
[2019.11.24-22.12.12:104][  0]LogPackageName: Warning: Asset path "'FX_Ambient.Meshes.SM_Bats'" is in short form, which is unsupported and -- even if valid -- resolving it will be really slow.
[2019.11.24-22.12.12:104][  0]LogPackageName: Warning: Please consider resaving package in order to speed-up loading.
[2019.11.24-22.12.14:236][  0]LogPackageName: SearchForPackageOnDisk took   1.709s, but failed to resolve 'FX_Ambient.
[2019.11.24-22.12.14:236][  0]LogPackageName: Warning: Asset path "'FX_Ambient.Meshes.SM_Bats'" could not be resolved.
[2019.11.24-22.12.14:236][  0]LogPackageName: Warning: Asset path "CastleEffects.TouchToMoveArrow" is in short form, which is unsupported and -- even if valid -- resolving it will be really slow.
[2019.11.24-22.12.14:236][  0]LogPackageName: Warning: Please consider resaving package in order to speed-up loading.
[2019.11.24-22.12.15:303][  0]LogPackageName: SearchForPackageOnDisk took   1.745s, but failed to resolve CastleEffects.
[2019.11.24-22.12.15:303][  0]LogPackageName: Warning: Asset path "CastleEffects.TouchToMoveArrow" could not be resolved.
[2019.11.24-22.12.15:303][  0]LogPackageName: Warning: Asset path "StaticMesh'FX_Meshes.Fire.SM_Dungeon_Pipes_Lava01_Cool'" is in short form, which is unsupported and -- even if valid -- resolving it will be really slow.
[2019.11.24-22.12.15:303][  0]LogPackageName: Warning: Please consider resaving package in order to speed-up loading.
[2019.11.24-22.12.18:614][  0]LogPackageName: SearchForPackageOnDisk took   1.771s, but failed to resolve StaticMesh'FX_Meshes.
[2019.11.24-22.12.18:614][  0]LogPackageName: Warning: Asset path "StaticMesh'FX_Meshes.Fire.SM_Dungeon_Pipes_Lava01_Cool'" could not be resolved.
[2019.11.24-22.12.18:614][  0]LogPackageName: Warning: Asset path "m_FogSheet_02" is in short form, which is unsupported and -- even if valid -- resolving it will be really slow.
[2019.11.24-22.12.18:615][  0]LogPackageName: Warning: Please consider resaving package in order to speed-up loading.
[2019.11.24-22.12.18:615][  0]LogPackageName: SearchForPackageOnDisk took   1.737s to resolve m_FogSheet_02.
[2019.11.24-22.12.18:615][  0]LogPackageName: Warning: Asset path "FX_Test_LAN.Meshes.SM_IceWall01" is in short form, which is unsupported and -- even if valid -- resolving it will be really slow.
[2019.11.24-22.12.18:615][  0]LogPackageName: Warning: Please consider resaving package in order to speed-up loading.
[2019.11.24-22.12.18:615][  0]LogMaterial: Display: Missing cached shader map for material M_Rampage_Elemental_FireSplines, compiling. 
[2019.11.24-22.12.18:617][  0]LogMaterial: Warning: C:\Users\felix\Desktop\Projet Fin DEC Informatique\Roots-of-Shadows\Projet Unreal\RootsOfShadows\Content\ParagonRampage\Characters\Heroes\Rampage\Skins\Tier2\Elemental\Materials\M_Rampage_Elemental_FireSplines.uasset: Failed to compile Material for platform PCD3D_SM5, Default Material will be used in game.
[2019.11.24-22.12.18:617][  0]LogMaterial: 	Missing Material Function
[2019.11.24-22.12.20:829][  0]LogPackageName: SearchForPackageOnDisk took   1.745s, but failed to resolve FX_Test_LAN.
[2019.11.24-22.12.20:829][  0]LogPackageName: Warning: Asset path "FX_Test_LAN.Meshes.SM_IceWall01" could not be resolved.
[2019.11.24-22.12.20:829][  0]LogPackageName: Warning: Asset path "m_FogSheet_02" is in short form, which is unsupported and -- even if valid -- resolving it will be really slow.
[2019.11.24-22.12.20:829][  0]LogPackageName: Warning: Please consider resaving package in order to speed-up loading.
[2019.11.24-22.12.22:327][  0]LogPackageName: SearchForPackageOnDisk took   1.746s to resolve m_FogSheet_02.
[2019.11.24-22.12.22:328][  0]LogPackageName: Warning: Asset path "m_FogSheet_02" is in short form, which is unsupported and -- even if valid -- resolving it will be really slow.
[2019.11.24-22.12.22:328][  0]LogPackageName: Warning: Please consider resaving package in order to speed-up loading.
[2019.11.24-22.12.22:328][  0]LogAIModule: Creating AISystem for world TutorialIsland
[2019.11.24-22.12.22:435][  0]LogMaterial: Warning: Material /Game/KiteDemo/Environments/Trees/ScotsPine_01/ScotsPine_01_Branches_Mat.ScotsPine_01_Branches_Mat needed to have new flag set bUsedWithInstancedStaticMeshes !
[2019.11.24-22.12.22:442][  0]LogMaterial: Display: Missing cached shader map for material ScotsPine_01_Branches_Mat, compiling. 
[2019.11.24-22.12.22:541][  0]MapCheck: Warning: ScotsPine_01_Branches_Mat Material /Game/KiteDemo/Environments/Trees/ScotsPine_01/ScotsPine_01_Branches_Mat.ScotsPine_01_Branches_Mat was missing the usage flag bUsedWithInstancedStaticMeshes. If the material asset is not re-saved, it may not render correctly when run outside the editor. Fix
[2019.11.24-22.12.22:542][  0]LogMaterial: Warning: Material /Game/KiteDemo/Environments/Trees/ScotsPine_01/ScotsPine_01_Branches_2_Mat.ScotsPine_01_Branches_2_Mat needed to have new flag set bUsedWithInstancedStaticMeshes !
[2019.11.24-22.12.22:548][  0]LogMaterial: Display: Missing cached shader map for material ScotsPine_01_Branches_2_Mat, compiling. 
[2019.11.24-22.12.22:621][  0]MapCheck: Warning: ScotsPine_01_Branches_2_Mat Material /Game/KiteDemo/Environments/Trees/ScotsPine_01/ScotsPine_01_Branches_2_Mat.ScotsPine_01_Branches_2_Mat was missing the usage flag bUsedWithInstancedStaticMeshes. If the material asset is not re-saved, it may not render correctly when run outside the editor. Fix
[2019.11.24-22.12.22:622][  0]LogMaterial: Warning: Material /Game/KiteDemo/Environments/Trees/ScotsPine_01/ScotsPine_01_Leaves_Mat.ScotsPine_01_Leaves_Mat needed to have new flag set bUsedWithInstancedStaticMeshes !
[2019.11.24-22.12.22:628][  0]LogMaterial: Display: Missing cached shader map for material ScotsPine_01_Leaves_Mat, compiling. 
[2019.11.24-22.12.22:690][  0]MapCheck: Warning: ScotsPine_01_Leaves_Mat Material /Game/KiteDemo/Environments/Trees/ScotsPine_01/ScotsPine_01_Leaves_Mat.ScotsPine_01_Leaves_Mat was missing the usage flag bUsedWithInstancedStaticMeshes. If the material asset is not re-saved, it may not render correctly when run outside the editor. Fix
[2019.11.24-22.12.22:692][  0]LogMaterial: Warning: Material /Game/KiteDemo/Environments/Trees/ScotsPine_01/ScotsPine_01_Fronds_Mat.ScotsPine_01_Fronds_Mat needed to have new flag set bUsedWithInstancedStaticMeshes !
[2019.11.24-22.12.22:696][  0]LogMaterial: Display: Missing cached shader map for material ScotsPine_01_Fronds_Mat, compiling. 
[2019.11.24-22.12.22:740][  0]MapCheck: Warning: ScotsPine_01_Fronds_Mat Material /Game/KiteDemo/Environments/Trees/ScotsPine_01/ScotsPine_01_Fronds_Mat.ScotsPine_01_Fronds_Mat was missing the usage flag bUsedWithInstancedStaticMeshes. If the material asset is not re-saved, it may not render correctly when run outside the editor. Fix
[2019.11.24-22.12.22:741][  0]LogMaterial: Warning: Material /Game/KiteDemo/Environments/Trees/ScotsPine_01/ScotsPine_01_Billboard_Mat.ScotsPine_01_Billboard_Mat needed to have new flag set bUsedWithInstancedStaticMeshes !
[2019.11.24-22.12.22:746][  0]LogMaterial: Display: Missing cached shader map for material ScotsPine_01_Billboard_Mat, compiling. 
[2019.11.24-22.12.22:799][  0]MapCheck: Warning: ScotsPine_01_Billboard_Mat Material /Game/KiteDemo/Environments/Trees/ScotsPine_01/ScotsPine_01_Billboard_Mat.ScotsPine_01_Billboard_Mat was missing the usage flag bUsedWithInstancedStaticMeshes. If the material asset is not re-saved, it may not render correctly when run outside the editor. Fix
[2019.11.24-22.12.22:804][  0]LogMaterial: Warning: Material /Game/KiteDemo/Environments/Trees/ScotsPineTall_01/ScotsPineTall_01_Billboard_Mat.ScotsPineTall_01_Billboard_Mat needed to have new flag set bUsedWithInstancedStaticMeshes !
[2019.11.24-22.12.22:807][  0]LogMaterial: Display: Missing cached shader map for material ScotsPineTall_01_Billboard_Mat, compiling. 
[2019.11.24-22.12.22:855][  0]MapCheck: Warning: ScotsPineTall_01_Billboard_Mat Material /Game/KiteDemo/Environments/Trees/ScotsPineTall_01/ScotsPineTall_01_Billboard_Mat.ScotsPineTall_01_Billboard_Mat was missing the usage flag bUsedWithInstancedStaticMeshes. If the material asset is not re-saved, it may not render correctly when run outside the editor. Fix
[2019.11.24-22.12.23:048][  0]LogScript: Warning: Script Msg: Divide by zero detected: -119.999756 / 0
Script call stack:
	Function /Game/ParagonGideon/Characters/Heroes/Gideon/Gideon_AnimBlueprint.Gideon_AnimBlueprint_C:BlueprintUpdateAnimation
	Function /Game/ParagonGideon/Characters/Heroes/Gideon/Gideon_AnimBlueprint.Gideon_AnimBlueprint_C:ExecuteUbergraph_Gideon_AnimBlueprint

[2019.11.24-22.12.23:052][  0]LogScript: Warning: Script Msg: Divide by zero detected: 0.000000 / 0
Script call stack:
	Function /Game/ParagonGreystone/Characters/Heroes/Greystone/Greystone_AnimBlueprint.Greystone_AnimBlueprint_C:BlueprintUpdateAnimation
	Function /Game/ParagonGreystone/Characters/Heroes/Greystone/Greystone_AnimBlueprint.Greystone_AnimBlueprint_C:ExecuteUbergraph_Greystone_AnimBlueprint

[2019.11.24-22.12.23:056][  0]LogScript: Warning: Script Msg: Divide by zero detected: -140.000229 / 0
Script call stack:
	Function /Game/ParagonGreystone/Characters/Heroes/Greystone/Greystone_AnimBlueprint.Greystone_AnimBlueprint_C:BlueprintUpdateAnimation
	Function /Game/ParagonGreystone/Characters/Heroes/Greystone/Greystone_AnimBlueprint.Greystone_AnimBlueprint_C:ExecuteUbergraph_Greystone_AnimBlueprint

[2019.11.24-22.12.23:059][  0]LogScript: Warning: Script Msg: Divide by zero detected: 0.000000 / 0
Script call stack:
	Function /Game/ParagonIggyScorch/Characters/Heroes/IggyScorch/IggyScorch_AnimBP.IggyScorch_AnimBP_C:BlueprintUpdateAnimation
	Function /Game/ParagonIggyScorch/Characters/Heroes/IggyScorch/IggyScorch_AnimBP.IggyScorch_AnimBP_C:ExecuteUbergraph_IggyScorch_AnimBP

[2019.11.24-22.12.23:062][  0]LogScript: Warning: Script Msg: Divide by zero detected: 0.000000 / 0
Script call stack:
	Function /Game/ParagonRevenant/Characters/Heroes/Revenant/Revenant_AnimBlueprint.Revenant_AnimBlueprint_C:BlueprintUpdateAnimation
	Function /Game/ParagonRevenant/Characters/Heroes/Revenant/Revenant_AnimBlueprint.Revenant_AnimBlueprint_C:ExecuteUbergraph_Revenant_AnimBlueprint

[2019.11.24-22.12.23:068][  0]LogScript: Warning: Script Msg: Divide by zero detected: 0.000000 / 0
Script call stack:
	Function /Game/ParagonBoris/Characters/Heroes/Boris/Boris_AnimBlueprint.Boris_AnimBlueprint_C:BlueprintUpdateAnimation
	Function /Game/ParagonBoris/Characters/Heroes/Boris/Boris_AnimBlueprint.Boris_AnimBlueprint_C:ExecuteUbergraph_Boris_AnimBlueprint

[2019.11.24-22.12.23:073][  0]LogScript: Warning: Script Msg: Divide by zero detected: -149.999985 / 0
Script call stack:
	Function /Game/ParagonSparrow/Characters/Heroes/Sparrow/Sparrow_AnimBlueprint.Sparrow_AnimBlueprint_C:BlueprintUpdateAnimation
	Function /Game/ParagonSparrow/Characters/Heroes/Sparrow/Sparrow_AnimBlueprint.Sparrow_AnimBlueprint_C:ExecuteUbergraph_Sparrow_AnimBlueprint

[2019.11.24-22.12.23:076][  0]LogScript: Warning: Script Msg: Divide by zero detected: 0.000000 / 0
Script call stack:
	Function /Game/ParagonSparrow/Characters/Heroes/Sparrow/Sparrow_AnimBlueprint.Sparrow_AnimBlueprint_C:BlueprintUpdateAnimation
	Function /Game/ParagonSparrow/Characters/Heroes/Sparrow/Sparrow_AnimBlueprint.Sparrow_AnimBlueprint_C:ExecuteUbergraph_Sparrow_AnimBlueprint

[2019.11.24-22.12.23:481][  0]LogEditorServer: Finished looking for orphan Actors (0.000 secs)
[2019.11.24-22.12.23:951][  0]LogUObjectHash: Compacting FUObjectHashTables data took   9.55ms
[2019.11.24-22.12.23:952][  0]Cmd: MAP CHECKDEP NOCLEARLOG
[2019.11.24-22.12.23:954][  0]MapCheck: Map check complete: 0 Error(s), 6 Warning(s), took 0,524ms to complete.
[2019.11.24-22.12.23:962][  0]LogFileHelpers: Loading map 'TutorialIsland' took 14.471
[2019.11.24-22.12.24:243][  0]LogSlate: Updating window title bar state: overlay mode, drag disabled, window buttons hidden, title bar hidden
[2019.11.24-22.12.24:256][  0]LogSlate: Updating window title bar state: overlay mode, drag disabled, window buttons hidden, title bar hidden
[2019.11.24-22.12.24:271][  0]LogPackageName: SearchForPackageOnDisk took   2.247s to resolve m_FogSheet_02.
[2019.11.24-22.12.24:272][  0]LogPackageName: Warning: Asset path "m_FogSheet_02" is in short form, which is unsupported and -- even if valid -- resolving it will be really slow.
[2019.11.24-22.12.24:272][  0]LogPackageName: Warning: Please consider resaving package in order to speed-up loading.
[2019.11.24-22.12.24:272][  0]LogSlate: Updating window title bar state: overlay mode, drag disabled, window buttons hidden, title bar hidden
[2019.11.24-22.12.24:289][  0]LogSlate: Updating window title bar state: overlay mode, drag disabled, window buttons hidden, title bar hidden
[2019.11.24-22.12.24:311][  0]LogCollectionManager: Loaded 0 collections in 0.006529 seconds
[2019.11.24-22.12.24:350][  0]LogFileCache: Scanning file cache for directory 'C:/Users/felix/Desktop/Projet Fin DEC Informatique/Roots-of-Shadows/Projet Unreal/RootsOfShadows/Saved/Collections/' took 0.01s
[2019.11.24-22.12.24:350][  0]LogFileCache: Scanning file cache for directory 'C:/Users/felix/Desktop/Projet Fin DEC Informatique/Roots-of-Shadows/Projet Unreal/RootsOfShadows/Content/Developers/felix/Collections/' took 0.01s
[2019.11.24-22.12.24:350][  0]LogFileCache: Scanning file cache for directory 'C:/Users/felix/Desktop/Projet Fin DEC Informatique/Roots-of-Shadows/Projet Unreal/RootsOfShadows/Content/Collections/' took 0.00s
[2019.11.24-22.12.24:350][  0]LogCollectionManager: Rebuilt the GUID cache for 0 collections in 0.000001 seconds
[2019.11.24-22.12.24:367][  0]LogContentBrowser: Native class hierarchy populated in 0.0164 seconds. Added 2747 classes and 662 folders.
[2019.11.24-22.12.24:396][  0]LogContentBrowser: Native class hierarchy updated for 'WidgetCarousel' in 0.0010 seconds. Added 0 classes and 0 folders.
[2019.11.24-22.12.24:400][  0]LogPakFile: Registered encryption key '00000000000000000000000000000000': 0 pak files mounted, 0 remain pending
[2019.11.24-22.12.24:401][  0]LogPakFile: Registered encryption key '00000000000000000000000000000000': 0 pak files mounted, 0 remain pending
[2019.11.24-22.12.24:402][  0]LogPakFile: Registered encryption key '00000000000000000000000000000000': 0 pak files mounted, 0 remain pending
[2019.11.24-22.12.24:403][  0]LogPakFile: Registered encryption key '00000000000000000000000000000000': 0 pak files mounted, 0 remain pending
[2019.11.24-22.12.24:404][  0]LogPakFile: Registered encryption key '00000000000000000000000000000000': 0 pak files mounted, 0 remain pending
[2019.11.24-22.12.24:406][  0]LogPakFile: Registered encryption key '00000000000000000000000000000000': 0 pak files mounted, 0 remain pending
[2019.11.24-22.12.24:407][  0]LogPakFile: Registered encryption key '00000000000000000000000000000000': 0 pak files mounted, 0 remain pending
[2019.11.24-22.12.24:408][  0]LogPakFile: Registered encryption key '00000000000000000000000000000000': 0 pak files mounted, 0 remain pending
[2019.11.24-22.12.24:409][  0]LogPakFile: Registered encryption key '00000000000000000000000000000000': 0 pak files mounted, 0 remain pending
[2019.11.24-22.12.24:411][  0]LogPakFile: Registered encryption key '00000000000000000000000000000000': 0 pak files mounted, 0 remain pending
[2019.11.24-22.12.24:412][  0]LogPakFile: Registered encryption key '00000000000000000000000000000000': 0 pak files mounted, 0 remain pending
[2019.11.24-22.12.24:413][  0]LogPakFile: Registered encryption key '00000000000000000000000000000000': 0 pak files mounted, 0 remain pending
[2019.11.24-22.12.24:414][  0]LogPakFile: Registered encryption key '00000000000000000000000000000000': 0 pak files mounted, 0 remain pending
[2019.11.24-22.12.24:415][  0]LogPakFile: Registered encryption key '00000000000000000000000000000000': 0 pak files mounted, 0 remain pending
[2019.11.24-22.12.24:417][  0]LogPakFile: Registered encryption key '00000000000000000000000000000000': 0 pak files mounted, 0 remain pending
[2019.11.24-22.12.24:418][  0]LogPakFile: Registered encryption key '00000000000000000000000000000000': 0 pak files mounted, 0 remain pending
[2019.11.24-22.12.24:419][  0]LogPakFile: Registered encryption key '00000000000000000000000000000000': 0 pak files mounted, 0 remain pending
[2019.11.24-22.12.24:420][  0]LogPakFile: Registered encryption key '00000000000000000000000000000000': 0 pak files mounted, 0 remain pending
[2019.11.24-22.12.24:421][  0]LogPakFile: Registered encryption key '00000000000000000000000000000000': 0 pak files mounted, 0 remain pending
[2019.11.24-22.12.24:423][  0]LogPakFile: Registered encryption key '00000000000000000000000000000000': 0 pak files mounted, 0 remain pending
[2019.11.24-22.12.24:424][  0]LogPakFile: Registered encryption key '00000000000000000000000000000000': 0 pak files mounted, 0 remain pending
[2019.11.24-22.12.24:425][  0]LogPakFile: Registered encryption key '00000000000000000000000000000000': 0 pak files mounted, 0 remain pending
[2019.11.24-22.12.24:426][  0]LogPakFile: Registered encryption key '00000000000000000000000000000000': 0 pak files mounted, 0 remain pending
[2019.11.24-22.12.24:427][  0]LogPakFile: Registered encryption key '00000000000000000000000000000000': 0 pak files mounted, 0 remain pending
[2019.11.24-22.12.24:429][  0]LogPakFile: Registered encryption key '00000000000000000000000000000000': 0 pak files mounted, 0 remain pending
[2019.11.24-22.12.24:430][  0]LogPakFile: Registered encryption key '00000000000000000000000000000000': 0 pak files mounted, 0 remain pending
[2019.11.24-22.12.24:547][  0]LogContentBrowser: Native class hierarchy updated for 'AddContentDialog' in 0.0012 seconds. Added 0 classes and 0 folders.
[2019.11.24-22.12.24:566][  0]LogContentBrowser: Native class hierarchy updated for 'SceneOutliner' in 0.0013 seconds. Added 1 classes and 2 folders.
[2019.11.24-22.12.24:602][  0]LogSlate: Took 0.000327 seconds to synchronously load lazily loaded font '../../../Engine/Content/Slate/Fonts/Roboto-Regular.ttf' (155K)
[2019.11.24-22.12.24:605][  0]LogSlate: Took 0.000388 seconds to synchronously load lazily loaded font '../../../Engine/Content/Slate/Fonts/Roboto-Bold.ttf' (160K)
[2019.11.24-22.12.24:613][  0]LogSlate: Took 0.000385 seconds to synchronously load lazily loaded font '../../../Engine/Content/Editor/Slate/Fonts/FontAwesome.ttf' (139K)
[2019.11.24-22.12.24:765][  0]LogRenderer: Reallocating scene render targets to support 1208x612 Format 9 NumSamples 1 (Frame:1).
[2019.11.24-22.12.25:481][  0]LogContentBrowser: Native class hierarchy updated for 'HierarchicalLODOutliner' in 0.0013 seconds. Added 0 classes and 0 folders.
[2019.11.24-22.12.25:482][  0]LogLoad: (Engine Initialization) Total time: 35.04 seconds
[2019.11.24-22.12.25:482][  0]LogLoad: (Engine Initialization) Total Blueprint compile time: 0.00 seconds
[2019.11.24-22.12.25:557][  0]LogContentStreaming: Texture pool size now 400 MB
[2019.11.24-22.12.25:568][  0]LogSlate: FSceneViewport::OnFocusLost() reason 2
[2019.11.24-22.12.25:829][  0]LogSlate: Took 0.000290 seconds to synchronously load lazily loaded font '../../../Engine/Content/Slate/Fonts/Roboto-Light.ttf' (167K)
[2019.11.24-22.12.28:048][ 45]LogPackageName: SearchForPackageOnDisk took   2.587s to resolve m_FogSheet_02.
[2019.11.24-22.12.28:049][ 45]LogPackageName: Warning: Asset path "JW_Ice_Mountain.Mesh.SM_SnowBoulder" is in short form, which is unsupported and -- even if valid -- resolving it will be really slow.
[2019.11.24-22.12.28:049][ 45]LogPackageName: Warning: Please consider resaving package in order to speed-up loading.
[2019.11.24-22.12.29:901][231]LogPackageName: SearchForPackageOnDisk took   2.449s, but failed to resolve JW_Ice_Mountain.
[2019.11.24-22.12.29:902][231]LogPackageName: Warning: Asset path "JW_Ice_Mountain.Mesh.SM_SnowBoulder" could not be resolved.
[2019.11.24-22.12.29:902][231]LogPackageName: Warning: Asset path "S_Survival_CA_Chicken_02.SM.S_Survival_CA_Chicken_02" is in short form, which is unsupported and -- even if valid -- resolving it will be really slow.
[2019.11.24-22.12.29:902][231]LogPackageName: Warning: Please consider resaving package in order to speed-up loading.
[2019.11.24-22.12.30:901][330]LogFileCache: Retrieving MD5 hashes for directory 'C:/Users/felix/Desktop/Projet Fin DEC Informatique/Roots-of-Shadows/Projet Unreal/RootsOfShadows/Content/' took 5.39s
[2019.11.24-22.12.32:199][461]LogPackageName: SearchForPackageOnDisk took   2.298s to resolve S_Survival_CA_Chicken_02.
[2019.11.24-22.12.32:219][463]LogPackageName: Warning: Asset path "JW_Ice_Mountain.Mesh.SM_SnowBoulder" is in short form, which is unsupported and -- even if valid -- resolving it will be really slow.
[2019.11.24-22.12.32:219][463]LogPackageName: Warning: Please consider resaving package in order to speed-up loading.
[2019.11.24-22.12.34:538][706]LogPackageName: SearchForPackageOnDisk took   2.319s, but failed to resolve JW_Ice_Mountain.
[2019.11.24-22.12.34:538][706]LogPackageName: Warning: Asset path "JW_Ice_Mountain.Mesh.SM_SnowBoulder" could not be resolved.
[2019.11.24-22.12.34:547][707]LogPackageName: Warning: Asset path "Env_ALL_Artifacts.Mesh.Env_ALL_Terminus001" is in short form, which is unsupported and -- even if valid -- resolving it will be really slow.
[2019.11.24-22.12.34:547][707]LogPackageName: Warning: Please consider resaving package in order to speed-up loading.
[2019.11.24-22.12.36:883][957]LogPackageName: SearchForPackageOnDisk took   2.343s, but failed to resolve Env_ALL_Artifacts.
[2019.11.24-22.12.36:883][957]LogPackageName: Warning: Asset path "Env_ALL_Artifacts.Mesh.Env_ALL_Terminus001" could not be resolved.
[2019.11.24-22.12.44:167][694]LogAssetRegistry: Warning: C:\Users\felix\Desktop\Projet Fin DEC Informatique\Roots-of-Shadows\Projet Unreal\RootsOfShadows\Content\ParagonRampage\Characters\Maps\Lighting_Background.umap: Package has invalid export /Game/ParagonRampage/Characters/Maps/Lighting_Background_BuiltData.Lighting_Background_BuiltData, resave source package!
[2019.11.24-22.12.46:868][961]LogAssetRegistry: Asset discovery search completed in 47.5918 seconds
[2019.11.24-22.12.46:881][961]LogCollectionManager: Rebuilt the object cache for 0 collections in 0.000001 seconds (found 0 objects)
[2019.11.24-22.12.46:881][961]LogCollectionManager: Fixed up redirectors for 0 collections in 0.000212 seconds (updated 0 objects)
[2019.11.24-22.13.09:091][377]LogSlate: Window 'Message Log' being destroyed
[2019.11.24-22.13.09:098][377]LogSlate: Window 'Message Log' being destroyed
[2019.11.24-22.13.18:939][123]LogSlate: FSceneViewport::OnFocusLost() reason 0
[2019.11.24-22.13.21:899][349]LogConsoleManager: Warning: Console object named 'ActorComponents.Enable' already exists but is being registered again, but we weren't expected it to be! (FConsoleManager::AddConsoleObject)
[2019.11.24-22.13.23:638][444]Cmd: DUPLICATE
[2019.11.24-22.13.23:638][444]Cmd: ACTOR DUPLICATE
[2019.11.24-22.13.32:010][ 66]LogSlate: Took 0.012882 seconds to synchronously load lazily loaded font '../../../Engine/Content/Slate/Fonts/Roboto-Light.ttf' (167K)
[2019.11.24-22.14.47:164][124]LogSlate: FSceneViewport::OnFocusLost() reason 0
[2019.11.24-22.14.47:288][131]LogUObjectHash: Compacting FUObjectHashTables data took   3.06ms
[2019.11.24-22.14.51:181][131]LogSavePackage: Moving '../../../../../../Users/felix/Desktop/Projet Fin DEC Informatique/Roots-of-Shadows/Projet Unreal/RootsOfShadows/Saved/TutorialIsland69FE6406464C591F81F6B1B0203C3D49.tmp' to '../../../../../../Users/felix/Desktop/Projet Fin DEC Informatique/Roots-of-Shadows/Projet Unreal/RootsOfShadows/Content/Maps/TutorialIsland.umap'
[2019.11.24-22.14.59:315][930]LogAssetEditorManager: Opening Asset editor for Blueprint /Game/EnemyCharacter/Blueprints/MountainDragonCharacterBP.MountainDragonCharacterBP
[2019.11.24-22.14.59:700][930]LogContentBrowser: Native class hierarchy updated for 'BlueprintGraph' in 0.0012 seconds. Added 121 classes and 0 folders.
[2019.11.24-22.15.04:753][267]LogSlate: Window 'MountainDragonCharacterBP' being destroyed
[2019.11.24-22.15.04:828][267]LogAssetEditorManager: Opening Asset editor for Blueprint /Game/EnemyCharacter/Blueprints/MountainDragonCharacterBP.MountainDragonCharacterBP
[2019.11.24-22.15.05:287][267]LogSlate: Took 0.000389 seconds to synchronously load lazily loaded font '../../../Engine/Content/Slate/Fonts/Roboto-BoldCondensed.ttf' (158K)
[2019.11.24-22.15.06:771][348]LogRenderer: Reallocating scene render targets to support 1208x708 Format 9 NumSamples 1 (Frame:1).
[2019.11.24-22.15.34:011][320]LogSlate: FSceneViewport::OnFocusLost() reason 0
[2019.11.24-22.15.39:590][833]LogAIModule: Creating AISystem for world EmptyPersistent
[2019.11.24-22.15.39:594][833]LogAssetEditorManager: Opening Asset editor for World /Game/Maps/EmptyPersistent.EmptyPersistent
[2019.11.24-22.15.39:648][833]LogUObjectHash: Compacting FUObjectHashTables data took   5.47ms
[2019.11.24-22.15.39:650][833]LightingResults: New page: Lighting Build
[2019.11.24-22.15.39:651][833]LoadErrors: New page: Loading map: EmptyPersistent.umap
[2019.11.24-22.15.39:693][833]MapCheck: New page: Map Check
[2019.11.24-22.15.39:693][833]LightingResults: New page: Lighting Build
[2019.11.24-22.15.39:772][833]LogUObjectHash: Compacting FUObjectHashTables data took   5.77ms
[2019.11.24-22.15.39:776][833]LogStreaming: Display: ULevelStreaming::RequestLevel(/Game/Maps/CreateCharacter) is flushing async loading
[2019.11.24-22.15.39:776][833]LogStreaming: Display: Flushing async loaders.
[2019.11.24-22.15.39:780][833]LogLinker: Warning: Can't find file '/Game/Maps/CreateCharacter_BuiltData'
[2019.11.24-22.15.39:781][833]LogLinker: Warning: Can't find file for asset '/Game/Maps/CreateCharacter_BuiltData' while loading NULL.
[2019.11.24-22.15.39:788][833]LogLinker: Warning: Can't find file '/Game/Maps/CreateCharacter_BuiltData'
[2019.11.24-22.15.39:789][833]LogLinker: Warning: Can't find file for asset '/Game/Maps/CreateCharacter_BuiltData' while loading NULL.
[2019.11.24-22.15.39:806][833]LogLinker: Warning: Can't find file '/Game/Maps/CreateCharacter_BuiltData'
[2019.11.24-22.15.39:807][833]LogLinker: Warning: Can't find file for asset '/Game/Maps/CreateCharacter_BuiltData' while loading NULL.
[2019.11.24-22.15.39:807][833]LogLinker: Warning: Can't find file '/Game/Maps/CreateCharacter_BuiltData'
[2019.11.24-22.15.39:807][833]LogLinker: Warning: Can't find file for asset '/Game/Maps/CreateCharacter_BuiltData' while loading NULL.
[2019.11.24-22.15.39:808][833]LogLinker: Warning: Can't find file '/Game/Maps/CreateCharacter_BuiltData'
[2019.11.24-22.15.39:808][833]LogLinker: Warning: Can't find file for asset '/Game/Maps/CreateCharacter_BuiltData' while loading NULL.
[2019.11.24-22.15.39:809][833]LogLinker: Warning: Can't find file '/Game/Maps/CreateCharacter_BuiltData'
[2019.11.24-22.15.39:809][833]LogLinker: Warning: Can't find file for asset '/Game/Maps/CreateCharacter_BuiltData' while loading NULL.
[2019.11.24-22.15.39:821][833]LogLinker: Warning: Can't find file '/Game/Maps/CreateCharacter_BuiltData'
[2019.11.24-22.15.39:822][833]LoadErrors: Failed to load /Game/Maps/CreateCharacter_BuiltData.CreateCharacter_BuiltData Referenced by PersistentLevel
[2019.11.24-22.15.39:823][833]LogLinker: Warning: Can't find file for asset '/Game/Maps/CreateCharacter_BuiltData' while loading NULL.
[2019.11.24-22.15.39:897][833]LogStreaming: Display: ULevelStreaming::RequestLevel(/Game/Maps/Login) is flushing async loading
[2019.11.24-22.15.39:956][833]LogEditorServer: Finished looking for orphan Actors (0.000 secs)
[2019.11.24-22.15.40:015][833]LogUObjectHash: Compacting FUObjectHashTables data took   6.06ms
[2019.11.24-22.15.40:073][833]Cmd: MAP CHECKDEP NOCLEARLOG
[2019.11.24-22.15.40:073][833]MapCheck: Map check complete: 0 Error(s), 0 Warning(s), took 0,384ms to complete.
[2019.11.24-22.15.40:073][833]LogFileHelpers: Loading map 'EmptyPersistent' took 0.424
[2019.11.24-22.15.41:831][  6]LogSlate: Window 'Message Log' being destroyed
[2019.11.24-22.15.41:837][  6]LogSlate: Window 'Message Log' being destroyed
[2019.11.24-22.15.42:634][101]LogTemp: Repeating last play command: Selected Viewport
[2019.11.24-22.15.42:672][101]LogBlueprintUserMessages: Early PlayInEditor Detection: Level '/Game/Maps/EmptyPersistent.EmptyPersistent:PersistentLevel' has LevelScriptBlueprint '/Game/Maps/EmptyPersistent.EmptyPersistent:PersistentLevel.EmptyPersistent' with GeneratedClass '/Game/Maps/EmptyPersistent.EmptyPersistent_C' with ClassGeneratedBy '/Game/Maps/EmptyPersistent.EmptyPersistent:PersistentLevel.EmptyPersistent'
[2019.11.24-22.15.42:672][101]LogBlueprintUserMessages: Early PlayInEditor Detection: Level '/Game/Maps/CreateCharacter.CreateCharacter:PersistentLevel' has LevelScriptBlueprint '/Game/Maps/CreateCharacter.CreateCharacter:PersistentLevel.CreateCharacter' with GeneratedClass '/Game/Maps/CreateCharacter.CreateCharacter_C' with ClassGeneratedBy '/Game/Maps/CreateCharacter.CreateCharacter:PersistentLevel.CreateCharacter'
[2019.11.24-22.15.42:672][101]LogBlueprintUserMessages: Early PlayInEditor Detection: Level '/Game/Maps/Login.Login:PersistentLevel' has LevelScriptBlueprint '/Game/Maps/Login.Login:PersistentLevel.Login' with GeneratedClass '/Game/Maps/Login.Login_C' with ClassGeneratedBy '/Game/Maps/Login.Login:PersistentLevel.Login'
[2019.11.24-22.15.42:673][101]LogPlayLevel: PlayLevel: No blueprints needed recompiling
[2019.11.24-22.15.42:673][101]PIE: New page: PIE session: EmptyPersistent (2019-11-24 12:15:42)
[2019.11.24-22.15.42:688][101]LogPlayLevel: Creating play world package: /Game/Maps/UEDPIE_0_EmptyPersistent
[2019.11.24-22.15.42:692][101]LogPlayLevel: PIE: StaticDuplicateObject took: (0.002626s)
[2019.11.24-22.15.42:693][101]LogAIModule: Creating AISystem for world EmptyPersistent
[2019.11.24-22.15.42:693][101]LogPlayLevel: PIE: World Init took: (0.001316s)
[2019.11.24-22.15.42:693][101]LogPlayLevel: PIE: Created PIE world by copying editor world from /Game/Maps/EmptyPersistent.EmptyPersistent to /Game/Maps/UEDPIE_0_EmptyPersistent.EmptyPersistent (0.004968s)
[2019.11.24-22.15.42:738][101]LogUObjectHash: Compacting FUObjectHashTables data took   2.79ms
[2019.11.24-22.15.42:765][101]LogInit: XAudio2 using 'Speakers (Realtek High Definition Audio)' : 2 channels at 48 kHz using 32 bits per sample (channel mask 0x3)
[2019.11.24-22.15.42:806][101]LogInit: FAudioDevice initialized.
[2019.11.24-22.15.42:861][101]LogLoad: Game class is 'RootsOfShadowsGameMode'
[2019.11.24-22.15.42:868][101]LogWorld: Bringing World /Game/Maps/UEDPIE_0_EmptyPersistent.EmptyPersistent up for play (max tick rate 0) at 2019.11.24-17.15.42
[2019.11.24-22.15.42:868][101]LogWorld: Bringing up level for play took: 0.000648
[2019.11.24-22.15.42:887][101]LogBlueprintActionDatabase: Requesting refresh due to module change: Voice (loaded)
[2019.11.24-22.15.42:892][101]LogBlueprintActionDatabase: Requesting refresh due to module change: MovieSceneCapture (loaded)
[2019.11.24-22.15.42:893][101]LogContentBrowser: Native class hierarchy updated for 'MovieSceneCapture' in 0.0009 seconds. Added 20 classes and 0 folders.
[2019.11.24-22.15.42:895][101]PIE: Play in editor start time for /Game/Maps/UEDPIE_0_EmptyPersistent 1,119
[2019.11.24-22.15.42:895][101]LogBlueprintUserMessages: Late PlayInEditor Detection: Level '/Game/Maps/EmptyPersistent.EmptyPersistent:PersistentLevel' has LevelScriptBlueprint '/Game/Maps/EmptyPersistent.EmptyPersistent:PersistentLevel.EmptyPersistent' with GeneratedClass '/Game/Maps/EmptyPersistent.EmptyPersistent_C' with ClassGeneratedBy '/Game/Maps/EmptyPersistent.EmptyPersistent:PersistentLevel.EmptyPersistent'
[2019.11.24-22.15.42:895][101]LogBlueprintUserMessages: Late PlayInEditor Detection: Level '/Game/Maps/CreateCharacter.CreateCharacter:PersistentLevel' has LevelScriptBlueprint '/Game/Maps/CreateCharacter.CreateCharacter:PersistentLevel.CreateCharacter' with GeneratedClass '/Game/Maps/CreateCharacter.CreateCharacter_C' with ClassGeneratedBy '/Game/Maps/CreateCharacter.CreateCharacter:PersistentLevel.CreateCharacter'
[2019.11.24-22.15.42:895][101]LogBlueprintUserMessages: Late PlayInEditor Detection: Level '/Game/Maps/Login.Login:PersistentLevel' has LevelScriptBlueprint '/Game/Maps/Login.Login:PersistentLevel.Login' with GeneratedClass '/Game/Maps/Login.Login_C' with ClassGeneratedBy '/Game/Maps/Login.Login:PersistentLevel.Login'
[2019.11.24-22.15.55:218][909]LogNet: Browse: /Game/Maps/TutorialIsland
[2019.11.24-22.15.55:233][909]LogLoad: LoadMap: /Game/Maps/TutorialIsland
[2019.11.24-22.15.55:368][909]LogUObjectHash: Compacting FUObjectHashTables data took  10.37ms
[2019.11.24-22.15.58:150][909]LogAIModule: Creating AISystem for world TutorialIsland
[2019.11.24-22.15.58:151][909]LogLoad: Game class is 'MyRootsOfShadowsGameMode_C'
[2019.11.24-22.15.58:236][909]LogScript: Warning: Script Msg: Divide by zero detected: -119.999756 / 0
Script call stack:
	Function /Game/ParagonGideon/Characters/Heroes/Gideon/Gideon_AnimBlueprint.Gideon_AnimBlueprint_C:BlueprintUpdateAnimation
	Function /Game/ParagonGideon/Characters/Heroes/Gideon/Gideon_AnimBlueprint.Gideon_AnimBlueprint_C:ExecuteUbergraph_Gideon_AnimBlueprint

[2019.11.24-22.15.58:238][909]LogScript: Warning: Script Msg: Divide by zero detected: 0.000000 / 0
Script call stack:
	Function /Game/ParagonGreystone/Characters/Heroes/Greystone/Greystone_AnimBlueprint.Greystone_AnimBlueprint_C:BlueprintUpdateAnimation
	Function /Game/ParagonGreystone/Characters/Heroes/Greystone/Greystone_AnimBlueprint.Greystone_AnimBlueprint_C:ExecuteUbergraph_Greystone_AnimBlueprint

[2019.11.24-22.15.58:242][909]LogScript: Warning: Script Msg: Divide by zero detected: -140.000229 / 0
Script call stack:
	Function /Game/ParagonGreystone/Characters/Heroes/Greystone/Greystone_AnimBlueprint.Greystone_AnimBlueprint_C:BlueprintUpdateAnimation
	Function /Game/ParagonGreystone/Characters/Heroes/Greystone/Greystone_AnimBlueprint.Greystone_AnimBlueprint_C:ExecuteUbergraph_Greystone_AnimBlueprint

[2019.11.24-22.15.58:245][909]LogScript: Warning: Script Msg: Divide by zero detected: 0.000000 / 0
Script call stack:
	Function /Game/ParagonIggyScorch/Characters/Heroes/IggyScorch/IggyScorch_AnimBP.IggyScorch_AnimBP_C:BlueprintUpdateAnimation
	Function /Game/ParagonIggyScorch/Characters/Heroes/IggyScorch/IggyScorch_AnimBP.IggyScorch_AnimBP_C:ExecuteUbergraph_IggyScorch_AnimBP

[2019.11.24-22.15.58:246][909]LogScript: Warning: Script Msg: Divide by zero detected: 0.000000 / 0
Script call stack:
	Function /Game/ParagonRevenant/Characters/Heroes/Revenant/Revenant_AnimBlueprint.Revenant_AnimBlueprint_C:BlueprintUpdateAnimation
	Function /Game/ParagonRevenant/Characters/Heroes/Revenant/Revenant_AnimBlueprint.Revenant_AnimBlueprint_C:ExecuteUbergraph_Revenant_AnimBlueprint

[2019.11.24-22.15.58:256][909]LogScript: Warning: Script Msg: Divide by zero detected: 0.000000 / 0
Script call stack:
	Function /Game/ParagonBoris/Characters/Heroes/Boris/Boris_AnimBlueprint.Boris_AnimBlueprint_C:BlueprintUpdateAnimation
	Function /Game/ParagonBoris/Characters/Heroes/Boris/Boris_AnimBlueprint.Boris_AnimBlueprint_C:ExecuteUbergraph_Boris_AnimBlueprint

[2019.11.24-22.15.58:259][909]LogScript: Warning: Script Msg: Divide by zero detected: -149.999985 / 0
Script call stack:
	Function /Game/ParagonSparrow/Characters/Heroes/Sparrow/Sparrow_AnimBlueprint.Sparrow_AnimBlueprint_C:BlueprintUpdateAnimation
	Function /Game/ParagonSparrow/Characters/Heroes/Sparrow/Sparrow_AnimBlueprint.Sparrow_AnimBlueprint_C:ExecuteUbergraph_Sparrow_AnimBlueprint

[2019.11.24-22.15.58:276][909]LogScript: Warning: Script Msg: Divide by zero detected: 0.000000 / 0
Script call stack:
	Function /Game/ParagonSparrow/Characters/Heroes/Sparrow/Sparrow_AnimBlueprint.Sparrow_AnimBlueprint_C:BlueprintUpdateAnimation
	Function /Game/ParagonSparrow/Characters/Heroes/Sparrow/Sparrow_AnimBlueprint.Sparrow_AnimBlueprint_C:ExecuteUbergraph_Sparrow_AnimBlueprint

[2019.11.24-22.15.58:496][909]LogWorld: Bringing World /Game/Maps/UEDPIE_0_TutorialIsland.TutorialIsland up for play (max tick rate 0) at 2019.11.24-17.15.58
[2019.11.24-22.15.58:531][909]LogWorld: Bringing up level for play took: 0.380025
[2019.11.24-22.15.58:730][909]LogScript: Warning: Script Msg: Divide by zero detected: 90.000114 / 0
Script call stack:
	Function /Game/ParagonAurora/Characters/Heroes/Aurora/Aurora_AnimBlueprint.Aurora_AnimBlueprint_C:BlueprintUpdateAnimation
	Function /Game/ParagonAurora/Characters/Heroes/Aurora/Aurora_AnimBlueprint.Aurora_AnimBlueprint_C:ExecuteUbergraph_Aurora_AnimBlueprint

[2019.11.24-22.15.58:755][909]LogSlate: Updating window title bar state: overlay mode, drag disabled, window buttons hidden, title bar hidden
[2019.11.24-22.15.58:758][909]LogBlueprintUserMessages: [MainGUI_C_0] 0.0
[2019.11.24-22.15.58:759][909]LogBlueprintUserMessages: [MainGUI_C_0] 1.0
[2019.11.24-22.15.58:759][909]LogLoad: Took 3.526661 seconds to LoadMap(/Game/Maps/TutorialIsland)
[2019.11.24-22.15.58:875][910]LogCharacterMovement: Warning: GetSimulationTimeStep() - Max iterations 8 hit while remaining time 0.100000 > MaxSimulationTimeStep (0.050) for 'MountainDragonCharacterBP10_29', movement 'Walking'
[2019.11.24-22.15.58:877][910]LogCharacterMovement: Warning: GetSimulationTimeStep() - Max iterations 8 hit while remaining time 0.096171 > MaxSimulationTimeStep (0.050) for 'GruntingBossCharacterBP2_2', movement 'Walking'
[2019.11.24-22.15.58:877][910]LogCharacterMovement: Warning: GetSimulationTimeStep() - Max iterations 8 hit while remaining time 0.073710 > MaxSimulationTimeStep (0.050) for 'GruntingBossCharacterBP3_5', movement 'Walking'
[2019.11.24-22.16.00:821][987]LogParticles: Warning: Particle Notify: Particle system is null for particle notify 'PlayParticleEffect' in anim: '/Game/ParagonGideon/Characters/Heroes/Gideon/Animations/LevelStart_Montage.LevelStart_Montage'
[2019.11.24-22.16.00:822][987]LogParticles: Warning: Particle Notify: Particle system is null for particle notify 'PlayParticleEffect' in anim: '/Game/ParagonGreystone/Characters/Heroes/Greystone/Animations/LevelStart_Montage.LevelStart_Montage'
[2019.11.24-22.16.00:822][987]LogParticles: Warning: Particle Notify: Particle system is null for particle notify 'PlayParticleEffect' in anim: '/Game/ParagonGreystone/Characters/Heroes/Greystone/Animations/LevelStart_Montage.LevelStart_Montage'
[2019.11.24-22.16.00:822][987]LogParticles: Warning: Particle Notify: Particle system is null for particle notify 'PlayParticleEffect' in anim: '/Game/ParagonRevenant/Characters/Heroes/Revenant/Animations/LevelStart_Montage.LevelStart_Montage'
[2019.11.24-22.16.00:822][987]LogParticles: Warning: Particle Notify: Particle system is null for particle notify 'PlayParticleEffect' in anim: '/Game/ParagonBoris/Characters/Heroes/Boris/Animations/LevelStart_Montage.LevelStart_Montage'
[2019.11.24-22.16.00:822][987]LogParticles: Warning: Particle Notify: Particle system is null for particle notify 'PlayParticleEffect' in anim: '/Game/ParagonSparrow/Characters/Heroes/Sparrow/Animations/LevelStart_Montage.LevelStart_Montage'
[2019.11.24-22.16.00:822][987]LogParticles: Warning: Particle Notify: Particle system is null for particle notify 'PlayParticleEffect' in anim: '/Game/ParagonSparrow/Characters/Heroes/Sparrow/Animations/LevelStart_Montage.LevelStart_Montage'
[2019.11.24-22.16.01:562][ 20]LogNavigation: Error: Recast: GenerateNavigationData: Failed to generate poly mesh.
[2019.11.24-22.16.03:460][104]LogBlueprintUserMessages: [MainGUI_C_0] 1.0
[2019.11.24-22.16.08:460][334]LogBlueprintUserMessages: [MainGUI_C_0] 1.0
[2019.11.24-22.16.13:476][573]LogBlueprintUserMessages: [MainGUI_C_0] 1.0
[2019.11.24-22.16.18:480][803]LogBlueprintUserMessages: [MainGUI_C_0] 1.0
[2019.11.24-22.16.23:499][ 42]LogBlueprintUserMessages: [MainGUI_C_0] 1.0
[2019.11.24-22.16.28:506][238]LogBlueprintUserMessages: [MainGUI_C_0] 1.0
[2019.11.24-22.16.33:535][371]LogBlueprintUserMessages: [MainGUI_C_0] 1.0
[2019.11.24-22.16.38:412][539]LogSlate: FSceneViewport::OnFocusLost() reason 0
[2019.11.24-22.16.38:476][542]LogBlueprintUserMessages: Early EndPlayMap Detection: Level '/Game/Maps/EmptyPersistent.EmptyPersistent:PersistentLevel' has LevelScriptBlueprint '/Game/Maps/EmptyPersistent.EmptyPersistent:PersistentLevel.EmptyPersistent' with GeneratedClass '/Game/Maps/EmptyPersistent.EmptyPersistent_C' with ClassGeneratedBy '/Game/Maps/EmptyPersistent.EmptyPersistent:PersistentLevel.EmptyPersistent'
[2019.11.24-22.16.38:479][542]LogBlueprintUserMessages: Early EndPlayMap Detection: Level '/Game/Maps/CreateCharacter.CreateCharacter:PersistentLevel' has LevelScriptBlueprint '/Game/Maps/CreateCharacter.CreateCharacter:PersistentLevel.CreateCharacter' with GeneratedClass '/Game/Maps/CreateCharacter.CreateCharacter_C' with ClassGeneratedBy '/Game/Maps/CreateCharacter.CreateCharacter:PersistentLevel.CreateCharacter'
[2019.11.24-22.16.38:481][542]LogBlueprintUserMessages: Early EndPlayMap Detection: Level '/Game/Maps/Login.Login:PersistentLevel' has LevelScriptBlueprint '/Game/Maps/Login.Login:PersistentLevel.Login' with GeneratedClass '/Game/Maps/Login.Login_C' with ClassGeneratedBy '/Game/Maps/Login.Login:PersistentLevel.Login'
[2019.11.24-22.16.38:484][542]LogSlate: Updating window title bar state: overlay mode, drag disabled, window buttons hidden, title bar hidden
[2019.11.24-22.16.38:683][542]LogPlayLevel: Display: Shutting down PIE online subsystems
[2019.11.24-22.16.38:683][542]LogBlueprintUserMessages: Late EndPlayMap Detection: Level '/Game/Maps/EmptyPersistent.EmptyPersistent:PersistentLevel' has LevelScriptBlueprint '/Game/Maps/EmptyPersistent.EmptyPersistent:PersistentLevel.EmptyPersistent' with GeneratedClass '/Game/Maps/EmptyPersistent.EmptyPersistent_C' with ClassGeneratedBy '/Game/Maps/EmptyPersistent.EmptyPersistent:PersistentLevel.EmptyPersistent'
[2019.11.24-22.16.38:683][542]LogBlueprintUserMessages: Late EndPlayMap Detection: Level '/Game/Maps/CreateCharacter.CreateCharacter:PersistentLevel' has LevelScriptBlueprint '/Game/Maps/CreateCharacter.CreateCharacter:PersistentLevel.CreateCharacter' with GeneratedClass '/Game/Maps/CreateCharacter.CreateCharacter_C' with ClassGeneratedBy '/Game/Maps/CreateCharacter.CreateCharacter:PersistentLevel.CreateCharacter'
[2019.11.24-22.16.38:683][542]LogBlueprintUserMessages: Late EndPlayMap Detection: Level '/Game/Maps/Login.Login:PersistentLevel' has LevelScriptBlueprint '/Game/Maps/Login.Login:PersistentLevel.Login' with GeneratedClass '/Game/Maps/Login.Login_C' with ClassGeneratedBy '/Game/Maps/Login.Login:PersistentLevel.Login'
[2019.11.24-22.16.38:760][542]LogSlate: Updating window title bar state: overlay mode, drag disabled, window buttons hidden, title bar hidden
[2019.11.24-22.16.38:803][542]LogUObjectHash: Compacting FUObjectHashTables data took   6.40ms
[2019.11.24-22.16.38:825][543]LogPlayLevel: Display: Destroying online subsystem :Context_21
